[0.010s] Invoking command in '/home/liang/me332_ws/build/gazebo_grasp_plugin_ros': AMENT_PREFIX_PATH=/home/liang/me332_ws/install/gazebo_grasp_plugin:/home/liang/me332_ws/install/gazebo_version_helpers:${AMENT_PREFIX_PATH} CMAKE_PREFIX_PATH=/home/liang/me332_ws/install/gazebo_grasp_plugin:/home/liang/me332_ws/install/gazebo_version_helpers:/opt/ros/humble LD_LIBRARY_PATH=/home/liang/me332_ws/install/gazebo_grasp_plugin/lib:/home/liang/me332_ws/install/gazebo_version_helpers/lib:${LD_LIBRARY_PATH} /usr/bin/cmake /home/liang/me332_ws/src/gazebo-pkgs-humble/gazebo_grasp_plugin_ros -DCMAKE_INSTALL_PREFIX=/home/liang/me332_ws/install/gazebo_grasp_plugin_ros
[0.052s] -- The C compiler identification is GNU 11.4.0
[0.098s] -- The CXX compiler identification is GNU 11.4.0
[0.104s] -- Detecting C compiler ABI info
[0.167s] -- Detecting C compiler ABI info - done
[0.171s] -- Check for working C compiler: /usr/bin/cc - skipped
[0.172s] -- Detecting C compile features
[0.172s] -- Detecting C compile features - done
[0.174s] -- Detecting CXX compiler ABI info
[0.243s] -- Detecting CXX compiler ABI info - done
[0.250s] -- Check for working CXX compiler: /usr/bin/c++ - skipped
[0.250s] -- Detecting CXX compile features
[0.250s] -- Detecting CXX compile features - done
[0.252s] -- Found ament_cmake: 1.3.12 (/opt/ros/humble/share/ament_cmake/cmake)
[0.359s] -- Found Python3: /usr/bin/python3 (found version "3.10.12") found components: Interpreter 
[0.424s] -- Found rclcpp: 16.0.16 (/opt/ros/humble/share/rclcpp/cmake)
[0.455s] -- Found rosidl_generator_c: 3.1.7 (/opt/ros/humble/share/rosidl_generator_c/cmake)
[0.458s] -- Found rosidl_adapter: 3.1.7 (/opt/ros/humble/share/rosidl_adapter/cmake)
[0.464s] -- Found rosidl_generator_cpp: 3.1.7 (/opt/ros/humble/share/rosidl_generator_cpp/cmake)
[0.473s] -- Using all available rosidl_typesupport_c: rosidl_typesupport_fastrtps_c;rosidl_typesupport_introspection_c
[0.484s] -- Using all available rosidl_typesupport_cpp: rosidl_typesupport_fastrtps_cpp;rosidl_typesupport_introspection_cpp
[0.515s] -- Found rmw_implementation_cmake: 6.1.2 (/opt/ros/humble/share/rmw_implementation_cmake/cmake)
[0.517s] -- Found rmw_fastrtps_cpp: 6.2.9 (/opt/ros/humble/share/rmw_fastrtps_cpp/cmake)
[0.590s] -- Found OpenSSL: /usr/lib/x86_64-linux-gnu/libcrypto.so (found version "3.0.2")  
[0.611s] -- Found FastRTPS: /opt/ros/humble/include  
[0.642s] -- Using RMW implementation 'rmw_fastrtps_cpp' as default
[0.648s] -- Looking for pthread.h
[0.702s] -- Looking for pthread.h - found
[0.703s] -- Performing Test CMAKE_HAVE_LIBC_PTHREAD
[0.764s] -- Performing Test CMAKE_HAVE_LIBC_PTHREAD - Success
[0.765s] -- Found Threads: TRUE  
[0.800s] -- Found gazebo_dev: 3.9.0 (/opt/ros/humble/share/gazebo_dev/cmake)
[0.806s] -- Found PkgConfig: /usr/bin/pkg-config (found version "0.29.2") 
[0.807s] -- Checking for module 'bullet>=2.82'
[0.818s] --   Found bullet, version 3.05
[0.909s] -- Found fcl: /usr/include (found suitable version "0.7.0", minimum required is "0.5.0") 
[0.956s] -- Found assimp: /usr/include (found version "5.2.0") 
[0.968s] -- Found DART: /usr/include (Required is at least version "6.6") found components: dart 
[0.990s] -- Found Boost: /usr/lib/x86_64-linux-gnu/cmake/Boost-1.74.0/BoostConfig.cmake (found suitable version "1.74.0", minimum required is "1.40.0") found components: thread system filesystem program_options regex iostreams date_time 
[1.001s] -- Found Protobuf: /usr/lib/x86_64-linux-gnu/libprotobuf.so (found version "3.12.4") 
[1.006s] -- Looking for ignition-math6 -- found version 6.15.1
[1.011s] -- Searching for dependencies of ignition-math6
[1.011s] -- Looking for OGRE...
[1.011s] -- OGRE_PREFIX_WATCH changed.
[1.017s] -- Checking for module 'OGRE'
[1.028s] --   Found OGRE, version 1.9.0
[1.058s] -- Found Ogre Ghadamon (1.9.0)
[1.063s] -- Found OGRE: optimized;/usr/lib/x86_64-linux-gnu/libOgreMain.so;debug;/usr/lib/x86_64-linux-gnu/libOgreMain.so
[1.071s] -- Looking for OGRE_Paging...
[1.074s] -- Found OGRE_Paging: optimized;/usr/lib/x86_64-linux-gnu/libOgrePaging.so;debug;/usr/lib/x86_64-linux-gnu/libOgrePaging.so
[1.075s] -- Looking for OGRE_Terrain...
[1.078s] -- Found OGRE_Terrain: optimized;/usr/lib/x86_64-linux-gnu/libOgreTerrain.so;debug;/usr/lib/x86_64-linux-gnu/libOgreTerrain.so
[1.078s] -- Looking for OGRE_Property...
[1.081s] -- Found OGRE_Property: optimized;/usr/lib/x86_64-linux-gnu/libOgreProperty.so;debug;/usr/lib/x86_64-linux-gnu/libOgreProperty.so
[1.081s] -- Looking for OGRE_RTShaderSystem...
[1.085s] -- Found OGRE_RTShaderSystem: optimized;/usr/lib/x86_64-linux-gnu/libOgreRTShaderSystem.so;debug;/usr/lib/x86_64-linux-gnu/libOgreRTShaderSystem.so
[1.085s] -- Looking for OGRE_Volume...
[1.088s] -- Found OGRE_Volume: optimized;/usr/lib/x86_64-linux-gnu/libOgreVolume.so;debug;/usr/lib/x86_64-linux-gnu/libOgreVolume.so
[1.088s] -- Looking for OGRE_Overlay...
[1.092s] -- Found OGRE_Overlay: optimized;/usr/lib/x86_64-linux-gnu/libOgreOverlay.so;debug;/usr/lib/x86_64-linux-gnu/libOgreOverlay.so
[1.164s] -- Looking for ignition-math6 -- found version 6.15.1
[1.165s] -- Looking for ignition-transport8 -- found version 8.2.1
[1.165s] -- Searching for dependencies of ignition-transport8
[1.179s] -- Found Protobuf: /usr/lib/x86_64-linux-gnu/libprotobuf.so (found suitable version "3.12.4", minimum required is "3") 
[1.186s] -- Config-file not installed for ZeroMQ -- checking for pkg-config
[1.191s] -- Checking for module 'libzmq >= 4'
[1.203s] --   Found libzmq , version 4.3.4
[1.238s] -- Found ZeroMQ: TRUE (Required is at least version "4") 
[1.244s] -- Checking for module 'uuid'
[1.255s] --   Found uuid, version 2.37.2
[1.286s] -- Found UUID: TRUE  
[1.288s] -- Looking for ignition-msgs5 -- found version 5.8.1
[1.288s] -- Searching for dependencies of ignition-msgs5
[1.303s] -- Looking for ignition-math6 -- found version 6.15.1
[1.307s] -- Checking for module 'tinyxml2'
[1.319s] --   Found tinyxml2, version 9.0.0
[1.350s] -- Looking for ignition-msgs5 -- found version 5.8.1
[1.351s] -- Looking for ignition-common3 -- found version 3.14.0
[1.352s] -- Searching for dependencies of ignition-common3
[1.352s] -- Looking for dlfcn.h - found
[1.352s] -- Looking for libdl - found
[1.353s] -- Found DL: TRUE  
[1.365s] -- Found tinyobjloader: /usr/lib/x86_64-linux-gnu/cmake/tinyobjloader/tinyobjloader-config.cmake (found version "2.0.0") 
[1.366s] -- Searching for <ignition-common3> component [graphics]
[1.367s] -- Looking for ignition-common3-graphics -- found version 3.14.0
[1.368s] -- Searching for dependencies of ignition-common3-graphics
[1.368s] -- Looking for ignition-math6 -- found version 6.15.1
[1.370s] -- Looking for ignition-fuel_tools4 -- found version 4.4.0
[1.370s] -- Searching for dependencies of ignition-fuel_tools4
[1.443s] -- Found CURL: /usr/lib/x86_64-linux-gnu/libcurl.so (found version "7.81.0")  
[1.451s] -- Checking for module 'jsoncpp'
[1.464s] --   Found jsoncpp, version 1.9.5
[1.494s] -- Found JSONCPP: TRUE  
[1.499s] -- Checking for module 'libzip'
[1.511s] --   Found libzip, version 1.7.3
[1.541s] -- Found ZIP: TRUE  
[1.541s] -- Looking for ignition-common3 -- found version 3.14.0
[1.542s] -- Looking for ignition-math6 -- found version 6.15.1
[1.542s] -- Looking for ignition-msgs5 -- found version 5.8.1
[1.546s] -- Gazebo version: 11.10
[1.546s] -- Checking for module 'tbb'
[1.558s] --   Found tbb, version 2021.5.0
[1.590s] -- Found gazebo_ros: 3.9.0 (/opt/ros/humble/share/gazebo_ros/cmake)
[1.593s] -- Found gazebo_msgs: 3.9.0 (/opt/ros/humble/share/gazebo_msgs/cmake)
[1.628s] -- Found gazebo_grasp_plugin: 1.0.2 (/home/liang/me332_ws/install/gazebo_grasp_plugin/share/gazebo_grasp_plugin/cmake)
[1.685s] -- Configuring done
[1.698s] -- Generating done
[1.702s] -- Build files have been written to: /home/liang/me332_ws/build/gazebo_grasp_plugin_ros
[1.712s] Invoked command in '/home/liang/me332_ws/build/gazebo_grasp_plugin_ros' returned '0': AMENT_PREFIX_PATH=/home/liang/me332_ws/install/gazebo_grasp_plugin:/home/liang/me332_ws/install/gazebo_version_helpers:${AMENT_PREFIX_PATH} CMAKE_PREFIX_PATH=/home/liang/me332_ws/install/gazebo_grasp_plugin:/home/liang/me332_ws/install/gazebo_version_helpers:/opt/ros/humble LD_LIBRARY_PATH=/home/liang/me332_ws/install/gazebo_grasp_plugin/lib:/home/liang/me332_ws/install/gazebo_version_helpers/lib:${LD_LIBRARY_PATH} /usr/bin/cmake /home/liang/me332_ws/src/gazebo-pkgs-humble/gazebo_grasp_plugin_ros -DCMAKE_INSTALL_PREFIX=/home/liang/me332_ws/install/gazebo_grasp_plugin_ros
[1.714s] Invoking command in '/home/liang/me332_ws/build/gazebo_grasp_plugin_ros': AMENT_PREFIX_PATH=/home/liang/me332_ws/install/gazebo_grasp_plugin:/home/liang/me332_ws/install/gazebo_version_helpers:${AMENT_PREFIX_PATH} CMAKE_PREFIX_PATH=/home/liang/me332_ws/install/gazebo_grasp_plugin:/home/liang/me332_ws/install/gazebo_version_helpers:/opt/ros/humble LD_LIBRARY_PATH=/home/liang/me332_ws/install/gazebo_grasp_plugin/lib:/home/liang/me332_ws/install/gazebo_version_helpers/lib:${LD_LIBRARY_PATH} /usr/bin/cmake --build /home/liang/me332_ws/build/gazebo_grasp_plugin_ros -- -j20 -l20
[1.757s] [ 50%] [32mBuilding CXX object CMakeFiles/grasp_event_republisher.dir/src/grasp_event_republisher.cpp.o[0m
[9.400s] [100%] [32m[1mLinking CXX executable grasp_event_republisher[0m
[9.949s] [100%] Built target grasp_event_republisher
[9.960s] Invoked command in '/home/liang/me332_ws/build/gazebo_grasp_plugin_ros' returned '0': AMENT_PREFIX_PATH=/home/liang/me332_ws/install/gazebo_grasp_plugin:/home/liang/me332_ws/install/gazebo_version_helpers:${AMENT_PREFIX_PATH} CMAKE_PREFIX_PATH=/home/liang/me332_ws/install/gazebo_grasp_plugin:/home/liang/me332_ws/install/gazebo_version_helpers:/opt/ros/humble LD_LIBRARY_PATH=/home/liang/me332_ws/install/gazebo_grasp_plugin/lib:/home/liang/me332_ws/install/gazebo_version_helpers/lib:${LD_LIBRARY_PATH} /usr/bin/cmake --build /home/liang/me332_ws/build/gazebo_grasp_plugin_ros -- -j20 -l20
[9.964s] Invoking command in '/home/liang/me332_ws/build/gazebo_grasp_plugin_ros': AMENT_PREFIX_PATH=/home/liang/me332_ws/install/gazebo_grasp_plugin:/home/liang/me332_ws/install/gazebo_version_helpers:${AMENT_PREFIX_PATH} CMAKE_PREFIX_PATH=/home/liang/me332_ws/install/gazebo_grasp_plugin:/home/liang/me332_ws/install/gazebo_version_helpers:/opt/ros/humble LD_LIBRARY_PATH=/home/liang/me332_ws/install/gazebo_grasp_plugin/lib:/home/liang/me332_ws/install/gazebo_version_helpers/lib:${LD_LIBRARY_PATH} /usr/bin/cmake --install /home/liang/me332_ws/build/gazebo_grasp_plugin_ros
[9.974s] -- Install configuration: ""
[9.974s] -- Installing: /home/liang/me332_ws/install/gazebo_grasp_plugin_ros/lib/gazebo_grasp_plugin_ros/grasp_event_republisher
[9.977s] -- Set runtime path of "/home/liang/me332_ws/install/gazebo_grasp_plugin_ros/lib/gazebo_grasp_plugin_ros/grasp_event_republisher" to ""
[9.977s] -- Installing: /home/liang/me332_ws/install/gazebo_grasp_plugin_ros/share/ament_index/resource_index/package_run_dependencies/gazebo_grasp_plugin_ros
[9.977s] -- Installing: /home/liang/me332_ws/install/gazebo_grasp_plugin_ros/share/ament_index/resource_index/parent_prefix_path/gazebo_grasp_plugin_ros
[9.977s] -- Installing: /home/liang/me332_ws/install/gazebo_grasp_plugin_ros/share/gazebo_grasp_plugin_ros/environment/ament_prefix_path.sh
[9.977s] -- Installing: /home/liang/me332_ws/install/gazebo_grasp_plugin_ros/share/gazebo_grasp_plugin_ros/environment/ament_prefix_path.dsv
[9.977s] -- Installing: /home/liang/me332_ws/install/gazebo_grasp_plugin_ros/share/gazebo_grasp_plugin_ros/environment/path.sh
[9.978s] -- Installing: /home/liang/me332_ws/install/gazebo_grasp_plugin_ros/share/gazebo_grasp_plugin_ros/environment/path.dsv
[9.978s] -- Installing: /home/liang/me332_ws/install/gazebo_grasp_plugin_ros/share/gazebo_grasp_plugin_ros/local_setup.bash
[9.978s] -- Installing: /home/liang/me332_ws/install/gazebo_grasp_plugin_ros/share/gazebo_grasp_plugin_ros/local_setup.sh
[9.978s] -- Installing: /home/liang/me332_ws/install/gazebo_grasp_plugin_ros/share/gazebo_grasp_plugin_ros/local_setup.zsh
[9.978s] -- Installing: /home/liang/me332_ws/install/gazebo_grasp_plugin_ros/share/gazebo_grasp_plugin_ros/local_setup.dsv
[9.978s] -- Installing: /home/liang/me332_ws/install/gazebo_grasp_plugin_ros/share/gazebo_grasp_plugin_ros/package.dsv
[9.978s] -- Installing: /home/liang/me332_ws/install/gazebo_grasp_plugin_ros/share/ament_index/resource_index/packages/gazebo_grasp_plugin_ros
[9.978s] -- Installing: /home/liang/me332_ws/install/gazebo_grasp_plugin_ros/share/gazebo_grasp_plugin_ros/cmake/gazebo_grasp_plugin_rosConfig.cmake
[9.978s] -- Installing: /home/liang/me332_ws/install/gazebo_grasp_plugin_ros/share/gazebo_grasp_plugin_ros/cmake/gazebo_grasp_plugin_rosConfig-version.cmake
[9.978s] -- Installing: /home/liang/me332_ws/install/gazebo_grasp_plugin_ros/share/gazebo_grasp_plugin_ros/package.xml
[9.981s] Invoked command in '/home/liang/me332_ws/build/gazebo_grasp_plugin_ros' returned '0': AMENT_PREFIX_PATH=/home/liang/me332_ws/install/gazebo_grasp_plugin:/home/liang/me332_ws/install/gazebo_version_helpers:${AMENT_PREFIX_PATH} CMAKE_PREFIX_PATH=/home/liang/me332_ws/install/gazebo_grasp_plugin:/home/liang/me332_ws/install/gazebo_version_helpers:/opt/ros/humble LD_LIBRARY_PATH=/home/liang/me332_ws/install/gazebo_grasp_plugin/lib:/home/liang/me332_ws/install/gazebo_version_helpers/lib:${LD_LIBRARY_PATH} /usr/bin/cmake --install /home/liang/me332_ws/build/gazebo_grasp_plugin_ros
