[0.414s] Invoking command in '/home/liang/me332_ws/src/me332_teleop': PYTHONPATH=/home/liang/me332_ws/build/me332_teleop/prefix_override:/usr/lib/python3/dist-packages/colcon_core/task/python/colcon_distutils_commands:/home/liang/me332_ws/install/me332_teleop/lib/python3.10/site-packages:${PYTHONPATH} /usr/bin/python3 -W ignore:setup.py install is deprecated -W ignore:easy_install command is deprecated setup.py egg_info --egg-base ../../build/me332_teleop build --build-base /home/liang/me332_ws/build/me332_teleop/build install --record /home/liang/me332_ws/build/me332_teleop/install.log --single-version-externally-managed install_data
[0.567s] running egg_info
[0.567s] writing ../../build/me332_teleop/me332_teleop.egg-info/PKG-INFO
[0.567s] writing dependency_links to ../../build/me332_teleop/me332_teleop.egg-info/dependency_links.txt
[0.567s] writing entry points to ../../build/me332_teleop/me332_teleop.egg-info/entry_points.txt
[0.567s] writing requirements to ../../build/me332_teleop/me332_teleop.egg-info/requires.txt
[0.567s] writing top-level names to ../../build/me332_teleop/me332_teleop.egg-info/top_level.txt
[0.569s] reading manifest file '../../build/me332_teleop/me332_teleop.egg-info/SOURCES.txt'
[0.569s] writing manifest file '../../build/me332_teleop/me332_teleop.egg-info/SOURCES.txt'
[0.569s] running build
[0.569s] running build_py
[0.569s] running install
[0.570s] running install_lib
[0.570s] running install_data
[0.571s] running install_egg_info
[0.572s] removing '/home/liang/me332_ws/install/me332_teleop/lib/python3.10/site-packages/me332_teleop-0.0.0-py3.10.egg-info' (and everything under it)
[0.572s] Copying ../../build/me332_teleop/me332_teleop.egg-info to /home/liang/me332_ws/install/me332_teleop/lib/python3.10/site-packages/me332_teleop-0.0.0-py3.10.egg-info
[0.572s] running install_scripts
[0.586s] Installing teleop_gesture script to /home/liang/me332_ws/install/me332_teleop/lib/me332_teleop
[0.586s] Installing teleop_keyboard script to /home/liang/me332_ws/install/me332_teleop/lib/me332_teleop
[0.586s] Installing teleop_voice script to /home/liang/me332_ws/install/me332_teleop/lib/me332_teleop
[0.587s] writing list of installed files to '/home/liang/me332_ws/build/me332_teleop/install.log'
[0.602s] Invoked command in '/home/liang/me332_ws/src/me332_teleop' returned '0': PYTHONPATH=/home/liang/me332_ws/build/me332_teleop/prefix_override:/usr/lib/python3/dist-packages/colcon_core/task/python/colcon_distutils_commands:/home/liang/me332_ws/install/me332_teleop/lib/python3.10/site-packages:${PYTHONPATH} /usr/bin/python3 -W ignore:setup.py install is deprecated -W ignore:easy_install command is deprecated setup.py egg_info --egg-base ../../build/me332_teleop build --build-base /home/liang/me332_ws/build/me332_teleop/build install --record /home/liang/me332_ws/build/me332_teleop/install.log --single-version-externally-managed install_data
