running egg_info
writing ../../build/me332_teleop/me332_teleop.egg-info/PKG-INFO
writing dependency_links to ../../build/me332_teleop/me332_teleop.egg-info/dependency_links.txt
writing entry points to ../../build/me332_teleop/me332_teleop.egg-info/entry_points.txt
writing requirements to ../../build/me332_teleop/me332_teleop.egg-info/requires.txt
writing top-level names to ../../build/me332_teleop/me332_teleop.egg-info/top_level.txt
reading manifest file '../../build/me332_teleop/me332_teleop.egg-info/SOURCES.txt'
writing manifest file '../../build/me332_teleop/me332_teleop.egg-info/SOURCES.txt'
running build
running build_py
running install
running install_lib
running install_data
running install_egg_info
removing '/home/liang/me332_ws/install/me332_teleop/lib/python3.10/site-packages/me332_teleop-0.0.0-py3.10.egg-info' (and everything under it)
Copying ../../build/me332_teleop/me332_teleop.egg-info to /home/liang/me332_ws/install/me332_teleop/lib/python3.10/site-packages/me332_teleop-0.0.0-py3.10.egg-info
running install_scripts
Installing teleop_gesture script to /home/liang/me332_ws/install/me332_teleop/lib/me332_teleop
Installing teleop_keyboard script to /home/liang/me332_ws/install/me332_teleop/lib/me332_teleop
Installing teleop_voice script to /home/liang/me332_ws/install/me332_teleop/lib/me332_teleop
writing list of installed files to '/home/liang/me332_ws/build/me332_teleop/install.log'
