-- Install configuration: ""
-- Up-to-date: /home/liang/me332_ws/install/me332_robot_description/share/me332_robot_description/urdf
-- Up-to-date: /home/liang/me332_ws/install/me332_robot_description/share/me332_robot_description/urdf/robot.xacro
-- Up-to-date: /home/liang/me332_ws/install/me332_robot_description/share/me332_robot_description/launch
-- Up-to-date: /home/liang/me332_ws/install/me332_robot_description/share/me332_robot_description/launch/navigation.launch.py
-- Up-to-date: /home/liang/me332_ws/install/me332_robot_description/share/me332_robot_description/launch/mapping.launch.py
-- Up-to-date: /home/liang/me332_ws/install/me332_robot_description/share/me332_robot_description/launch/gazebo_robot.launch.py
-- Up-to-date: /home/liang/me332_ws/install/me332_robot_description/share/me332_robot_description/config
-- Up-to-date: /home/liang/me332_ws/install/me332_robot_description/share/me332_robot_description/config/me332_mm_controllers.yaml
-- Installing: /home/liang/me332_ws/install/me332_robot_description/share/me332_robot_description/config/nav2_params.yaml
-- Up-to-date: /home/liang/me332_ws/install/me332_robot_description/share/me332_robot_description/scripts
-- Up-to-date: /home/liang/me332_ws/install/me332_robot_description/share/me332_robot_description/scripts/nav2_rviz_config.rviz
-- Up-to-date: /home/liang/me332_ws/install/me332_robot_description/share/me332_robot_description/scripts/cleanup_gazebo.sh
-- Up-to-date: /home/liang/me332_ws/install/me332_robot_description/share/me332_robot_description/worlds
-- Up-to-date: /home/liang/me332_ws/install/me332_robot_description/share/me332_robot_description/worlds/me332_final_project_6_0_classic.world
-- Up-to-date: /home/liang/me332_ws/install/me332_robot_description/share/me332_robot_description/worlds/me332_world.world
-- Up-to-date: /home/liang/me332_ws/install/me332_robot_description/share/me332_robot_description/maps
-- Up-to-date: /home/liang/me332_ws/install/me332_robot_description/share/me332_robot_description/maps/me332_final_project_6_0_classic.pgm
-- Up-to-date: /home/liang/me332_ws/install/me332_robot_description/share/me332_robot_description/maps/me332_final_project_6_0_classic.yaml
-- Up-to-date: /home/liang/me332_ws/install/me332_robot_description/share/me332_robot_description/maps/me332_world.yaml
-- Up-to-date: /home/liang/me332_ws/install/me332_robot_description/share/me332_robot_description/maps/me332_world.pgm
-- Up-to-date: /home/liang/me332_ws/install/me332_robot_description/share/ament_index/resource_index/package_run_dependencies/me332_robot_description
-- Up-to-date: /home/liang/me332_ws/install/me332_robot_description/share/ament_index/resource_index/parent_prefix_path/me332_robot_description
-- Up-to-date: /home/liang/me332_ws/install/me332_robot_description/share/me332_robot_description/environment/ament_prefix_path.sh
-- Up-to-date: /home/liang/me332_ws/install/me332_robot_description/share/me332_robot_description/environment/ament_prefix_path.dsv
-- Up-to-date: /home/liang/me332_ws/install/me332_robot_description/share/me332_robot_description/environment/path.sh
-- Up-to-date: /home/liang/me332_ws/install/me332_robot_description/share/me332_robot_description/environment/path.dsv
-- Up-to-date: /home/liang/me332_ws/install/me332_robot_description/share/me332_robot_description/local_setup.bash
-- Up-to-date: /home/liang/me332_ws/install/me332_robot_description/share/me332_robot_description/local_setup.sh
-- Up-to-date: /home/liang/me332_ws/install/me332_robot_description/share/me332_robot_description/local_setup.zsh
-- Up-to-date: /home/liang/me332_ws/install/me332_robot_description/share/me332_robot_description/local_setup.dsv
-- Installing: /home/liang/me332_ws/install/me332_robot_description/share/me332_robot_description/package.dsv
-- Up-to-date: /home/liang/me332_ws/install/me332_robot_description/share/ament_index/resource_index/packages/me332_robot_description
-- Up-to-date: /home/liang/me332_ws/install/me332_robot_description/share/me332_robot_description/cmake/me332_robot_descriptionConfig.cmake
-- Up-to-date: /home/liang/me332_ws/install/me332_robot_description/share/me332_robot_description/cmake/me332_robot_descriptionConfig-version.cmake
-- Up-to-date: /home/liang/me332_ws/install/me332_robot_description/share/me332_robot_description/package.xml
