[0.010s] Invoking command in '/home/liang/me332_ws/build/me332_robot_description': CMAKE_PREFIX_PATH=/opt/ros/humble /usr/bin/cmake --build /home/liang/me332_ws/build/me332_robot_description -- -j20 -l20
[0.187s] Invoked command in '/home/liang/me332_ws/build/me332_robot_description' returned '0': CMAKE_PREFIX_PATH=/opt/ros/humble /usr/bin/cmake --build /home/liang/me332_ws/build/me332_robot_description -- -j20 -l20
[0.187s] Invoking command in '/home/liang/me332_ws/build/me332_robot_description': CMAKE_PREFIX_PATH=/opt/ros/humble /usr/bin/cmake --install /home/liang/me332_ws/build/me332_robot_description
[0.194s] -- Install configuration: ""
[0.194s] -- Up-to-date: /home/liang/me332_ws/install/me332_robot_description/share/me332_robot_description/urdf
[0.194s] -- Up-to-date: /home/liang/me332_ws/install/me332_robot_description/share/me332_robot_description/urdf/robot.xacro
[0.194s] -- Up-to-date: /home/liang/me332_ws/install/me332_robot_description/share/me332_robot_description/launch
[0.194s] -- Up-to-date: /home/liang/me332_ws/install/me332_robot_description/share/me332_robot_description/launch/navigation.launch.py
[0.195s] -- Up-to-date: /home/liang/me332_ws/install/me332_robot_description/share/me332_robot_description/launch/mapping.launch.py
[0.195s] -- Up-to-date: /home/liang/me332_ws/install/me332_robot_description/share/me332_robot_description/launch/gazebo_robot.launch.py
[0.195s] -- Up-to-date: /home/liang/me332_ws/install/me332_robot_description/share/me332_robot_description/config
[0.195s] -- Up-to-date: /home/liang/me332_ws/install/me332_robot_description/share/me332_robot_description/config/me332_mm_controllers.yaml
[0.195s] -- Installing: /home/liang/me332_ws/install/me332_robot_description/share/me332_robot_description/config/nav2_params.yaml
[0.195s] -- Up-to-date: /home/liang/me332_ws/install/me332_robot_description/share/me332_robot_description/scripts
[0.195s] -- Up-to-date: /home/liang/me332_ws/install/me332_robot_description/share/me332_robot_description/scripts/nav2_rviz_config.rviz
[0.195s] -- Up-to-date: /home/liang/me332_ws/install/me332_robot_description/share/me332_robot_description/scripts/cleanup_gazebo.sh
[0.195s] -- Up-to-date: /home/liang/me332_ws/install/me332_robot_description/share/me332_robot_description/worlds
[0.195s] -- Up-to-date: /home/liang/me332_ws/install/me332_robot_description/share/me332_robot_description/worlds/me332_final_project_6_0_classic.world
[0.195s] -- Up-to-date: /home/liang/me332_ws/install/me332_robot_description/share/me332_robot_description/worlds/me332_world.world
[0.195s] -- Up-to-date: /home/liang/me332_ws/install/me332_robot_description/share/me332_robot_description/maps
[0.195s] -- Up-to-date: /home/liang/me332_ws/install/me332_robot_description/share/me332_robot_description/maps/me332_final_project_6_0_classic.pgm
[0.195s] -- Up-to-date: /home/liang/me332_ws/install/me332_robot_description/share/me332_robot_description/maps/me332_final_project_6_0_classic.yaml
[0.195s] -- Up-to-date: /home/liang/me332_ws/install/me332_robot_description/share/me332_robot_description/maps/me332_world.yaml
[0.195s] -- Up-to-date: /home/liang/me332_ws/install/me332_robot_description/share/me332_robot_description/maps/me332_world.pgm
[0.195s] -- Up-to-date: /home/liang/me332_ws/install/me332_robot_description/share/ament_index/resource_index/package_run_dependencies/me332_robot_description
[0.195s] -- Up-to-date: /home/liang/me332_ws/install/me332_robot_description/share/ament_index/resource_index/parent_prefix_path/me332_robot_description
[0.195s] -- Up-to-date: /home/liang/me332_ws/install/me332_robot_description/share/me332_robot_description/environment/ament_prefix_path.sh
[0.195s] -- Up-to-date: /home/liang/me332_ws/install/me332_robot_description/share/me332_robot_description/environment/ament_prefix_path.dsv
[0.195s] -- Up-to-date: /home/liang/me332_ws/install/me332_robot_description/share/me332_robot_description/environment/path.sh
[0.195s] -- Up-to-date: /home/liang/me332_ws/install/me332_robot_description/share/me332_robot_description/environment/path.dsv
[0.195s] -- Up-to-date: /home/liang/me332_ws/install/me332_robot_description/share/me332_robot_description/local_setup.bash
[0.195s] -- Up-to-date: /home/liang/me332_ws/install/me332_robot_description/share/me332_robot_description/local_setup.sh
[0.195s] -- Up-to-date: /home/liang/me332_ws/install/me332_robot_description/share/me332_robot_description/local_setup.zsh
[0.196s] -- Up-to-date: /home/liang/me332_ws/install/me332_robot_description/share/me332_robot_description/local_setup.dsv
[0.196s] -- Installing: /home/liang/me332_ws/install/me332_robot_description/share/me332_robot_description/package.dsv
[0.196s] -- Up-to-date: /home/liang/me332_ws/install/me332_robot_description/share/ament_index/resource_index/packages/me332_robot_description
[0.196s] -- Up-to-date: /home/liang/me332_ws/install/me332_robot_description/share/me332_robot_description/cmake/me332_robot_descriptionConfig.cmake
[0.196s] -- Up-to-date: /home/liang/me332_ws/install/me332_robot_description/share/me332_robot_description/cmake/me332_robot_descriptionConfig-version.cmake
[0.196s] -- Up-to-date: /home/liang/me332_ws/install/me332_robot_description/share/me332_robot_description/package.xml
[0.197s] Invoked command in '/home/liang/me332_ws/build/me332_robot_description' returned '0': CMAKE_PREFIX_PATH=/opt/ros/humble /usr/bin/cmake --install /home/liang/me332_ws/build/me332_robot_description
