[0.011s] Invoking command in '/home/liang/me332_ws/build/gazebo_version_helpers': CMAKE_PREFIX_PATH=/opt/ros/humble /usr/bin/cmake /home/liang/me332_ws/src/gazebo-pkgs-humble/gazebo_version_helpers -DCMAKE_INSTALL_PREFIX=/home/liang/me332_ws/install/gazebo_version_helpers
[0.059s] -- The C compiler identification is GNU 11.4.0
[0.098s] -- The CXX compiler identification is GNU 11.4.0
[0.103s] -- Detecting C compiler ABI info
[0.163s] -- Detecting C compiler ABI info - done
[0.167s] -- Check for working C compiler: /usr/bin/cc - skipped
[0.168s] -- Detecting C compile features
[0.168s] -- Detecting C compile features - done
[0.170s] -- Detecting CXX compiler ABI info
[0.241s] -- Detecting CXX compiler ABI info - done
[0.246s] -- Check for working CXX compiler: /usr/bin/c++ - skipped
[0.246s] -- Detecting CXX compile features
[0.246s] -- Detecting CXX compile features - done
[0.248s] -- Found ament_cmake: 1.3.12 (/opt/ros/humble/share/ament_cmake/cmake)
[0.358s] -- Found Python3: /usr/bin/python3 (found version "3.10.12") found components: Interpreter 
[0.422s] -- Found gazebo_ros_pkgs: 3.9.0 (/opt/ros/humble/share/gazebo_ros_pkgs/cmake)
[0.423s] -- Found rclcpp: 16.0.16 (/opt/ros/humble/share/rclcpp/cmake)
[0.452s] -- Found rosidl_generator_c: 3.1.7 (/opt/ros/humble/share/rosidl_generator_c/cmake)
[0.455s] -- Found rosidl_adapter: 3.1.7 (/opt/ros/humble/share/rosidl_adapter/cmake)
[0.461s] -- Found rosidl_generator_cpp: 3.1.7 (/opt/ros/humble/share/rosidl_generator_cpp/cmake)
[0.469s] -- Using all available rosidl_typesupport_c: rosidl_typesupport_fastrtps_c;rosidl_typesupport_introspection_c
[0.480s] -- Using all available rosidl_typesupport_cpp: rosidl_typesupport_fastrtps_cpp;rosidl_typesupport_introspection_cpp
[0.509s] -- Found rmw_implementation_cmake: 6.1.2 (/opt/ros/humble/share/rmw_implementation_cmake/cmake)
[0.511s] -- Found rmw_fastrtps_cpp: 6.2.9 (/opt/ros/humble/share/rmw_fastrtps_cpp/cmake)
[0.578s] -- Found OpenSSL: /usr/lib/x86_64-linux-gnu/libcrypto.so (found version "3.0.2")  
[0.598s] -- Found FastRTPS: /opt/ros/humble/include  
[0.628s] -- Using RMW implementation 'rmw_fastrtps_cpp' as default
[0.634s] -- Looking for pthread.h
[0.694s] -- Looking for pthread.h - found
[0.694s] -- Performing Test CMAKE_HAVE_LIBC_PTHREAD
[0.756s] -- Performing Test CMAKE_HAVE_LIBC_PTHREAD - Success
[0.757s] -- Found Threads: TRUE  
[0.798s] -- Found PkgConfig: /usr/bin/pkg-config (found version "0.29.2") 
[0.799s] -- Checking for module 'bullet>=2.82'
[0.812s] --   Found bullet, version 3.05
[0.901s] -- Found fcl: /usr/include (found suitable version "0.7.0", minimum required is "0.5.0") 
[0.947s] -- Found assimp: /usr/include (found version "5.2.0") 
[0.962s] -- Found DART: /usr/include (Required is at least version "6.6") found components: dart 
[0.985s] -- Found Boost: /usr/lib/x86_64-linux-gnu/cmake/Boost-1.74.0/BoostConfig.cmake (found suitable version "1.74.0", minimum required is "1.40.0") found components: thread system filesystem program_options regex iostreams date_time 
[0.996s] -- Found Protobuf: /usr/lib/x86_64-linux-gnu/libprotobuf.so (found version "3.12.4") 
[0.999s] -- Looking for ignition-math6 -- found version 6.15.1
[1.004s] -- Searching for dependencies of ignition-math6
[1.005s] -- Looking for OGRE...
[1.006s] -- OGRE_PREFIX_WATCH changed.
[1.011s] -- Checking for module 'OGRE'
[1.022s] --   Found OGRE, version 1.9.0
[1.050s] -- Found Ogre Ghadamon (1.9.0)
[1.054s] -- Found OGRE: optimized;/usr/lib/x86_64-linux-gnu/libOgreMain.so;debug;/usr/lib/x86_64-linux-gnu/libOgreMain.so
[1.061s] -- Looking for OGRE_Paging...
[1.065s] -- Found OGRE_Paging: optimized;/usr/lib/x86_64-linux-gnu/libOgrePaging.so;debug;/usr/lib/x86_64-linux-gnu/libOgrePaging.so
[1.065s] -- Looking for OGRE_Terrain...
[1.068s] -- Found OGRE_Terrain: optimized;/usr/lib/x86_64-linux-gnu/libOgreTerrain.so;debug;/usr/lib/x86_64-linux-gnu/libOgreTerrain.so
[1.068s] -- Looking for OGRE_Property...
[1.071s] -- Found OGRE_Property: optimized;/usr/lib/x86_64-linux-gnu/libOgreProperty.so;debug;/usr/lib/x86_64-linux-gnu/libOgreProperty.so
[1.072s] -- Looking for OGRE_RTShaderSystem...
[1.075s] -- Found OGRE_RTShaderSystem: optimized;/usr/lib/x86_64-linux-gnu/libOgreRTShaderSystem.so;debug;/usr/lib/x86_64-linux-gnu/libOgreRTShaderSystem.so
[1.075s] -- Looking for OGRE_Volume...
[1.078s] -- Found OGRE_Volume: optimized;/usr/lib/x86_64-linux-gnu/libOgreVolume.so;debug;/usr/lib/x86_64-linux-gnu/libOgreVolume.so
[1.078s] -- Looking for OGRE_Overlay...
[1.082s] -- Found OGRE_Overlay: optimized;/usr/lib/x86_64-linux-gnu/libOgreOverlay.so;debug;/usr/lib/x86_64-linux-gnu/libOgreOverlay.so
[1.152s] -- Looking for ignition-math6 -- found version 6.15.1
[1.154s] -- Looking for ignition-transport8 -- found version 8.2.1
[1.154s] -- Searching for dependencies of ignition-transport8
[1.167s] -- Found Protobuf: /usr/lib/x86_64-linux-gnu/libprotobuf.so (found suitable version "3.12.4", minimum required is "3") 
[1.175s] -- Config-file not installed for ZeroMQ -- checking for pkg-config
[1.179s] -- Checking for module 'libzmq >= 4'
[1.192s] --   Found libzmq , version 4.3.4
[1.226s] -- Found ZeroMQ: TRUE (Required is at least version "4") 
[1.231s] -- Checking for module 'uuid'
[1.242s] --   Found uuid, version 2.37.2
[1.272s] -- Found UUID: TRUE  
[1.275s] -- Looking for ignition-msgs5 -- found version 5.8.1
[1.276s] -- Searching for dependencies of ignition-msgs5
[1.290s] -- Looking for ignition-math6 -- found version 6.15.1
[1.295s] -- Checking for module 'tinyxml2'
[1.307s] --   Found tinyxml2, version 9.0.0
[1.340s] -- Looking for ignition-msgs5 -- found version 5.8.1
[1.341s] -- Looking for ignition-common3 -- found version 3.14.0
[1.342s] -- Searching for dependencies of ignition-common3
[1.342s] -- Looking for dlfcn.h - found
[1.343s] -- Looking for libdl - found
[1.344s] -- Found DL: TRUE  
[1.352s] -- Found tinyobjloader: /usr/lib/x86_64-linux-gnu/cmake/tinyobjloader/tinyobjloader-config.cmake (found version "2.0.0") 
[1.353s] -- Searching for <ignition-common3> component [graphics]
[1.354s] -- Looking for ignition-common3-graphics -- found version 3.14.0
[1.355s] -- Searching for dependencies of ignition-common3-graphics
[1.355s] -- Looking for ignition-math6 -- found version 6.15.1
[1.357s] -- Looking for ignition-fuel_tools4 -- found version 4.4.0
[1.357s] -- Searching for dependencies of ignition-fuel_tools4
[1.425s] -- Found CURL: /usr/lib/x86_64-linux-gnu/libcurl.so (found version "7.81.0")  
[1.430s] -- Checking for module 'jsoncpp'
[1.442s] --   Found jsoncpp, version 1.9.5
[1.472s] -- Found JSONCPP: TRUE  
[1.477s] -- Checking for module 'libzip'
[1.489s] --   Found libzip, version 1.7.3
[1.520s] -- Found ZIP: TRUE  
[1.520s] -- Looking for ignition-common3 -- found version 3.14.0
[1.520s] -- Looking for ignition-math6 -- found version 6.15.1
[1.521s] -- Looking for ignition-msgs5 -- found version 5.8.1
[1.575s] -- Configuring done
[1.580s] -- Generating done
[1.583s] -- Build files have been written to: /home/liang/me332_ws/build/gazebo_version_helpers
[1.592s] Invoked command in '/home/liang/me332_ws/build/gazebo_version_helpers' returned '0': CMAKE_PREFIX_PATH=/opt/ros/humble /usr/bin/cmake /home/liang/me332_ws/src/gazebo-pkgs-humble/gazebo_version_helpers -DCMAKE_INSTALL_PREFIX=/home/liang/me332_ws/install/gazebo_version_helpers
[1.592s] Invoking command in '/home/liang/me332_ws/build/gazebo_version_helpers': CMAKE_PREFIX_PATH=/opt/ros/humble /usr/bin/cmake --build /home/liang/me332_ws/build/gazebo_version_helpers -- -j20 -l20
[1.633s] [ 50%] [32mBuilding CXX object CMakeFiles/gazebo_version_helpers.dir/src/GazeboVersionHelpers.cpp.o[0m
[8.793s] [100%] [32m[1mLinking CXX shared library libgazebo_version_helpers.so[0m
[8.902s] [100%] Built target gazebo_version_helpers
[8.911s] Invoked command in '/home/liang/me332_ws/build/gazebo_version_helpers' returned '0': CMAKE_PREFIX_PATH=/opt/ros/humble /usr/bin/cmake --build /home/liang/me332_ws/build/gazebo_version_helpers -- -j20 -l20
[8.912s] Invoking command in '/home/liang/me332_ws/build/gazebo_version_helpers': CMAKE_PREFIX_PATH=/opt/ros/humble /usr/bin/cmake --install /home/liang/me332_ws/build/gazebo_version_helpers
[8.918s] -- Install configuration: ""
[8.918s] -- Installing: /home/liang/me332_ws/install/gazebo_version_helpers/lib/libgazebo_version_helpers.so
[8.919s] -- Set runtime path of "/home/liang/me332_ws/install/gazebo_version_helpers/lib/libgazebo_version_helpers.so" to ""
[8.919s] -- Installing: /home/liang/me332_ws/install/gazebo_version_helpers/include
[8.919s] -- Installing: /home/liang/me332_ws/install/gazebo_version_helpers/include/gazebo_version_helpers
[8.919s] -- Installing: /home/liang/me332_ws/install/gazebo_version_helpers/include/gazebo_version_helpers/GazeboVersionHelpers.h
[8.919s] -- Installing: /home/liang/me332_ws/install/gazebo_version_helpers/share/gazebo_version_helpers/environment/library_path.sh
[8.919s] -- Installing: /home/liang/me332_ws/install/gazebo_version_helpers/share/gazebo_version_helpers/environment/library_path.dsv
[8.919s] -- Installing: /home/liang/me332_ws/install/gazebo_version_helpers/share/ament_index/resource_index/package_run_dependencies/gazebo_version_helpers
[8.919s] -- Installing: /home/liang/me332_ws/install/gazebo_version_helpers/share/ament_index/resource_index/parent_prefix_path/gazebo_version_helpers
[8.919s] -- Installing: /home/liang/me332_ws/install/gazebo_version_helpers/share/gazebo_version_helpers/environment/ament_prefix_path.sh
[8.919s] -- Installing: /home/liang/me332_ws/install/gazebo_version_helpers/share/gazebo_version_helpers/environment/ament_prefix_path.dsv
[8.919s] -- Installing: /home/liang/me332_ws/install/gazebo_version_helpers/share/gazebo_version_helpers/environment/path.sh
[8.919s] -- Installing: /home/liang/me332_ws/install/gazebo_version_helpers/share/gazebo_version_helpers/environment/path.dsv
[8.919s] -- Installing: /home/liang/me332_ws/install/gazebo_version_helpers/share/gazebo_version_helpers/local_setup.bash
[8.919s] -- Installing: /home/liang/me332_ws/install/gazebo_version_helpers/share/gazebo_version_helpers/local_setup.sh
[8.919s] -- Installing: /home/liang/me332_ws/install/gazebo_version_helpers/share/gazebo_version_helpers/local_setup.zsh
[8.919s] -- Installing: /home/liang/me332_ws/install/gazebo_version_helpers/share/gazebo_version_helpers/local_setup.dsv
[8.920s] -- Installing: /home/liang/me332_ws/install/gazebo_version_helpers/share/gazebo_version_helpers/package.dsv
[8.920s] -- Installing: /home/liang/me332_ws/install/gazebo_version_helpers/share/ament_index/resource_index/packages/gazebo_version_helpers
[8.920s] -- Installing: /home/liang/me332_ws/install/gazebo_version_helpers/share/gazebo_version_helpers/cmake/ament_cmake_export_include_directories-extras.cmake
[8.920s] -- Installing: /home/liang/me332_ws/install/gazebo_version_helpers/share/gazebo_version_helpers/cmake/ament_cmake_export_libraries-extras.cmake
[8.920s] -- Installing: /home/liang/me332_ws/install/gazebo_version_helpers/share/gazebo_version_helpers/cmake/ament_cmake_export_dependencies-extras.cmake
[8.920s] -- Installing: /home/liang/me332_ws/install/gazebo_version_helpers/share/gazebo_version_helpers/cmake/gazebo_version_helpersConfig.cmake
[8.920s] -- Installing: /home/liang/me332_ws/install/gazebo_version_helpers/share/gazebo_version_helpers/cmake/gazebo_version_helpersConfig-version.cmake
[8.920s] -- Installing: /home/liang/me332_ws/install/gazebo_version_helpers/share/gazebo_version_helpers/package.xml
[8.922s] Invoked command in '/home/liang/me332_ws/build/gazebo_version_helpers' returned '0': CMAKE_PREFIX_PATH=/opt/ros/humble /usr/bin/cmake --install /home/liang/me332_ws/build/gazebo_version_helpers
