[0.008s] Invoking command in '/home/liang/me332_ws/build/me332_robot_description': CMAKE_PREFIX_PATH=/opt/ros/humble /usr/bin/cmake /home/liang/me332_ws/src/me332_robot_description -DCMAKE_INSTALL_PREFIX=/home/liang/me332_ws/install/me332_robot_description
[0.055s] -- The C compiler identification is GNU 11.4.0
[0.097s] -- The CXX compiler identification is GNU 11.4.0
[0.102s] -- Detecting C compiler ABI info
[0.163s] -- Detecting C compiler ABI info - done
[0.171s] -- Check for working C compiler: /usr/bin/cc - skipped
[0.171s] -- Detecting C compile features
[0.172s] -- Detecting C compile features - done
[0.175s] -- Detecting CXX compiler ABI info
[0.237s] -- Detecting CXX compiler ABI info - done
[0.246s] -- Check for working CXX compiler: /usr/bin/c++ - skipped
[0.246s] -- Detecting CXX compile features
[0.247s] -- Detecting CXX compile features - done
[0.248s] -- Found ament_cmake: 1.3.12 (/opt/ros/humble/share/ament_cmake/cmake)
[0.362s] -- Found Python3: /usr/bin/python3 (found version "3.10.12") found components: Interpreter 
[0.469s] -- Configuring done
[0.470s] -- Generating done
[0.471s] -- Build files have been written to: /home/liang/me332_ws/build/me332_robot_description
[0.474s] Invoked command in '/home/liang/me332_ws/build/me332_robot_description' returned '0': CMAKE_PREFIX_PATH=/opt/ros/humble /usr/bin/cmake /home/liang/me332_ws/src/me332_robot_description -DCMAKE_INSTALL_PREFIX=/home/liang/me332_ws/install/me332_robot_description
[0.476s] Invoking command in '/home/liang/me332_ws/build/me332_robot_description': CMAKE_PREFIX_PATH=/opt/ros/humble /usr/bin/cmake --build /home/liang/me332_ws/build/me332_robot_description -- -j20 -l20
[0.507s] Invoked command in '/home/liang/me332_ws/build/me332_robot_description' returned '0': CMAKE_PREFIX_PATH=/opt/ros/humble /usr/bin/cmake --build /home/liang/me332_ws/build/me332_robot_description -- -j20 -l20
[0.515s] Invoking command in '/home/liang/me332_ws/build/me332_robot_description': CMAKE_PREFIX_PATH=/opt/ros/humble /usr/bin/cmake --install /home/liang/me332_ws/build/me332_robot_description
[0.521s] -- Install configuration: ""
[0.521s] -- Installing: /home/liang/me332_ws/install/me332_robot_description/share/me332_robot_description/urdf
[0.521s] -- Installing: /home/liang/me332_ws/install/me332_robot_description/share/me332_robot_description/urdf/robot.xacro
[0.521s] -- Installing: /home/liang/me332_ws/install/me332_robot_description/share/me332_robot_description/launch
[0.521s] -- Installing: /home/liang/me332_ws/install/me332_robot_description/share/me332_robot_description/launch/navigation.launch.py
[0.521s] -- Installing: /home/liang/me332_ws/install/me332_robot_description/share/me332_robot_description/launch/mapping.launch.py
[0.521s] -- Installing: /home/liang/me332_ws/install/me332_robot_description/share/me332_robot_description/launch/gazebo_robot.launch.py
[0.521s] -- Installing: /home/liang/me332_ws/install/me332_robot_description/share/me332_robot_description/config
[0.521s] -- Installing: /home/liang/me332_ws/install/me332_robot_description/share/me332_robot_description/config/me332_mm_controllers.yaml
[0.521s] -- Installing: /home/liang/me332_ws/install/me332_robot_description/share/me332_robot_description/config/nav2_params.yaml
[0.521s] -- Installing: /home/liang/me332_ws/install/me332_robot_description/share/me332_robot_description/scripts
[0.521s] -- Installing: /home/liang/me332_ws/install/me332_robot_description/share/me332_robot_description/scripts/nav2_rviz_config.rviz
[0.521s] -- Installing: /home/liang/me332_ws/install/me332_robot_description/share/me332_robot_description/scripts/cleanup_gazebo.sh
[0.521s] -- Installing: /home/liang/me332_ws/install/me332_robot_description/share/me332_robot_description/worlds
[0.522s] -- Installing: /home/liang/me332_ws/install/me332_robot_description/share/me332_robot_description/worlds/me332_final_project_6_0_classic.world
[0.522s] -- Installing: /home/liang/me332_ws/install/me332_robot_description/share/me332_robot_description/worlds/me332_world.world
[0.522s] -- Installing: /home/liang/me332_ws/install/me332_robot_description/share/me332_robot_description/maps
[0.522s] -- Installing: /home/liang/me332_ws/install/me332_robot_description/share/me332_robot_description/maps/me332_final_project_6_0_classic.pgm
[0.522s] -- Installing: /home/liang/me332_ws/install/me332_robot_description/share/me332_robot_description/maps/me332_final_project_6_0_classic.yaml
[0.522s] -- Installing: /home/liang/me332_ws/install/me332_robot_description/share/me332_robot_description/maps/me332_world.yaml
[0.522s] -- Installing: /home/liang/me332_ws/install/me332_robot_description/share/me332_robot_description/maps/me332_world.pgm
[0.522s] -- Installing: /home/liang/me332_ws/install/me332_robot_description/share/ament_index/resource_index/package_run_dependencies/me332_robot_description
[0.522s] -- Installing: /home/liang/me332_ws/install/me332_robot_description/share/ament_index/resource_index/parent_prefix_path/me332_robot_description
[0.522s] -- Installing: /home/liang/me332_ws/install/me332_robot_description/share/me332_robot_description/environment/ament_prefix_path.sh
[0.522s] -- Installing: /home/liang/me332_ws/install/me332_robot_description/share/me332_robot_description/environment/ament_prefix_path.dsv
[0.522s] -- Installing: /home/liang/me332_ws/install/me332_robot_description/share/me332_robot_description/environment/path.sh
[0.522s] -- Installing: /home/liang/me332_ws/install/me332_robot_description/share/me332_robot_description/environment/path.dsv
[0.522s] -- Installing: /home/liang/me332_ws/install/me332_robot_description/share/me332_robot_description/local_setup.bash
[0.522s] -- Installing: /home/liang/me332_ws/install/me332_robot_description/share/me332_robot_description/local_setup.sh
[0.522s] -- Installing: /home/liang/me332_ws/install/me332_robot_description/share/me332_robot_description/local_setup.zsh
[0.522s] -- Installing: /home/liang/me332_ws/install/me332_robot_description/share/me332_robot_description/local_setup.dsv
[0.522s] -- Installing: /home/liang/me332_ws/install/me332_robot_description/share/me332_robot_description/package.dsv
[0.522s] -- Installing: /home/liang/me332_ws/install/me332_robot_description/share/ament_index/resource_index/packages/me332_robot_description
[0.522s] -- Installing: /home/liang/me332_ws/install/me332_robot_description/share/me332_robot_description/cmake/me332_robot_descriptionConfig.cmake
[0.522s] -- Installing: /home/liang/me332_ws/install/me332_robot_description/share/me332_robot_description/cmake/me332_robot_descriptionConfig-version.cmake
[0.522s] -- Installing: /home/liang/me332_ws/install/me332_robot_description/share/me332_robot_description/package.xml
[0.524s] Invoked command in '/home/liang/me332_ws/build/me332_robot_description' returned '0': CMAKE_PREFIX_PATH=/opt/ros/humble /usr/bin/cmake --install /home/liang/me332_ws/build/me332_robot_description
