/home/liang/me332_ws/install/me332_teleop/lib/python3.10/site-packages/me332_teleop/__init__.py
/home/liang/me332_ws/install/me332_teleop/lib/python3.10/site-packages/me332_teleop/teleop_voice.py
/home/liang/me332_ws/install/me332_teleop/lib/python3.10/site-packages/me332_teleop/teleop_keyboard.py
/home/liang/me332_ws/install/me332_teleop/lib/python3.10/site-packages/me332_teleop/teleop_gesture.py
/home/liang/me332_ws/install/me332_teleop/lib/python3.10/site-packages/me332_teleop/__pycache__/__init__.cpython-310.pyc
/home/liang/me332_ws/install/me332_teleop/lib/python3.10/site-packages/me332_teleop/__pycache__/teleop_voice.cpython-310.pyc
/home/liang/me332_ws/install/me332_teleop/lib/python3.10/site-packages/me332_teleop/__pycache__/teleop_keyboard.cpython-310.pyc
/home/liang/me332_ws/install/me332_teleop/lib/python3.10/site-packages/me332_teleop/__pycache__/teleop_gesture.cpython-310.pyc
/home/liang/me332_ws/install/me332_teleop/share/ament_index/resource_index/packages/me332_teleop
/home/liang/me332_ws/install/me332_teleop/share/me332_teleop/package.xml
/home/liang/me332_ws/install/me332_teleop/lib/python3.10/site-packages/me332_teleop/hand_landmarker.task
/home/liang/me332_ws/install/me332_teleop/lib/python3.10/site-packages/me332_teleop/model/./README
/home/liang/me332_ws/install/me332_teleop/lib/python3.10/site-packages/me332_teleop/model/ivector/final.ie
/home/liang/me332_ws/install/me332_teleop/lib/python3.10/site-packages/me332_teleop/model/ivector/global_cmvn.stats
/home/liang/me332_ws/install/me332_teleop/lib/python3.10/site-packages/me332_teleop/model/ivector/final.dubm
/home/liang/me332_ws/install/me332_teleop/lib/python3.10/site-packages/me332_teleop/model/ivector/splice.conf
/home/liang/me332_ws/install/me332_teleop/lib/python3.10/site-packages/me332_teleop/model/ivector/online_cmvn.conf
/home/liang/me332_ws/install/me332_teleop/lib/python3.10/site-packages/me332_teleop/model/ivector/final.mat
/home/liang/me332_ws/install/me332_teleop/lib/python3.10/site-packages/me332_teleop/model/am/final.mdl
/home/liang/me332_ws/install/me332_teleop/lib/python3.10/site-packages/me332_teleop/model/graph/disambig_tid.int
/home/liang/me332_ws/install/me332_teleop/lib/python3.10/site-packages/me332_teleop/model/graph/HCLr.fst
/home/liang/me332_ws/install/me332_teleop/lib/python3.10/site-packages/me332_teleop/model/graph/Gr.fst
/home/liang/me332_ws/install/me332_teleop/lib/python3.10/site-packages/me332_teleop/model/graph/phones/word_boundary.int
/home/liang/me332_ws/install/me332_teleop/lib/python3.10/site-packages/me332_teleop/model/conf/model.conf
/home/liang/me332_ws/install/me332_teleop/lib/python3.10/site-packages/me332_teleop/model/conf/mfcc.conf
/home/liang/me332_ws/install/me332_teleop/lib/python3.10/site-packages/me332_teleop-0.0.0-py3.10.egg-info/dependency_links.txt
/home/liang/me332_ws/install/me332_teleop/lib/python3.10/site-packages/me332_teleop-0.0.0-py3.10.egg-info/PKG-INFO
/home/liang/me332_ws/install/me332_teleop/lib/python3.10/site-packages/me332_teleop-0.0.0-py3.10.egg-info/entry_points.txt
/home/liang/me332_ws/install/me332_teleop/lib/python3.10/site-packages/me332_teleop-0.0.0-py3.10.egg-info/zip-safe
/home/liang/me332_ws/install/me332_teleop/lib/python3.10/site-packages/me332_teleop-0.0.0-py3.10.egg-info/requires.txt
/home/liang/me332_ws/install/me332_teleop/lib/python3.10/site-packages/me332_teleop-0.0.0-py3.10.egg-info/top_level.txt
/home/liang/me332_ws/install/me332_teleop/lib/python3.10/site-packages/me332_teleop-0.0.0-py3.10.egg-info/SOURCES.txt
/home/liang/me332_ws/install/me332_teleop/lib/me332_teleop/teleop_gesture
/home/liang/me332_ws/install/me332_teleop/lib/me332_teleop/teleop_keyboard
/home/liang/me332_ws/install/me332_teleop/lib/me332_teleop/teleop_voice
