[0.401s] Invoking command in '/home/liang/me332_ws/src/me332_teleop': PYTHONPATH=/home/liang/me332_ws/build/me332_teleop/prefix_override:/usr/lib/python3/dist-packages/colcon_core/task/python/colcon_distutils_commands:/home/liang/me332_ws/install/me332_teleop/lib/python3.10/site-packages:${PYTHONPATH} /usr/bin/python3 -W ignore:setup.py install is deprecated -W ignore:easy_install command is deprecated setup.py egg_info --egg-base ../../build/me332_teleop build --build-base /home/liang/me332_ws/build/me332_teleop/build install --record /home/liang/me332_ws/build/me332_teleop/install.log --single-version-externally-managed install_data
[0.558s] running egg_info
[0.558s] creating ../../build/me332_teleop/me332_teleop.egg-info
[0.558s] writing ../../build/me332_teleop/me332_teleop.egg-info/PKG-INFO
[0.558s] writing dependency_links to ../../build/me332_teleop/me332_teleop.egg-info/dependency_links.txt
[0.558s] writing entry points to ../../build/me332_teleop/me332_teleop.egg-info/entry_points.txt
[0.558s] writing requirements to ../../build/me332_teleop/me332_teleop.egg-info/requires.txt
[0.559s] writing top-level names to ../../build/me332_teleop/me332_teleop.egg-info/top_level.txt
[0.559s] writing manifest file '../../build/me332_teleop/me332_teleop.egg-info/SOURCES.txt'
[0.559s] reading manifest file '../../build/me332_teleop/me332_teleop.egg-info/SOURCES.txt'
[0.560s] writing manifest file '../../build/me332_teleop/me332_teleop.egg-info/SOURCES.txt'
[0.560s] running build
[0.560s] running build_py
[0.560s] creating /home/liang/me332_ws/build/me332_teleop/build
[0.560s] creating /home/liang/me332_ws/build/me332_teleop/build/lib
[0.560s] creating /home/liang/me332_ws/build/me332_teleop/build/lib/me332_teleop
[0.560s] copying me332_teleop/__init__.py -> /home/liang/me332_ws/build/me332_teleop/build/lib/me332_teleop
[0.560s] copying me332_teleop/teleop_voice.py -> /home/liang/me332_ws/build/me332_teleop/build/lib/me332_teleop
[0.561s] copying me332_teleop/teleop_keyboard.py -> /home/liang/me332_ws/build/me332_teleop/build/lib/me332_teleop
[0.561s] copying me332_teleop/teleop_gesture.py -> /home/liang/me332_ws/build/me332_teleop/build/lib/me332_teleop
[0.561s] running install
[0.561s] running install_lib
[0.561s] creating /home/liang/me332_ws/install/me332_teleop/lib/python3.10/site-packages/me332_teleop
[0.561s] copying /home/liang/me332_ws/build/me332_teleop/build/lib/me332_teleop/__init__.py -> /home/liang/me332_ws/install/me332_teleop/lib/python3.10/site-packages/me332_teleop
[0.561s] copying /home/liang/me332_ws/build/me332_teleop/build/lib/me332_teleop/teleop_voice.py -> /home/liang/me332_ws/install/me332_teleop/lib/python3.10/site-packages/me332_teleop
[0.561s] copying /home/liang/me332_ws/build/me332_teleop/build/lib/me332_teleop/teleop_keyboard.py -> /home/liang/me332_ws/install/me332_teleop/lib/python3.10/site-packages/me332_teleop
[0.561s] copying /home/liang/me332_ws/build/me332_teleop/build/lib/me332_teleop/teleop_gesture.py -> /home/liang/me332_ws/install/me332_teleop/lib/python3.10/site-packages/me332_teleop
[0.562s] byte-compiling /home/liang/me332_ws/install/me332_teleop/lib/python3.10/site-packages/me332_teleop/__init__.py to __init__.cpython-310.pyc
[0.562s] byte-compiling /home/liang/me332_ws/install/me332_teleop/lib/python3.10/site-packages/me332_teleop/teleop_voice.py to teleop_voice.cpython-310.pyc
[0.563s] byte-compiling /home/liang/me332_ws/install/me332_teleop/lib/python3.10/site-packages/me332_teleop/teleop_keyboard.py to teleop_keyboard.cpython-310.pyc
[0.564s] byte-compiling /home/liang/me332_ws/install/me332_teleop/lib/python3.10/site-packages/me332_teleop/teleop_gesture.py to teleop_gesture.cpython-310.pyc
[0.565s] running install_data
[0.565s] creating /home/liang/me332_ws/install/me332_teleop/share/ament_index
[0.566s] creating /home/liang/me332_ws/install/me332_teleop/share/ament_index/resource_index
[0.566s] creating /home/liang/me332_ws/install/me332_teleop/share/ament_index/resource_index/packages
[0.566s] copying resource/me332_teleop -> /home/liang/me332_ws/install/me332_teleop/share/ament_index/resource_index/packages
[0.566s] copying package.xml -> /home/liang/me332_ws/install/me332_teleop/share/me332_teleop
[0.566s] copying me332_teleop/hand_landmarker.task -> /home/liang/me332_ws/install/me332_teleop/lib/python3.10/site-packages/me332_teleop
[0.569s] creating /home/liang/me332_ws/install/me332_teleop/lib/python3.10/site-packages/me332_teleop/model
[0.569s] copying me332_teleop/model/README -> /home/liang/me332_ws/install/me332_teleop/lib/python3.10/site-packages/me332_teleop/model/.
[0.569s] creating /home/liang/me332_ws/install/me332_teleop/lib/python3.10/site-packages/me332_teleop/model/ivector
[0.569s] copying me332_teleop/model/ivector/final.ie -> /home/liang/me332_ws/install/me332_teleop/lib/python3.10/site-packages/me332_teleop/model/ivector
[0.573s] copying me332_teleop/model/ivector/global_cmvn.stats -> /home/liang/me332_ws/install/me332_teleop/lib/python3.10/site-packages/me332_teleop/model/ivector
[0.574s] copying me332_teleop/model/ivector/final.dubm -> /home/liang/me332_ws/install/me332_teleop/lib/python3.10/site-packages/me332_teleop/model/ivector
[0.574s] copying me332_teleop/model/ivector/splice.conf -> /home/liang/me332_ws/install/me332_teleop/lib/python3.10/site-packages/me332_teleop/model/ivector
[0.574s] copying me332_teleop/model/ivector/online_cmvn.conf -> /home/liang/me332_ws/install/me332_teleop/lib/python3.10/site-packages/me332_teleop/model/ivector
[0.574s] copying me332_teleop/model/ivector/final.mat -> /home/liang/me332_ws/install/me332_teleop/lib/python3.10/site-packages/me332_teleop/model/ivector
[0.574s] creating /home/liang/me332_ws/install/me332_teleop/lib/python3.10/site-packages/me332_teleop/model/am
[0.574s] copying me332_teleop/model/am/final.mdl -> /home/liang/me332_ws/install/me332_teleop/lib/python3.10/site-packages/me332_teleop/model/am
[0.581s] creating /home/liang/me332_ws/install/me332_teleop/lib/python3.10/site-packages/me332_teleop/model/graph
[0.581s] copying me332_teleop/model/graph/disambig_tid.int -> /home/liang/me332_ws/install/me332_teleop/lib/python3.10/site-packages/me332_teleop/model/graph
[0.581s] copying me332_teleop/model/graph/HCLr.fst -> /home/liang/me332_ws/install/me332_teleop/lib/python3.10/site-packages/me332_teleop/model/graph
[0.588s] copying me332_teleop/model/graph/Gr.fst -> /home/liang/me332_ws/install/me332_teleop/lib/python3.10/site-packages/me332_teleop/model/graph
[0.599s] creating /home/liang/me332_ws/install/me332_teleop/lib/python3.10/site-packages/me332_teleop/model/graph/phones
[0.599s] copying me332_teleop/model/graph/phones/word_boundary.int -> /home/liang/me332_ws/install/me332_teleop/lib/python3.10/site-packages/me332_teleop/model/graph/phones
[0.599s] creating /home/liang/me332_ws/install/me332_teleop/lib/python3.10/site-packages/me332_teleop/model/conf
[0.599s] copying me332_teleop/model/conf/model.conf -> /home/liang/me332_ws/install/me332_teleop/lib/python3.10/site-packages/me332_teleop/model/conf
[0.600s] copying me332_teleop/model/conf/mfcc.conf -> /home/liang/me332_ws/install/me332_teleop/lib/python3.10/site-packages/me332_teleop/model/conf
[0.600s] running install_egg_info
[0.601s] Copying ../../build/me332_teleop/me332_teleop.egg-info to /home/liang/me332_ws/install/me332_teleop/lib/python3.10/site-packages/me332_teleop-0.0.0-py3.10.egg-info
[0.601s] running install_scripts
[0.615s] Installing teleop_gesture script to /home/liang/me332_ws/install/me332_teleop/lib/me332_teleop
[0.615s] Installing teleop_keyboard script to /home/liang/me332_ws/install/me332_teleop/lib/me332_teleop
[0.615s] Installing teleop_voice script to /home/liang/me332_ws/install/me332_teleop/lib/me332_teleop
[0.615s] writing list of installed files to '/home/liang/me332_ws/build/me332_teleop/install.log'
[0.631s] Invoked command in '/home/liang/me332_ws/src/me332_teleop' returned '0': PYTHONPATH=/home/liang/me332_ws/build/me332_teleop/prefix_override:/usr/lib/python3/dist-packages/colcon_core/task/python/colcon_distutils_commands:/home/liang/me332_ws/install/me332_teleop/lib/python3.10/site-packages:${PYTHONPATH} /usr/bin/python3 -W ignore:setup.py install is deprecated -W ignore:easy_install command is deprecated setup.py egg_info --egg-base ../../build/me332_teleop build --build-base /home/liang/me332_ws/build/me332_teleop/build install --record /home/liang/me332_ws/build/me332_teleop/install.log --single-version-externally-managed install_data
