[0.068s] DEBUG:colcon:Command line arguments: ['/usr/bin/colcon', 'build']
[0.068s] DEBUG:colcon:Parsed command line arguments: Namespace(log_base=None, log_level=None, verb_name='build', build_base='build', install_base='install', merge_install=False, symlink_install=False, test_result_base=None, continue_on_error=False, executor='parallel', parallel_workers=20, event_handlers=None, ignore_user_meta=False, metas=['./colcon.meta'], base_paths=['.'], packages_ignore=None, packages_ignore_regex=None, paths=None, packages_up_to=None, packages_up_to_regex=None, packages_above=None, packages_above_and_dependencies=None, packages_above_depth=None, packages_select_by_dep=None, packages_skip_by_dep=None, packages_skip_up_to=None, packages_select_build_failed=False, packages_skip_build_finished=False, packages_select_test_failures=False, packages_skip_test_passed=False, packages_select=None, packages_skip=None, packages_select_regex=None, packages_skip_regex=None, packages_start=None, packages_end=None, allow_overriding=[], cmake_args=None, cmake_target=None, cmake_target_skip_unavailable=False, cmake_clean_cache=False, cmake_clean_first=False, cmake_force_configure=False, ament_cmake_args=None, catkin_cmake_args=None, catkin_skip_building_tests=False, mixin_files=None, mixin=None, verb_parser=<colcon_mixin.mixin.mixin_argument.MixinArgumentDecorator object at 0x7a2fb643f3d0>, verb_extension=<colcon_core.verb.build.BuildVerb object at 0x7a2fb643ef20>, main=<bound method BuildVerb.main of <colcon_core.verb.build.BuildVerb object at 0x7a2fb643ef20>>, mixin_verb=('build',))
[0.176s] Level 1:colcon.colcon_core.package_discovery:discover_packages(colcon_meta) check parameters
[0.176s] Level 1:colcon.colcon_core.package_discovery:discover_packages(recursive) check parameters
[0.176s] Level 1:colcon.colcon_core.package_discovery:discover_packages(ignore) check parameters
[0.176s] Level 1:colcon.colcon_core.package_discovery:discover_packages(path) check parameters
[0.176s] Level 1:colcon.colcon_core.package_discovery:discover_packages(colcon_meta) discover
[0.176s] Level 1:colcon.colcon_core.package_discovery:discover_packages(recursive) discover
[0.176s] INFO:colcon.colcon_core.package_discovery:Crawling recursively for packages in '/home/liang/me332_ws'
[0.176s] Level 1:colcon.colcon_core.package_identification:_identify(.) by extensions ['ignore', 'ignore_ament_install']
[0.176s] Level 1:colcon.colcon_core.package_identification:_identify(.) by extension 'ignore'
[0.176s] Level 1:colcon.colcon_core.package_identification:_identify(.) by extension 'ignore_ament_install'
[0.176s] Level 1:colcon.colcon_core.package_identification:_identify(.) by extensions ['colcon_pkg']
[0.176s] Level 1:colcon.colcon_core.package_identification:_identify(.) by extension 'colcon_pkg'
[0.176s] Level 1:colcon.colcon_core.package_identification:_identify(.) by extensions ['colcon_meta']
[0.176s] Level 1:colcon.colcon_core.package_identification:_identify(.) by extension 'colcon_meta'
[0.176s] Level 1:colcon.colcon_core.package_identification:_identify(.) by extensions ['ros']
[0.176s] Level 1:colcon.colcon_core.package_identification:_identify(.) by extension 'ros'
[0.183s] Level 1:colcon.colcon_core.package_identification:_identify(.) by extensions ['cmake', 'python']
[0.183s] Level 1:colcon.colcon_core.package_identification:_identify(.) by extension 'cmake'
[0.183s] Level 1:colcon.colcon_core.package_identification:_identify(.) by extension 'python'
[0.183s] Level 1:colcon.colcon_core.package_identification:_identify(.) by extensions ['python_setup_py']
[0.183s] Level 1:colcon.colcon_core.package_identification:_identify(.) by extension 'python_setup_py'
[0.183s] Level 1:colcon.colcon_core.package_identification:_identify(build) by extensions ['ignore', 'ignore_ament_install']
[0.183s] Level 1:colcon.colcon_core.package_identification:_identify(build) by extension 'ignore'
[0.184s] Level 1:colcon.colcon_core.package_identification:_identify(build) ignored
[0.184s] Level 1:colcon.colcon_core.package_identification:_identify(install) by extensions ['ignore', 'ignore_ament_install']
[0.184s] Level 1:colcon.colcon_core.package_identification:_identify(install) by extension 'ignore'
[0.184s] Level 1:colcon.colcon_core.package_identification:_identify(install) ignored
[0.184s] Level 1:colcon.colcon_core.package_identification:_identify(log) by extensions ['ignore', 'ignore_ament_install']
[0.184s] Level 1:colcon.colcon_core.package_identification:_identify(log) by extension 'ignore'
[0.184s] Level 1:colcon.colcon_core.package_identification:_identify(log) ignored
[0.184s] Level 1:colcon.colcon_core.package_identification:_identify(src) by extensions ['ignore', 'ignore_ament_install']
[0.184s] Level 1:colcon.colcon_core.package_identification:_identify(src) by extension 'ignore'
[0.184s] Level 1:colcon.colcon_core.package_identification:_identify(src) by extension 'ignore_ament_install'
[0.184s] Level 1:colcon.colcon_core.package_identification:_identify(src) by extensions ['colcon_pkg']
[0.184s] Level 1:colcon.colcon_core.package_identification:_identify(src) by extension 'colcon_pkg'
[0.184s] Level 1:colcon.colcon_core.package_identification:_identify(src) by extensions ['colcon_meta']
[0.184s] Level 1:colcon.colcon_core.package_identification:_identify(src) by extension 'colcon_meta'
[0.184s] Level 1:colcon.colcon_core.package_identification:_identify(src) by extensions ['ros']
[0.184s] Level 1:colcon.colcon_core.package_identification:_identify(src) by extension 'ros'
[0.184s] Level 1:colcon.colcon_core.package_identification:_identify(src) by extensions ['cmake', 'python']
[0.184s] Level 1:colcon.colcon_core.package_identification:_identify(src) by extension 'cmake'
[0.184s] Level 1:colcon.colcon_core.package_identification:_identify(src) by extension 'python'
[0.184s] Level 1:colcon.colcon_core.package_identification:_identify(src) by extensions ['python_setup_py']
[0.184s] Level 1:colcon.colcon_core.package_identification:_identify(src) by extension 'python_setup_py'
[0.184s] Level 1:colcon.colcon_core.package_identification:_identify(src/gazebo-pkgs-humble) by extensions ['ignore', 'ignore_ament_install']
[0.184s] Level 1:colcon.colcon_core.package_identification:_identify(src/gazebo-pkgs-humble) by extension 'ignore'
[0.184s] Level 1:colcon.colcon_core.package_identification:_identify(src/gazebo-pkgs-humble) by extension 'ignore_ament_install'
[0.184s] Level 1:colcon.colcon_core.package_identification:_identify(src/gazebo-pkgs-humble) by extensions ['colcon_pkg']
[0.184s] Level 1:colcon.colcon_core.package_identification:_identify(src/gazebo-pkgs-humble) by extension 'colcon_pkg'
[0.184s] Level 1:colcon.colcon_core.package_identification:_identify(src/gazebo-pkgs-humble) by extensions ['colcon_meta']
[0.184s] Level 1:colcon.colcon_core.package_identification:_identify(src/gazebo-pkgs-humble) by extension 'colcon_meta'
[0.184s] Level 1:colcon.colcon_core.package_identification:_identify(src/gazebo-pkgs-humble) by extensions ['ros']
[0.184s] Level 1:colcon.colcon_core.package_identification:_identify(src/gazebo-pkgs-humble) by extension 'ros'
[0.184s] Level 1:colcon.colcon_core.package_identification:_identify(src/gazebo-pkgs-humble) by extensions ['cmake', 'python']
[0.184s] Level 1:colcon.colcon_core.package_identification:_identify(src/gazebo-pkgs-humble) by extension 'cmake'
[0.184s] Level 1:colcon.colcon_core.package_identification:_identify(src/gazebo-pkgs-humble) by extension 'python'
[0.184s] Level 1:colcon.colcon_core.package_identification:_identify(src/gazebo-pkgs-humble) by extensions ['python_setup_py']
[0.184s] Level 1:colcon.colcon_core.package_identification:_identify(src/gazebo-pkgs-humble) by extension 'python_setup_py'
[0.185s] Level 1:colcon.colcon_core.package_identification:_identify(src/gazebo-pkgs-humble/gazebo_grasp_plugin) by extensions ['ignore', 'ignore_ament_install']
[0.185s] Level 1:colcon.colcon_core.package_identification:_identify(src/gazebo-pkgs-humble/gazebo_grasp_plugin) by extension 'ignore'
[0.185s] Level 1:colcon.colcon_core.package_identification:_identify(src/gazebo-pkgs-humble/gazebo_grasp_plugin) by extension 'ignore_ament_install'
[0.185s] Level 1:colcon.colcon_core.package_identification:_identify(src/gazebo-pkgs-humble/gazebo_grasp_plugin) by extensions ['colcon_pkg']
[0.185s] Level 1:colcon.colcon_core.package_identification:_identify(src/gazebo-pkgs-humble/gazebo_grasp_plugin) by extension 'colcon_pkg'
[0.185s] Level 1:colcon.colcon_core.package_identification:_identify(src/gazebo-pkgs-humble/gazebo_grasp_plugin) by extensions ['colcon_meta']
[0.185s] Level 1:colcon.colcon_core.package_identification:_identify(src/gazebo-pkgs-humble/gazebo_grasp_plugin) by extension 'colcon_meta'
[0.185s] Level 1:colcon.colcon_core.package_identification:_identify(src/gazebo-pkgs-humble/gazebo_grasp_plugin) by extensions ['ros']
[0.185s] Level 1:colcon.colcon_core.package_identification:_identify(src/gazebo-pkgs-humble/gazebo_grasp_plugin) by extension 'ros'
[0.188s] DEBUG:colcon.colcon_core.package_identification:Package 'src/gazebo-pkgs-humble/gazebo_grasp_plugin' with type 'ros.ament_cmake' and name 'gazebo_grasp_plugin'
[0.188s] Level 1:colcon.colcon_core.package_identification:_identify(src/gazebo-pkgs-humble/gazebo_grasp_plugin_ros) by extensions ['ignore', 'ignore_ament_install']
[0.188s] Level 1:colcon.colcon_core.package_identification:_identify(src/gazebo-pkgs-humble/gazebo_grasp_plugin_ros) by extension 'ignore'
[0.188s] Level 1:colcon.colcon_core.package_identification:_identify(src/gazebo-pkgs-humble/gazebo_grasp_plugin_ros) by extension 'ignore_ament_install'
[0.188s] Level 1:colcon.colcon_core.package_identification:_identify(src/gazebo-pkgs-humble/gazebo_grasp_plugin_ros) by extensions ['colcon_pkg']
[0.188s] Level 1:colcon.colcon_core.package_identification:_identify(src/gazebo-pkgs-humble/gazebo_grasp_plugin_ros) by extension 'colcon_pkg'
[0.188s] Level 1:colcon.colcon_core.package_identification:_identify(src/gazebo-pkgs-humble/gazebo_grasp_plugin_ros) by extensions ['colcon_meta']
[0.188s] Level 1:colcon.colcon_core.package_identification:_identify(src/gazebo-pkgs-humble/gazebo_grasp_plugin_ros) by extension 'colcon_meta'
[0.188s] Level 1:colcon.colcon_core.package_identification:_identify(src/gazebo-pkgs-humble/gazebo_grasp_plugin_ros) by extensions ['ros']
[0.188s] Level 1:colcon.colcon_core.package_identification:_identify(src/gazebo-pkgs-humble/gazebo_grasp_plugin_ros) by extension 'ros'
[0.189s] DEBUG:colcon.colcon_core.package_identification:Package 'src/gazebo-pkgs-humble/gazebo_grasp_plugin_ros' with type 'ros.ament_cmake' and name 'gazebo_grasp_plugin_ros'
[0.189s] Level 1:colcon.colcon_core.package_identification:_identify(src/gazebo-pkgs-humble/gazebo_version_helpers) by extensions ['ignore', 'ignore_ament_install']
[0.189s] Level 1:colcon.colcon_core.package_identification:_identify(src/gazebo-pkgs-humble/gazebo_version_helpers) by extension 'ignore'
[0.189s] Level 1:colcon.colcon_core.package_identification:_identify(src/gazebo-pkgs-humble/gazebo_version_helpers) by extension 'ignore_ament_install'
[0.189s] Level 1:colcon.colcon_core.package_identification:_identify(src/gazebo-pkgs-humble/gazebo_version_helpers) by extensions ['colcon_pkg']
[0.189s] Level 1:colcon.colcon_core.package_identification:_identify(src/gazebo-pkgs-humble/gazebo_version_helpers) by extension 'colcon_pkg'
[0.189s] Level 1:colcon.colcon_core.package_identification:_identify(src/gazebo-pkgs-humble/gazebo_version_helpers) by extensions ['colcon_meta']
[0.189s] Level 1:colcon.colcon_core.package_identification:_identify(src/gazebo-pkgs-humble/gazebo_version_helpers) by extension 'colcon_meta'
[0.189s] Level 1:colcon.colcon_core.package_identification:_identify(src/gazebo-pkgs-humble/gazebo_version_helpers) by extensions ['ros']
[0.189s] Level 1:colcon.colcon_core.package_identification:_identify(src/gazebo-pkgs-humble/gazebo_version_helpers) by extension 'ros'
[0.189s] DEBUG:colcon.colcon_core.package_identification:Package 'src/gazebo-pkgs-humble/gazebo_version_helpers' with type 'ros.ament_cmake' and name 'gazebo_version_helpers'
[0.189s] Level 1:colcon.colcon_core.package_identification:_identify(src/me332_robot_description) by extensions ['ignore', 'ignore_ament_install']
[0.189s] Level 1:colcon.colcon_core.package_identification:_identify(src/me332_robot_description) by extension 'ignore'
[0.189s] Level 1:colcon.colcon_core.package_identification:_identify(src/me332_robot_description) by extension 'ignore_ament_install'
[0.189s] Level 1:colcon.colcon_core.package_identification:_identify(src/me332_robot_description) by extensions ['colcon_pkg']
[0.189s] Level 1:colcon.colcon_core.package_identification:_identify(src/me332_robot_description) by extension 'colcon_pkg'
[0.189s] Level 1:colcon.colcon_core.package_identification:_identify(src/me332_robot_description) by extensions ['colcon_meta']
[0.189s] Level 1:colcon.colcon_core.package_identification:_identify(src/me332_robot_description) by extension 'colcon_meta'
[0.190s] Level 1:colcon.colcon_core.package_identification:_identify(src/me332_robot_description) by extensions ['ros']
[0.190s] Level 1:colcon.colcon_core.package_identification:_identify(src/me332_robot_description) by extension 'ros'
[0.195s] DEBUG:colcon.colcon_core.package_identification:Package 'src/me332_robot_description' with type 'ros.ament_cmake' and name 'me332_robot_description'
[0.196s] Level 1:colcon.colcon_core.package_identification:_identify(src/me332_teleop) by extensions ['ignore', 'ignore_ament_install']
[0.196s] Level 1:colcon.colcon_core.package_identification:_identify(src/me332_teleop) by extension 'ignore'
[0.196s] Level 1:colcon.colcon_core.package_identification:_identify(src/me332_teleop) by extension 'ignore_ament_install'
[0.196s] Level 1:colcon.colcon_core.package_identification:_identify(src/me332_teleop) by extensions ['colcon_pkg']
[0.196s] Level 1:colcon.colcon_core.package_identification:_identify(src/me332_teleop) by extension 'colcon_pkg'
[0.196s] Level 1:colcon.colcon_core.package_identification:_identify(src/me332_teleop) by extensions ['colcon_meta']
[0.196s] Level 1:colcon.colcon_core.package_identification:_identify(src/me332_teleop) by extension 'colcon_meta'
[0.196s] Level 1:colcon.colcon_core.package_identification:_identify(src/me332_teleop) by extensions ['ros']
[0.196s] Level 1:colcon.colcon_core.package_identification:_identify(src/me332_teleop) by extension 'ros'
[0.196s] DEBUG:colcon.colcon_core.package_identification:Package 'src/me332_teleop' with type 'ros.ament_python' and name 'me332_teleop'
[0.196s] Level 1:colcon.colcon_core.package_discovery:discover_packages(recursive) using defaults
[0.196s] Level 1:colcon.colcon_core.package_discovery:discover_packages(ignore) discover
[0.197s] Level 1:colcon.colcon_core.package_discovery:discover_packages(ignore) using defaults
[0.197s] Level 1:colcon.colcon_core.package_discovery:discover_packages(path) discover
[0.197s] Level 1:colcon.colcon_core.package_discovery:discover_packages(path) using defaults
[0.210s] Level 1:colcon.colcon_core.package_discovery:discover_packages(prefix_path) check parameters
[0.210s] Level 1:colcon.colcon_core.package_discovery:discover_packages(prefix_path) discover
[0.211s] DEBUG:colcon.colcon_installed_package_information.package_discovery:Found 455 installed packages in /opt/ros/humble
[0.213s] Level 1:colcon.colcon_core.package_discovery:discover_packages(prefix_path) using defaults
[0.245s] Level 5:colcon.colcon_core.verb:set package 'gazebo_version_helpers' build argument 'cmake_args' from command line to 'None'
[0.245s] Level 5:colcon.colcon_core.verb:set package 'gazebo_version_helpers' build argument 'cmake_target' from command line to 'None'
[0.245s] Level 5:colcon.colcon_core.verb:set package 'gazebo_version_helpers' build argument 'cmake_target_skip_unavailable' from command line to 'False'
[0.245s] Level 5:colcon.colcon_core.verb:set package 'gazebo_version_helpers' build argument 'cmake_clean_cache' from command line to 'False'
[0.245s] Level 5:colcon.colcon_core.verb:set package 'gazebo_version_helpers' build argument 'cmake_clean_first' from command line to 'False'
[0.245s] Level 5:colcon.colcon_core.verb:set package 'gazebo_version_helpers' build argument 'cmake_force_configure' from command line to 'False'
[0.245s] Level 5:colcon.colcon_core.verb:set package 'gazebo_version_helpers' build argument 'ament_cmake_args' from command line to 'None'
[0.245s] Level 5:colcon.colcon_core.verb:set package 'gazebo_version_helpers' build argument 'catkin_cmake_args' from command line to 'None'
[0.245s] Level 5:colcon.colcon_core.verb:set package 'gazebo_version_helpers' build argument 'catkin_skip_building_tests' from command line to 'False'
[0.245s] DEBUG:colcon.colcon_core.verb:Building package 'gazebo_version_helpers' with the following arguments: {'ament_cmake_args': None, 'build_base': '/home/liang/me332_ws/build/gazebo_version_helpers', 'catkin_cmake_args': None, 'catkin_skip_building_tests': False, 'cmake_args': None, 'cmake_clean_cache': False, 'cmake_clean_first': False, 'cmake_force_configure': False, 'cmake_target': None, 'cmake_target_skip_unavailable': False, 'install_base': '/home/liang/me332_ws/install/gazebo_version_helpers', 'merge_install': False, 'path': '/home/liang/me332_ws/src/gazebo-pkgs-humble/gazebo_version_helpers', 'symlink_install': False, 'test_result_base': None}
[0.245s] Level 5:colcon.colcon_core.verb:set package 'me332_robot_description' build argument 'cmake_args' from command line to 'None'
[0.245s] Level 5:colcon.colcon_core.verb:set package 'me332_robot_description' build argument 'cmake_target' from command line to 'None'
[0.245s] Level 5:colcon.colcon_core.verb:set package 'me332_robot_description' build argument 'cmake_target_skip_unavailable' from command line to 'False'
[0.245s] Level 5:colcon.colcon_core.verb:set package 'me332_robot_description' build argument 'cmake_clean_cache' from command line to 'False'
[0.245s] Level 5:colcon.colcon_core.verb:set package 'me332_robot_description' build argument 'cmake_clean_first' from command line to 'False'
[0.245s] Level 5:colcon.colcon_core.verb:set package 'me332_robot_description' build argument 'cmake_force_configure' from command line to 'False'
[0.245s] Level 5:colcon.colcon_core.verb:set package 'me332_robot_description' build argument 'ament_cmake_args' from command line to 'None'
[0.245s] Level 5:colcon.colcon_core.verb:set package 'me332_robot_description' build argument 'catkin_cmake_args' from command line to 'None'
[0.245s] Level 5:colcon.colcon_core.verb:set package 'me332_robot_description' build argument 'catkin_skip_building_tests' from command line to 'False'
[0.245s] DEBUG:colcon.colcon_core.verb:Building package 'me332_robot_description' with the following arguments: {'ament_cmake_args': None, 'build_base': '/home/liang/me332_ws/build/me332_robot_description', 'catkin_cmake_args': None, 'catkin_skip_building_tests': False, 'cmake_args': None, 'cmake_clean_cache': False, 'cmake_clean_first': False, 'cmake_force_configure': False, 'cmake_target': None, 'cmake_target_skip_unavailable': False, 'install_base': '/home/liang/me332_ws/install/me332_robot_description', 'merge_install': False, 'path': '/home/liang/me332_ws/src/me332_robot_description', 'symlink_install': False, 'test_result_base': None}
[0.245s] Level 5:colcon.colcon_core.verb:set package 'me332_teleop' build argument 'cmake_args' from command line to 'None'
[0.245s] Level 5:colcon.colcon_core.verb:set package 'me332_teleop' build argument 'cmake_target' from command line to 'None'
[0.245s] Level 5:colcon.colcon_core.verb:set package 'me332_teleop' build argument 'cmake_target_skip_unavailable' from command line to 'False'
[0.246s] Level 5:colcon.colcon_core.verb:set package 'me332_teleop' build argument 'cmake_clean_cache' from command line to 'False'
[0.246s] Level 5:colcon.colcon_core.verb:set package 'me332_teleop' build argument 'cmake_clean_first' from command line to 'False'
[0.246s] Level 5:colcon.colcon_core.verb:set package 'me332_teleop' build argument 'cmake_force_configure' from command line to 'False'
[0.246s] Level 5:colcon.colcon_core.verb:set package 'me332_teleop' build argument 'ament_cmake_args' from command line to 'None'
[0.246s] Level 5:colcon.colcon_core.verb:set package 'me332_teleop' build argument 'catkin_cmake_args' from command line to 'None'
[0.246s] Level 5:colcon.colcon_core.verb:set package 'me332_teleop' build argument 'catkin_skip_building_tests' from command line to 'False'
[0.246s] DEBUG:colcon.colcon_core.verb:Building package 'me332_teleop' with the following arguments: {'ament_cmake_args': None, 'build_base': '/home/liang/me332_ws/build/me332_teleop', 'catkin_cmake_args': None, 'catkin_skip_building_tests': False, 'cmake_args': None, 'cmake_clean_cache': False, 'cmake_clean_first': False, 'cmake_force_configure': False, 'cmake_target': None, 'cmake_target_skip_unavailable': False, 'install_base': '/home/liang/me332_ws/install/me332_teleop', 'merge_install': False, 'path': '/home/liang/me332_ws/src/me332_teleop', 'symlink_install': False, 'test_result_base': None}
[0.246s] Level 5:colcon.colcon_core.verb:set package 'gazebo_grasp_plugin' build argument 'cmake_args' from command line to 'None'
[0.246s] Level 5:colcon.colcon_core.verb:set package 'gazebo_grasp_plugin' build argument 'cmake_target' from command line to 'None'
[0.246s] Level 5:colcon.colcon_core.verb:set package 'gazebo_grasp_plugin' build argument 'cmake_target_skip_unavailable' from command line to 'False'
[0.246s] Level 5:colcon.colcon_core.verb:set package 'gazebo_grasp_plugin' build argument 'cmake_clean_cache' from command line to 'False'
[0.246s] Level 5:colcon.colcon_core.verb:set package 'gazebo_grasp_plugin' build argument 'cmake_clean_first' from command line to 'False'
[0.246s] Level 5:colcon.colcon_core.verb:set package 'gazebo_grasp_plugin' build argument 'cmake_force_configure' from command line to 'False'
[0.246s] Level 5:colcon.colcon_core.verb:set package 'gazebo_grasp_plugin' build argument 'ament_cmake_args' from command line to 'None'
[0.246s] Level 5:colcon.colcon_core.verb:set package 'gazebo_grasp_plugin' build argument 'catkin_cmake_args' from command line to 'None'
[0.246s] Level 5:colcon.colcon_core.verb:set package 'gazebo_grasp_plugin' build argument 'catkin_skip_building_tests' from command line to 'False'
[0.246s] DEBUG:colcon.colcon_core.verb:Building package 'gazebo_grasp_plugin' with the following arguments: {'ament_cmake_args': None, 'build_base': '/home/liang/me332_ws/build/gazebo_grasp_plugin', 'catkin_cmake_args': None, 'catkin_skip_building_tests': False, 'cmake_args': None, 'cmake_clean_cache': False, 'cmake_clean_first': False, 'cmake_force_configure': False, 'cmake_target': None, 'cmake_target_skip_unavailable': False, 'install_base': '/home/liang/me332_ws/install/gazebo_grasp_plugin', 'merge_install': False, 'path': '/home/liang/me332_ws/src/gazebo-pkgs-humble/gazebo_grasp_plugin', 'symlink_install': False, 'test_result_base': None}
[0.246s] Level 5:colcon.colcon_core.verb:set package 'gazebo_grasp_plugin_ros' build argument 'cmake_args' from command line to 'None'
[0.246s] Level 5:colcon.colcon_core.verb:set package 'gazebo_grasp_plugin_ros' build argument 'cmake_target' from command line to 'None'
[0.246s] Level 5:colcon.colcon_core.verb:set package 'gazebo_grasp_plugin_ros' build argument 'cmake_target_skip_unavailable' from command line to 'False'
[0.246s] Level 5:colcon.colcon_core.verb:set package 'gazebo_grasp_plugin_ros' build argument 'cmake_clean_cache' from command line to 'False'
[0.246s] Level 5:colcon.colcon_core.verb:set package 'gazebo_grasp_plugin_ros' build argument 'cmake_clean_first' from command line to 'False'
[0.246s] Level 5:colcon.colcon_core.verb:set package 'gazebo_grasp_plugin_ros' build argument 'cmake_force_configure' from command line to 'False'
[0.246s] Level 5:colcon.colcon_core.verb:set package 'gazebo_grasp_plugin_ros' build argument 'ament_cmake_args' from command line to 'None'
[0.246s] Level 5:colcon.colcon_core.verb:set package 'gazebo_grasp_plugin_ros' build argument 'catkin_cmake_args' from command line to 'None'
[0.246s] Level 5:colcon.colcon_core.verb:set package 'gazebo_grasp_plugin_ros' build argument 'catkin_skip_building_tests' from command line to 'False'
[0.246s] DEBUG:colcon.colcon_core.verb:Building package 'gazebo_grasp_plugin_ros' with the following arguments: {'ament_cmake_args': None, 'build_base': '/home/liang/me332_ws/build/gazebo_grasp_plugin_ros', 'catkin_cmake_args': None, 'catkin_skip_building_tests': False, 'cmake_args': None, 'cmake_clean_cache': False, 'cmake_clean_first': False, 'cmake_force_configure': False, 'cmake_target': None, 'cmake_target_skip_unavailable': False, 'install_base': '/home/liang/me332_ws/install/gazebo_grasp_plugin_ros', 'merge_install': False, 'path': '/home/liang/me332_ws/src/gazebo-pkgs-humble/gazebo_grasp_plugin_ros', 'symlink_install': False, 'test_result_base': None}
[0.246s] INFO:colcon.colcon_core.executor:Executing jobs using 'parallel' executor
[0.247s] DEBUG:colcon.colcon_parallel_executor.executor.parallel:run_until_complete
[0.248s] INFO:colcon.colcon_ros.task.ament_cmake.build:Building ROS package in '/home/liang/me332_ws/src/gazebo-pkgs-humble/gazebo_version_helpers' with build type 'ament_cmake'
[0.248s] INFO:colcon.colcon_cmake.task.cmake.build:Building CMake package in '/home/liang/me332_ws/src/gazebo-pkgs-humble/gazebo_version_helpers'
[0.249s] INFO:colcon.colcon_core.plugin_system:Skipping extension 'colcon_core.shell.bat': Not used on non-Windows systems
[0.249s] INFO:colcon.colcon_core.shell:Skip shell extension 'powershell' for command environment: Not usable outside of PowerShell
[0.249s] DEBUG:colcon.colcon_core.shell:Skip shell extension 'dsv' for command environment
[0.251s] INFO:colcon.colcon_ros.task.ament_cmake.build:Building ROS package in '/home/liang/me332_ws/src/me332_robot_description' with build type 'ament_cmake'
[0.251s] INFO:colcon.colcon_cmake.task.cmake.build:Building CMake package in '/home/liang/me332_ws/src/me332_robot_description'
[0.251s] INFO:colcon.colcon_core.shell:Skip shell extension 'powershell' for command environment: Not usable outside of PowerShell
[0.252s] DEBUG:colcon.colcon_core.shell:Skip shell extension 'dsv' for command environment
[0.253s] INFO:colcon.colcon_ros.task.ament_python.build:Building ROS package in '/home/liang/me332_ws/src/me332_teleop' with build type 'ament_python'
[0.253s] Level 1:colcon.colcon_core.shell:create_environment_hook('me332_teleop', 'ament_prefix_path')
[0.254s] INFO:colcon.colcon_core.shell:Creating environment hook '/home/liang/me332_ws/install/me332_teleop/share/me332_teleop/hook/ament_prefix_path.ps1'
[0.254s] INFO:colcon.colcon_core.shell:Creating environment descriptor '/home/liang/me332_ws/install/me332_teleop/share/me332_teleop/hook/ament_prefix_path.dsv'
[0.254s] INFO:colcon.colcon_core.shell:Creating environment hook '/home/liang/me332_ws/install/me332_teleop/share/me332_teleop/hook/ament_prefix_path.sh'
[0.255s] INFO:colcon.colcon_core.shell:Skip shell extension 'powershell' for command environment: Not usable outside of PowerShell
[0.255s] DEBUG:colcon.colcon_core.shell:Skip shell extension 'dsv' for command environment
[0.259s] DEBUG:colcon.colcon_core.event_handler.log_command:Invoking command in '/home/liang/me332_ws/build/gazebo_version_helpers': CMAKE_PREFIX_PATH=/opt/ros/humble /usr/bin/cmake /home/liang/me332_ws/src/gazebo-pkgs-humble/gazebo_version_helpers -DCMAKE_INSTALL_PREFIX=/home/liang/me332_ws/install/gazebo_version_helpers
[0.260s] DEBUG:colcon.colcon_core.event_handler.log_command:Invoking command in '/home/liang/me332_ws/build/me332_robot_description': CMAKE_PREFIX_PATH=/opt/ros/humble /usr/bin/cmake /home/liang/me332_ws/src/me332_robot_description -DCMAKE_INSTALL_PREFIX=/home/liang/me332_ws/install/me332_robot_description
[0.426s] INFO:colcon.colcon_core.task.python.build:Building Python package in '/home/liang/me332_ws/src/me332_teleop'
[0.426s] INFO:colcon.colcon_core.shell:Skip shell extension 'powershell' for command environment: Not usable outside of PowerShell
[0.426s] DEBUG:colcon.colcon_core.shell:Skip shell extension 'dsv' for command environment
[0.655s] DEBUG:colcon.colcon_core.event_handler.log_command:Invoking command in '/home/liang/me332_ws/src/me332_teleop': PYTHONPATH=/home/liang/me332_ws/build/me332_teleop/prefix_override:/usr/lib/python3/dist-packages/colcon_core/task/python/colcon_distutils_commands:/home/liang/me332_ws/install/me332_teleop/lib/python3.10/site-packages:${PYTHONPATH} /usr/bin/python3 -W ignore:setup.py install is deprecated -W ignore:easy_install command is deprecated setup.py egg_info --egg-base ../../build/me332_teleop build --build-base /home/liang/me332_ws/build/me332_teleop/build install --record /home/liang/me332_ws/build/me332_teleop/install.log --single-version-externally-managed install_data
[0.726s] DEBUG:colcon.colcon_core.event_handler.log_command:Invoked command in '/home/liang/me332_ws/build/me332_robot_description' returned '0': CMAKE_PREFIX_PATH=/opt/ros/humble /usr/bin/cmake /home/liang/me332_ws/src/me332_robot_description -DCMAKE_INSTALL_PREFIX=/home/liang/me332_ws/install/me332_robot_description
[0.728s] DEBUG:colcon.colcon_core.event_handler.log_command:Invoking command in '/home/liang/me332_ws/build/me332_robot_description': CMAKE_PREFIX_PATH=/opt/ros/humble /usr/bin/cmake --build /home/liang/me332_ws/build/me332_robot_description -- -j20 -l20
[0.759s] DEBUG:colcon.colcon_core.event_handler.log_command:Invoked command in '/home/liang/me332_ws/build/me332_robot_description' returned '0': CMAKE_PREFIX_PATH=/opt/ros/humble /usr/bin/cmake --build /home/liang/me332_ws/build/me332_robot_description -- -j20 -l20
[0.766s] DEBUG:colcon.colcon_core.event_handler.log_command:Invoking command in '/home/liang/me332_ws/build/me332_robot_description': CMAKE_PREFIX_PATH=/opt/ros/humble /usr/bin/cmake --install /home/liang/me332_ws/build/me332_robot_description
[0.775s] Level 1:colcon.colcon_core.environment:create_environment_scripts_only(me332_robot_description)
[0.776s] DEBUG:colcon.colcon_core.event_handler.log_command:Invoked command in '/home/liang/me332_ws/build/me332_robot_description' returned '0': CMAKE_PREFIX_PATH=/opt/ros/humble /usr/bin/cmake --install /home/liang/me332_ws/build/me332_robot_description
[0.777s] Level 1:colcon.colcon_core.environment:checking '/home/liang/me332_ws/install/me332_robot_description' for CMake module files
[0.777s] Level 1:colcon.colcon_core.environment:checking '/home/liang/me332_ws/install/me332_robot_description' for CMake config files
[0.777s] Level 1:colcon.colcon_core.shell:create_environment_hook('me332_robot_description', 'cmake_prefix_path')
[0.777s] INFO:colcon.colcon_core.shell:Creating environment hook '/home/liang/me332_ws/install/me332_robot_description/share/me332_robot_description/hook/cmake_prefix_path.ps1'
[0.778s] INFO:colcon.colcon_core.shell:Creating environment descriptor '/home/liang/me332_ws/install/me332_robot_description/share/me332_robot_description/hook/cmake_prefix_path.dsv'
[0.778s] INFO:colcon.colcon_core.shell:Creating environment hook '/home/liang/me332_ws/install/me332_robot_description/share/me332_robot_description/hook/cmake_prefix_path.sh'
[0.778s] Level 1:colcon.colcon_core.environment:checking '/home/liang/me332_ws/install/me332_robot_description/bin'
[0.778s] Level 1:colcon.colcon_core.environment:checking '/home/liang/me332_ws/install/me332_robot_description/lib/pkgconfig/me332_robot_description.pc'
[0.778s] Level 1:colcon.colcon_core.environment:checking '/home/liang/me332_ws/install/me332_robot_description/lib/python3.10/site-packages'
[0.779s] Level 1:colcon.colcon_core.environment:checking '/home/liang/me332_ws/install/me332_robot_description/bin'
[0.779s] INFO:colcon.colcon_core.shell:Creating package script '/home/liang/me332_ws/install/me332_robot_description/share/me332_robot_description/package.ps1'
[0.779s] INFO:colcon.colcon_core.shell:Creating package descriptor '/home/liang/me332_ws/install/me332_robot_description/share/me332_robot_description/package.dsv'
[0.780s] INFO:colcon.colcon_core.shell:Creating package script '/home/liang/me332_ws/install/me332_robot_description/share/me332_robot_description/package.sh'
[0.780s] INFO:colcon.colcon_core.shell:Creating package script '/home/liang/me332_ws/install/me332_robot_description/share/me332_robot_description/package.bash'
[0.780s] INFO:colcon.colcon_core.shell:Creating package script '/home/liang/me332_ws/install/me332_robot_description/share/me332_robot_description/package.zsh'
[0.781s] Level 1:colcon.colcon_core.environment:create_file_with_runtime_dependencies(/home/liang/me332_ws/install/me332_robot_description/share/colcon-core/packages/me332_robot_description)
[0.781s] Level 1:colcon.colcon_core.environment:create_environment_scripts_only(me332_robot_description)
[0.781s] Level 1:colcon.colcon_core.environment:checking '/home/liang/me332_ws/install/me332_robot_description' for CMake module files
[0.782s] Level 1:colcon.colcon_core.environment:checking '/home/liang/me332_ws/install/me332_robot_description' for CMake config files
[0.782s] Level 1:colcon.colcon_core.shell:create_environment_hook('me332_robot_description', 'cmake_prefix_path')
[0.782s] INFO:colcon.colcon_core.shell:Creating environment hook '/home/liang/me332_ws/install/me332_robot_description/share/me332_robot_description/hook/cmake_prefix_path.ps1'
[0.782s] INFO:colcon.colcon_core.shell:Creating environment descriptor '/home/liang/me332_ws/install/me332_robot_description/share/me332_robot_description/hook/cmake_prefix_path.dsv'
[0.782s] INFO:colcon.colcon_core.shell:Creating environment hook '/home/liang/me332_ws/install/me332_robot_description/share/me332_robot_description/hook/cmake_prefix_path.sh'
[0.782s] Level 1:colcon.colcon_core.environment:checking '/home/liang/me332_ws/install/me332_robot_description/bin'
[0.783s] Level 1:colcon.colcon_core.environment:checking '/home/liang/me332_ws/install/me332_robot_description/lib/pkgconfig/me332_robot_description.pc'
[0.783s] Level 1:colcon.colcon_core.environment:checking '/home/liang/me332_ws/install/me332_robot_description/lib/python3.10/site-packages'
[0.783s] Level 1:colcon.colcon_core.environment:checking '/home/liang/me332_ws/install/me332_robot_description/bin'
[0.783s] INFO:colcon.colcon_core.shell:Creating package script '/home/liang/me332_ws/install/me332_robot_description/share/me332_robot_description/package.ps1'
[0.783s] INFO:colcon.colcon_core.shell:Creating package descriptor '/home/liang/me332_ws/install/me332_robot_description/share/me332_robot_description/package.dsv'
[0.784s] INFO:colcon.colcon_core.shell:Creating package script '/home/liang/me332_ws/install/me332_robot_description/share/me332_robot_description/package.sh'
[0.784s] INFO:colcon.colcon_core.shell:Creating package script '/home/liang/me332_ws/install/me332_robot_description/share/me332_robot_description/package.bash'
[0.784s] INFO:colcon.colcon_core.shell:Creating package script '/home/liang/me332_ws/install/me332_robot_description/share/me332_robot_description/package.zsh'
[0.784s] Level 1:colcon.colcon_core.environment:create_file_with_runtime_dependencies(/home/liang/me332_ws/install/me332_robot_description/share/colcon-core/packages/me332_robot_description)
[0.884s] Level 1:colcon.colcon_core.environment:checking '/home/liang/me332_ws/install/me332_teleop' for CMake module files
[0.885s] DEBUG:colcon.colcon_core.event_handler.log_command:Invoked command in '/home/liang/me332_ws/src/me332_teleop' returned '0': PYTHONPATH=/home/liang/me332_ws/build/me332_teleop/prefix_override:/usr/lib/python3/dist-packages/colcon_core/task/python/colcon_distutils_commands:/home/liang/me332_ws/install/me332_teleop/lib/python3.10/site-packages:${PYTHONPATH} /usr/bin/python3 -W ignore:setup.py install is deprecated -W ignore:easy_install command is deprecated setup.py egg_info --egg-base ../../build/me332_teleop build --build-base /home/liang/me332_ws/build/me332_teleop/build install --record /home/liang/me332_ws/build/me332_teleop/install.log --single-version-externally-managed install_data
[0.885s] Level 1:colcon.colcon_core.environment:checking '/home/liang/me332_ws/install/me332_teleop' for CMake config files
[0.885s] Level 1:colcon.colcon_core.environment:checking '/home/liang/me332_ws/install/me332_teleop/lib'
[0.885s] Level 1:colcon.colcon_core.environment:checking '/home/liang/me332_ws/install/me332_teleop/bin'
[0.885s] Level 1:colcon.colcon_core.environment:checking '/home/liang/me332_ws/install/me332_teleop/lib/pkgconfig/me332_teleop.pc'
[0.886s] Level 1:colcon.colcon_core.environment:checking '/home/liang/me332_ws/install/me332_teleop/lib/python3.10/site-packages'
[0.886s] Level 1:colcon.colcon_core.shell:create_environment_hook('me332_teleop', 'pythonpath')
[0.886s] INFO:colcon.colcon_core.shell:Creating environment hook '/home/liang/me332_ws/install/me332_teleop/share/me332_teleop/hook/pythonpath.ps1'
[0.886s] INFO:colcon.colcon_core.shell:Creating environment descriptor '/home/liang/me332_ws/install/me332_teleop/share/me332_teleop/hook/pythonpath.dsv'
[0.886s] INFO:colcon.colcon_core.shell:Creating environment hook '/home/liang/me332_ws/install/me332_teleop/share/me332_teleop/hook/pythonpath.sh'
[0.887s] Level 1:colcon.colcon_core.environment:checking '/home/liang/me332_ws/install/me332_teleop/bin'
[0.887s] Level 1:colcon.colcon_core.environment:create_environment_scripts_only(me332_teleop)
[0.887s] INFO:colcon.colcon_core.shell:Creating package script '/home/liang/me332_ws/install/me332_teleop/share/me332_teleop/package.ps1'
[0.887s] INFO:colcon.colcon_core.shell:Creating package descriptor '/home/liang/me332_ws/install/me332_teleop/share/me332_teleop/package.dsv'
[0.887s] INFO:colcon.colcon_core.shell:Creating package script '/home/liang/me332_ws/install/me332_teleop/share/me332_teleop/package.sh'
[0.888s] INFO:colcon.colcon_core.shell:Creating package script '/home/liang/me332_ws/install/me332_teleop/share/me332_teleop/package.bash'
[0.888s] INFO:colcon.colcon_core.shell:Creating package script '/home/liang/me332_ws/install/me332_teleop/share/me332_teleop/package.zsh'
[0.888s] Level 1:colcon.colcon_core.environment:create_file_with_runtime_dependencies(/home/liang/me332_ws/install/me332_teleop/share/colcon-core/packages/me332_teleop)
[1.840s] DEBUG:colcon.colcon_core.event_handler.log_command:Invoked command in '/home/liang/me332_ws/build/gazebo_version_helpers' returned '0': CMAKE_PREFIX_PATH=/opt/ros/humble /usr/bin/cmake /home/liang/me332_ws/src/gazebo-pkgs-humble/gazebo_version_helpers -DCMAKE_INSTALL_PREFIX=/home/liang/me332_ws/install/gazebo_version_helpers
[1.840s] DEBUG:colcon.colcon_core.event_handler.log_command:Invoking command in '/home/liang/me332_ws/build/gazebo_version_helpers': CMAKE_PREFIX_PATH=/opt/ros/humble /usr/bin/cmake --build /home/liang/me332_ws/build/gazebo_version_helpers -- -j20 -l20
[9.159s] DEBUG:colcon.colcon_core.event_handler.log_command:Invoked command in '/home/liang/me332_ws/build/gazebo_version_helpers' returned '0': CMAKE_PREFIX_PATH=/opt/ros/humble /usr/bin/cmake --build /home/liang/me332_ws/build/gazebo_version_helpers -- -j20 -l20
[9.160s] DEBUG:colcon.colcon_core.event_handler.log_command:Invoking command in '/home/liang/me332_ws/build/gazebo_version_helpers': CMAKE_PREFIX_PATH=/opt/ros/humble /usr/bin/cmake --install /home/liang/me332_ws/build/gazebo_version_helpers
[9.169s] Level 1:colcon.colcon_core.environment:create_environment_scripts_only(gazebo_version_helpers)
[9.169s] Level 1:colcon.colcon_core.environment:checking '/home/liang/me332_ws/install/gazebo_version_helpers' for CMake module files
[9.170s] DEBUG:colcon.colcon_core.event_handler.log_command:Invoked command in '/home/liang/me332_ws/build/gazebo_version_helpers' returned '0': CMAKE_PREFIX_PATH=/opt/ros/humble /usr/bin/cmake --install /home/liang/me332_ws/build/gazebo_version_helpers
[9.170s] Level 1:colcon.colcon_core.environment:checking '/home/liang/me332_ws/install/gazebo_version_helpers' for CMake config files
[9.170s] Level 1:colcon.colcon_core.shell:create_environment_hook('gazebo_version_helpers', 'cmake_prefix_path')
[9.171s] INFO:colcon.colcon_core.shell:Creating environment hook '/home/liang/me332_ws/install/gazebo_version_helpers/share/gazebo_version_helpers/hook/cmake_prefix_path.ps1'
[9.171s] INFO:colcon.colcon_core.shell:Creating environment descriptor '/home/liang/me332_ws/install/gazebo_version_helpers/share/gazebo_version_helpers/hook/cmake_prefix_path.dsv'
[9.171s] INFO:colcon.colcon_core.shell:Creating environment hook '/home/liang/me332_ws/install/gazebo_version_helpers/share/gazebo_version_helpers/hook/cmake_prefix_path.sh'
[9.172s] Level 1:colcon.colcon_core.environment:checking '/home/liang/me332_ws/install/gazebo_version_helpers/lib'
[9.172s] Level 1:colcon.colcon_core.shell:create_environment_hook('gazebo_version_helpers', 'ld_library_path_lib')
[9.172s] INFO:colcon.colcon_core.shell:Creating environment hook '/home/liang/me332_ws/install/gazebo_version_helpers/share/gazebo_version_helpers/hook/ld_library_path_lib.ps1'
[9.173s] INFO:colcon.colcon_core.shell:Creating environment descriptor '/home/liang/me332_ws/install/gazebo_version_helpers/share/gazebo_version_helpers/hook/ld_library_path_lib.dsv'
[9.173s] INFO:colcon.colcon_core.shell:Creating environment hook '/home/liang/me332_ws/install/gazebo_version_helpers/share/gazebo_version_helpers/hook/ld_library_path_lib.sh'
[9.173s] Level 1:colcon.colcon_core.environment:checking '/home/liang/me332_ws/install/gazebo_version_helpers/bin'
[9.173s] Level 1:colcon.colcon_core.environment:checking '/home/liang/me332_ws/install/gazebo_version_helpers/lib/pkgconfig/gazebo_version_helpers.pc'
[9.173s] Level 1:colcon.colcon_core.environment:checking '/home/liang/me332_ws/install/gazebo_version_helpers/lib/python3.10/site-packages'
[9.174s] Level 1:colcon.colcon_core.environment:checking '/home/liang/me332_ws/install/gazebo_version_helpers/bin'
[9.174s] INFO:colcon.colcon_core.shell:Creating package script '/home/liang/me332_ws/install/gazebo_version_helpers/share/gazebo_version_helpers/package.ps1'
[9.174s] INFO:colcon.colcon_core.shell:Creating package descriptor '/home/liang/me332_ws/install/gazebo_version_helpers/share/gazebo_version_helpers/package.dsv'
[9.174s] INFO:colcon.colcon_core.shell:Creating package script '/home/liang/me332_ws/install/gazebo_version_helpers/share/gazebo_version_helpers/package.sh'
[9.175s] INFO:colcon.colcon_core.shell:Creating package script '/home/liang/me332_ws/install/gazebo_version_helpers/share/gazebo_version_helpers/package.bash'
[9.175s] INFO:colcon.colcon_core.shell:Creating package script '/home/liang/me332_ws/install/gazebo_version_helpers/share/gazebo_version_helpers/package.zsh'
[9.175s] Level 1:colcon.colcon_core.environment:create_file_with_runtime_dependencies(/home/liang/me332_ws/install/gazebo_version_helpers/share/colcon-core/packages/gazebo_version_helpers)
[9.175s] Level 1:colcon.colcon_core.environment:create_environment_scripts_only(gazebo_version_helpers)
[9.175s] Level 1:colcon.colcon_core.environment:checking '/home/liang/me332_ws/install/gazebo_version_helpers' for CMake module files
[9.176s] Level 1:colcon.colcon_core.environment:checking '/home/liang/me332_ws/install/gazebo_version_helpers' for CMake config files
[9.176s] Level 1:colcon.colcon_core.shell:create_environment_hook('gazebo_version_helpers', 'cmake_prefix_path')
[9.176s] INFO:colcon.colcon_core.shell:Creating environment hook '/home/liang/me332_ws/install/gazebo_version_helpers/share/gazebo_version_helpers/hook/cmake_prefix_path.ps1'
[9.176s] INFO:colcon.colcon_core.shell:Creating environment descriptor '/home/liang/me332_ws/install/gazebo_version_helpers/share/gazebo_version_helpers/hook/cmake_prefix_path.dsv'
[9.176s] INFO:colcon.colcon_core.shell:Creating environment hook '/home/liang/me332_ws/install/gazebo_version_helpers/share/gazebo_version_helpers/hook/cmake_prefix_path.sh'
[9.177s] Level 1:colcon.colcon_core.environment:checking '/home/liang/me332_ws/install/gazebo_version_helpers/lib'
[9.177s] Level 1:colcon.colcon_core.shell:create_environment_hook('gazebo_version_helpers', 'ld_library_path_lib')
[9.177s] INFO:colcon.colcon_core.shell:Creating environment hook '/home/liang/me332_ws/install/gazebo_version_helpers/share/gazebo_version_helpers/hook/ld_library_path_lib.ps1'
[9.177s] INFO:colcon.colcon_core.shell:Creating environment descriptor '/home/liang/me332_ws/install/gazebo_version_helpers/share/gazebo_version_helpers/hook/ld_library_path_lib.dsv'
[9.177s] INFO:colcon.colcon_core.shell:Creating environment hook '/home/liang/me332_ws/install/gazebo_version_helpers/share/gazebo_version_helpers/hook/ld_library_path_lib.sh'
[9.177s] Level 1:colcon.colcon_core.environment:checking '/home/liang/me332_ws/install/gazebo_version_helpers/bin'
[9.177s] Level 1:colcon.colcon_core.environment:checking '/home/liang/me332_ws/install/gazebo_version_helpers/lib/pkgconfig/gazebo_version_helpers.pc'
[9.178s] Level 1:colcon.colcon_core.environment:checking '/home/liang/me332_ws/install/gazebo_version_helpers/lib/python3.10/site-packages'
[9.178s] Level 1:colcon.colcon_core.environment:checking '/home/liang/me332_ws/install/gazebo_version_helpers/bin'
[9.178s] INFO:colcon.colcon_core.shell:Creating package script '/home/liang/me332_ws/install/gazebo_version_helpers/share/gazebo_version_helpers/package.ps1'
[9.178s] INFO:colcon.colcon_core.shell:Creating package descriptor '/home/liang/me332_ws/install/gazebo_version_helpers/share/gazebo_version_helpers/package.dsv'
[9.179s] INFO:colcon.colcon_core.shell:Creating package script '/home/liang/me332_ws/install/gazebo_version_helpers/share/gazebo_version_helpers/package.sh'
[9.179s] INFO:colcon.colcon_core.shell:Creating package script '/home/liang/me332_ws/install/gazebo_version_helpers/share/gazebo_version_helpers/package.bash'
[9.179s] INFO:colcon.colcon_core.shell:Creating package script '/home/liang/me332_ws/install/gazebo_version_helpers/share/gazebo_version_helpers/package.zsh'
[9.179s] Level 1:colcon.colcon_core.environment:create_file_with_runtime_dependencies(/home/liang/me332_ws/install/gazebo_version_helpers/share/colcon-core/packages/gazebo_version_helpers)
[9.179s] INFO:colcon.colcon_ros.task.ament_cmake.build:Building ROS package in '/home/liang/me332_ws/src/gazebo-pkgs-humble/gazebo_grasp_plugin' with build type 'ament_cmake'
[9.180s] INFO:colcon.colcon_cmake.task.cmake.build:Building CMake package in '/home/liang/me332_ws/src/gazebo-pkgs-humble/gazebo_grasp_plugin'
[9.180s] INFO:colcon.colcon_core.shell:Skip shell extension 'powershell' for command environment: Not usable outside of PowerShell
[9.180s] DEBUG:colcon.colcon_core.shell:Skip shell extension 'dsv' for command environment
[9.188s] DEBUG:colcon.colcon_core.event_handler.log_command:Invoking command in '/home/liang/me332_ws/build/gazebo_grasp_plugin': AMENT_PREFIX_PATH=/home/liang/me332_ws/install/gazebo_version_helpers:${AMENT_PREFIX_PATH} CMAKE_PREFIX_PATH=/home/liang/me332_ws/install/gazebo_version_helpers:/opt/ros/humble LD_LIBRARY_PATH=/home/liang/me332_ws/install/gazebo_version_helpers/lib:${LD_LIBRARY_PATH} /usr/bin/cmake /home/liang/me332_ws/src/gazebo-pkgs-humble/gazebo_grasp_plugin -DCMAKE_INSTALL_PREFIX=/home/liang/me332_ws/install/gazebo_grasp_plugin
[10.850s] DEBUG:colcon.colcon_core.event_handler.log_command:Invoked command in '/home/liang/me332_ws/build/gazebo_grasp_plugin' returned '0': AMENT_PREFIX_PATH=/home/liang/me332_ws/install/gazebo_version_helpers:${AMENT_PREFIX_PATH} CMAKE_PREFIX_PATH=/home/liang/me332_ws/install/gazebo_version_helpers:/opt/ros/humble LD_LIBRARY_PATH=/home/liang/me332_ws/install/gazebo_version_helpers/lib:${LD_LIBRARY_PATH} /usr/bin/cmake /home/liang/me332_ws/src/gazebo-pkgs-humble/gazebo_grasp_plugin -DCMAKE_INSTALL_PREFIX=/home/liang/me332_ws/install/gazebo_grasp_plugin
[10.851s] DEBUG:colcon.colcon_core.event_handler.log_command:Invoking command in '/home/liang/me332_ws/build/gazebo_grasp_plugin': AMENT_PREFIX_PATH=/home/liang/me332_ws/install/gazebo_version_helpers:${AMENT_PREFIX_PATH} CMAKE_PREFIX_PATH=/home/liang/me332_ws/install/gazebo_version_helpers:/opt/ros/humble LD_LIBRARY_PATH=/home/liang/me332_ws/install/gazebo_version_helpers/lib:${LD_LIBRARY_PATH} /usr/bin/cmake --build /home/liang/me332_ws/build/gazebo_grasp_plugin -- -j20 -l20
[21.457s] DEBUG:colcon.colcon_core.event_handler.log_command:Invoked command in '/home/liang/me332_ws/build/gazebo_grasp_plugin' returned '0': AMENT_PREFIX_PATH=/home/liang/me332_ws/install/gazebo_version_helpers:${AMENT_PREFIX_PATH} CMAKE_PREFIX_PATH=/home/liang/me332_ws/install/gazebo_version_helpers:/opt/ros/humble LD_LIBRARY_PATH=/home/liang/me332_ws/install/gazebo_version_helpers/lib:${LD_LIBRARY_PATH} /usr/bin/cmake --build /home/liang/me332_ws/build/gazebo_grasp_plugin -- -j20 -l20
[21.458s] DEBUG:colcon.colcon_core.event_handler.log_command:Invoking command in '/home/liang/me332_ws/build/gazebo_grasp_plugin': AMENT_PREFIX_PATH=/home/liang/me332_ws/install/gazebo_version_helpers:${AMENT_PREFIX_PATH} CMAKE_PREFIX_PATH=/home/liang/me332_ws/install/gazebo_version_helpers:/opt/ros/humble LD_LIBRARY_PATH=/home/liang/me332_ws/install/gazebo_version_helpers/lib:${LD_LIBRARY_PATH} /usr/bin/cmake --install /home/liang/me332_ws/build/gazebo_grasp_plugin
[21.471s] Level 1:colcon.colcon_core.environment:create_environment_scripts_only(gazebo_grasp_plugin)
[21.472s] DEBUG:colcon.colcon_core.event_handler.log_command:Invoked command in '/home/liang/me332_ws/build/gazebo_grasp_plugin' returned '0': AMENT_PREFIX_PATH=/home/liang/me332_ws/install/gazebo_version_helpers:${AMENT_PREFIX_PATH} CMAKE_PREFIX_PATH=/home/liang/me332_ws/install/gazebo_version_helpers:/opt/ros/humble LD_LIBRARY_PATH=/home/liang/me332_ws/install/gazebo_version_helpers/lib:${LD_LIBRARY_PATH} /usr/bin/cmake --install /home/liang/me332_ws/build/gazebo_grasp_plugin
[21.472s] Level 1:colcon.colcon_core.environment:checking '/home/liang/me332_ws/install/gazebo_grasp_plugin' for CMake module files
[21.473s] Level 1:colcon.colcon_core.environment:checking '/home/liang/me332_ws/install/gazebo_grasp_plugin' for CMake config files
[21.473s] Level 1:colcon.colcon_core.shell:create_environment_hook('gazebo_grasp_plugin', 'cmake_prefix_path')
[21.473s] INFO:colcon.colcon_core.shell:Creating environment hook '/home/liang/me332_ws/install/gazebo_grasp_plugin/share/gazebo_grasp_plugin/hook/cmake_prefix_path.ps1'
[21.474s] INFO:colcon.colcon_core.shell:Creating environment descriptor '/home/liang/me332_ws/install/gazebo_grasp_plugin/share/gazebo_grasp_plugin/hook/cmake_prefix_path.dsv'
[21.474s] INFO:colcon.colcon_core.shell:Creating environment hook '/home/liang/me332_ws/install/gazebo_grasp_plugin/share/gazebo_grasp_plugin/hook/cmake_prefix_path.sh'
[21.474s] Level 1:colcon.colcon_core.environment:checking '/home/liang/me332_ws/install/gazebo_grasp_plugin/lib'
[21.475s] Level 1:colcon.colcon_core.shell:create_environment_hook('gazebo_grasp_plugin', 'ld_library_path_lib')
[21.475s] INFO:colcon.colcon_core.shell:Creating environment hook '/home/liang/me332_ws/install/gazebo_grasp_plugin/share/gazebo_grasp_plugin/hook/ld_library_path_lib.ps1'
[21.475s] INFO:colcon.colcon_core.shell:Creating environment descriptor '/home/liang/me332_ws/install/gazebo_grasp_plugin/share/gazebo_grasp_plugin/hook/ld_library_path_lib.dsv'
[21.475s] INFO:colcon.colcon_core.shell:Creating environment hook '/home/liang/me332_ws/install/gazebo_grasp_plugin/share/gazebo_grasp_plugin/hook/ld_library_path_lib.sh'
[21.476s] Level 1:colcon.colcon_core.environment:checking '/home/liang/me332_ws/install/gazebo_grasp_plugin/bin'
[21.476s] Level 1:colcon.colcon_core.environment:checking '/home/liang/me332_ws/install/gazebo_grasp_plugin/lib/pkgconfig/gazebo_grasp_plugin.pc'
[21.476s] Level 1:colcon.colcon_core.environment:checking '/home/liang/me332_ws/install/gazebo_grasp_plugin/lib/python3.10/site-packages'
[21.477s] Level 1:colcon.colcon_core.environment:checking '/home/liang/me332_ws/install/gazebo_grasp_plugin/bin'
[21.477s] INFO:colcon.colcon_core.shell:Creating package script '/home/liang/me332_ws/install/gazebo_grasp_plugin/share/gazebo_grasp_plugin/package.ps1'
[21.477s] INFO:colcon.colcon_core.shell:Creating package descriptor '/home/liang/me332_ws/install/gazebo_grasp_plugin/share/gazebo_grasp_plugin/package.dsv'
[21.477s] INFO:colcon.colcon_core.shell:Creating package script '/home/liang/me332_ws/install/gazebo_grasp_plugin/share/gazebo_grasp_plugin/package.sh'
[21.478s] INFO:colcon.colcon_core.shell:Creating package script '/home/liang/me332_ws/install/gazebo_grasp_plugin/share/gazebo_grasp_plugin/package.bash'
[21.478s] INFO:colcon.colcon_core.shell:Creating package script '/home/liang/me332_ws/install/gazebo_grasp_plugin/share/gazebo_grasp_plugin/package.zsh'
[21.478s] Level 1:colcon.colcon_core.environment:create_file_with_runtime_dependencies(/home/liang/me332_ws/install/gazebo_grasp_plugin/share/colcon-core/packages/gazebo_grasp_plugin)
[21.478s] Level 1:colcon.colcon_core.environment:create_environment_scripts_only(gazebo_grasp_plugin)
[21.479s] Level 1:colcon.colcon_core.environment:checking '/home/liang/me332_ws/install/gazebo_grasp_plugin' for CMake module files
[21.479s] Level 1:colcon.colcon_core.environment:checking '/home/liang/me332_ws/install/gazebo_grasp_plugin' for CMake config files
[21.479s] Level 1:colcon.colcon_core.shell:create_environment_hook('gazebo_grasp_plugin', 'cmake_prefix_path')
[21.479s] INFO:colcon.colcon_core.shell:Creating environment hook '/home/liang/me332_ws/install/gazebo_grasp_plugin/share/gazebo_grasp_plugin/hook/cmake_prefix_path.ps1'
[21.479s] INFO:colcon.colcon_core.shell:Creating environment descriptor '/home/liang/me332_ws/install/gazebo_grasp_plugin/share/gazebo_grasp_plugin/hook/cmake_prefix_path.dsv'
[21.479s] INFO:colcon.colcon_core.shell:Creating environment hook '/home/liang/me332_ws/install/gazebo_grasp_plugin/share/gazebo_grasp_plugin/hook/cmake_prefix_path.sh'
[21.480s] Level 1:colcon.colcon_core.environment:checking '/home/liang/me332_ws/install/gazebo_grasp_plugin/lib'
[21.480s] Level 1:colcon.colcon_core.shell:create_environment_hook('gazebo_grasp_plugin', 'ld_library_path_lib')
[21.480s] INFO:colcon.colcon_core.shell:Creating environment hook '/home/liang/me332_ws/install/gazebo_grasp_plugin/share/gazebo_grasp_plugin/hook/ld_library_path_lib.ps1'
[21.480s] INFO:colcon.colcon_core.shell:Creating environment descriptor '/home/liang/me332_ws/install/gazebo_grasp_plugin/share/gazebo_grasp_plugin/hook/ld_library_path_lib.dsv'
[21.480s] INFO:colcon.colcon_core.shell:Creating environment hook '/home/liang/me332_ws/install/gazebo_grasp_plugin/share/gazebo_grasp_plugin/hook/ld_library_path_lib.sh'
[21.480s] Level 1:colcon.colcon_core.environment:checking '/home/liang/me332_ws/install/gazebo_grasp_plugin/bin'
[21.480s] Level 1:colcon.colcon_core.environment:checking '/home/liang/me332_ws/install/gazebo_grasp_plugin/lib/pkgconfig/gazebo_grasp_plugin.pc'
[21.481s] Level 1:colcon.colcon_core.environment:checking '/home/liang/me332_ws/install/gazebo_grasp_plugin/lib/python3.10/site-packages'
[21.481s] Level 1:colcon.colcon_core.environment:checking '/home/liang/me332_ws/install/gazebo_grasp_plugin/bin'
[21.481s] INFO:colcon.colcon_core.shell:Creating package script '/home/liang/me332_ws/install/gazebo_grasp_plugin/share/gazebo_grasp_plugin/package.ps1'
[21.481s] INFO:colcon.colcon_core.shell:Creating package descriptor '/home/liang/me332_ws/install/gazebo_grasp_plugin/share/gazebo_grasp_plugin/package.dsv'
[21.482s] INFO:colcon.colcon_core.shell:Creating package script '/home/liang/me332_ws/install/gazebo_grasp_plugin/share/gazebo_grasp_plugin/package.sh'
[21.482s] INFO:colcon.colcon_core.shell:Creating package script '/home/liang/me332_ws/install/gazebo_grasp_plugin/share/gazebo_grasp_plugin/package.bash'
[21.482s] INFO:colcon.colcon_core.shell:Creating package script '/home/liang/me332_ws/install/gazebo_grasp_plugin/share/gazebo_grasp_plugin/package.zsh'
[21.482s] Level 1:colcon.colcon_core.environment:create_file_with_runtime_dependencies(/home/liang/me332_ws/install/gazebo_grasp_plugin/share/colcon-core/packages/gazebo_grasp_plugin)
[21.482s] INFO:colcon.colcon_ros.task.ament_cmake.build:Building ROS package in '/home/liang/me332_ws/src/gazebo-pkgs-humble/gazebo_grasp_plugin_ros' with build type 'ament_cmake'
[21.483s] INFO:colcon.colcon_cmake.task.cmake.build:Building CMake package in '/home/liang/me332_ws/src/gazebo-pkgs-humble/gazebo_grasp_plugin_ros'
[21.483s] INFO:colcon.colcon_core.shell:Skip shell extension 'powershell' for command environment: Not usable outside of PowerShell
[21.483s] DEBUG:colcon.colcon_core.shell:Skip shell extension 'dsv' for command environment
[21.493s] DEBUG:colcon.colcon_core.event_handler.log_command:Invoking command in '/home/liang/me332_ws/build/gazebo_grasp_plugin_ros': AMENT_PREFIX_PATH=/home/liang/me332_ws/install/gazebo_grasp_plugin:/home/liang/me332_ws/install/gazebo_version_helpers:${AMENT_PREFIX_PATH} CMAKE_PREFIX_PATH=/home/liang/me332_ws/install/gazebo_grasp_plugin:/home/liang/me332_ws/install/gazebo_version_helpers:/opt/ros/humble LD_LIBRARY_PATH=/home/liang/me332_ws/install/gazebo_grasp_plugin/lib:/home/liang/me332_ws/install/gazebo_version_helpers/lib:${LD_LIBRARY_PATH} /usr/bin/cmake /home/liang/me332_ws/src/gazebo-pkgs-humble/gazebo_grasp_plugin_ros -DCMAKE_INSTALL_PREFIX=/home/liang/me332_ws/install/gazebo_grasp_plugin_ros
[23.195s] DEBUG:colcon.colcon_core.event_handler.log_command:Invoked command in '/home/liang/me332_ws/build/gazebo_grasp_plugin_ros' returned '0': AMENT_PREFIX_PATH=/home/liang/me332_ws/install/gazebo_grasp_plugin:/home/liang/me332_ws/install/gazebo_version_helpers:${AMENT_PREFIX_PATH} CMAKE_PREFIX_PATH=/home/liang/me332_ws/install/gazebo_grasp_plugin:/home/liang/me332_ws/install/gazebo_version_helpers:/opt/ros/humble LD_LIBRARY_PATH=/home/liang/me332_ws/install/gazebo_grasp_plugin/lib:/home/liang/me332_ws/install/gazebo_version_helpers/lib:${LD_LIBRARY_PATH} /usr/bin/cmake /home/liang/me332_ws/src/gazebo-pkgs-humble/gazebo_grasp_plugin_ros -DCMAKE_INSTALL_PREFIX=/home/liang/me332_ws/install/gazebo_grasp_plugin_ros
[23.197s] DEBUG:colcon.colcon_core.event_handler.log_command:Invoking command in '/home/liang/me332_ws/build/gazebo_grasp_plugin_ros': AMENT_PREFIX_PATH=/home/liang/me332_ws/install/gazebo_grasp_plugin:/home/liang/me332_ws/install/gazebo_version_helpers:${AMENT_PREFIX_PATH} CMAKE_PREFIX_PATH=/home/liang/me332_ws/install/gazebo_grasp_plugin:/home/liang/me332_ws/install/gazebo_version_helpers:/opt/ros/humble LD_LIBRARY_PATH=/home/liang/me332_ws/install/gazebo_grasp_plugin/lib:/home/liang/me332_ws/install/gazebo_version_helpers/lib:${LD_LIBRARY_PATH} /usr/bin/cmake --build /home/liang/me332_ws/build/gazebo_grasp_plugin_ros -- -j20 -l20
[31.444s] DEBUG:colcon.colcon_core.event_handler.log_command:Invoked command in '/home/liang/me332_ws/build/gazebo_grasp_plugin_ros' returned '0': AMENT_PREFIX_PATH=/home/liang/me332_ws/install/gazebo_grasp_plugin:/home/liang/me332_ws/install/gazebo_version_helpers:${AMENT_PREFIX_PATH} CMAKE_PREFIX_PATH=/home/liang/me332_ws/install/gazebo_grasp_plugin:/home/liang/me332_ws/install/gazebo_version_helpers:/opt/ros/humble LD_LIBRARY_PATH=/home/liang/me332_ws/install/gazebo_grasp_plugin/lib:/home/liang/me332_ws/install/gazebo_version_helpers/lib:${LD_LIBRARY_PATH} /usr/bin/cmake --build /home/liang/me332_ws/build/gazebo_grasp_plugin_ros -- -j20 -l20
[31.447s] DEBUG:colcon.colcon_core.event_handler.log_command:Invoking command in '/home/liang/me332_ws/build/gazebo_grasp_plugin_ros': AMENT_PREFIX_PATH=/home/liang/me332_ws/install/gazebo_grasp_plugin:/home/liang/me332_ws/install/gazebo_version_helpers:${AMENT_PREFIX_PATH} CMAKE_PREFIX_PATH=/home/liang/me332_ws/install/gazebo_grasp_plugin:/home/liang/me332_ws/install/gazebo_version_helpers:/opt/ros/humble LD_LIBRARY_PATH=/home/liang/me332_ws/install/gazebo_grasp_plugin/lib:/home/liang/me332_ws/install/gazebo_version_helpers/lib:${LD_LIBRARY_PATH} /usr/bin/cmake --install /home/liang/me332_ws/build/gazebo_grasp_plugin_ros
[31.464s] Level 1:colcon.colcon_core.environment:create_environment_scripts_only(gazebo_grasp_plugin_ros)
[31.464s] Level 1:colcon.colcon_core.environment:checking '/home/liang/me332_ws/install/gazebo_grasp_plugin_ros' for CMake module files
[31.465s] DEBUG:colcon.colcon_core.event_handler.log_command:Invoked command in '/home/liang/me332_ws/build/gazebo_grasp_plugin_ros' returned '0': AMENT_PREFIX_PATH=/home/liang/me332_ws/install/gazebo_grasp_plugin:/home/liang/me332_ws/install/gazebo_version_helpers:${AMENT_PREFIX_PATH} CMAKE_PREFIX_PATH=/home/liang/me332_ws/install/gazebo_grasp_plugin:/home/liang/me332_ws/install/gazebo_version_helpers:/opt/ros/humble LD_LIBRARY_PATH=/home/liang/me332_ws/install/gazebo_grasp_plugin/lib:/home/liang/me332_ws/install/gazebo_version_helpers/lib:${LD_LIBRARY_PATH} /usr/bin/cmake --install /home/liang/me332_ws/build/gazebo_grasp_plugin_ros
[31.465s] Level 1:colcon.colcon_core.environment:checking '/home/liang/me332_ws/install/gazebo_grasp_plugin_ros' for CMake config files
[31.465s] Level 1:colcon.colcon_core.shell:create_environment_hook('gazebo_grasp_plugin_ros', 'cmake_prefix_path')
[31.465s] INFO:colcon.colcon_core.shell:Creating environment hook '/home/liang/me332_ws/install/gazebo_grasp_plugin_ros/share/gazebo_grasp_plugin_ros/hook/cmake_prefix_path.ps1'
[31.466s] INFO:colcon.colcon_core.shell:Creating environment descriptor '/home/liang/me332_ws/install/gazebo_grasp_plugin_ros/share/gazebo_grasp_plugin_ros/hook/cmake_prefix_path.dsv'
[31.466s] INFO:colcon.colcon_core.shell:Creating environment hook '/home/liang/me332_ws/install/gazebo_grasp_plugin_ros/share/gazebo_grasp_plugin_ros/hook/cmake_prefix_path.sh'
[31.467s] Level 1:colcon.colcon_core.environment:checking '/home/liang/me332_ws/install/gazebo_grasp_plugin_ros/lib'
[31.467s] Level 1:colcon.colcon_core.environment:checking '/home/liang/me332_ws/install/gazebo_grasp_plugin_ros/bin'
[31.467s] Level 1:colcon.colcon_core.environment:checking '/home/liang/me332_ws/install/gazebo_grasp_plugin_ros/lib/pkgconfig/gazebo_grasp_plugin_ros.pc'
[31.468s] Level 1:colcon.colcon_core.environment:checking '/home/liang/me332_ws/install/gazebo_grasp_plugin_ros/lib/python3.10/site-packages'
[31.468s] Level 1:colcon.colcon_core.environment:checking '/home/liang/me332_ws/install/gazebo_grasp_plugin_ros/bin'
[31.468s] INFO:colcon.colcon_core.shell:Creating package script '/home/liang/me332_ws/install/gazebo_grasp_plugin_ros/share/gazebo_grasp_plugin_ros/package.ps1'
[31.469s] INFO:colcon.colcon_core.shell:Creating package descriptor '/home/liang/me332_ws/install/gazebo_grasp_plugin_ros/share/gazebo_grasp_plugin_ros/package.dsv'
[31.470s] INFO:colcon.colcon_core.shell:Creating package script '/home/liang/me332_ws/install/gazebo_grasp_plugin_ros/share/gazebo_grasp_plugin_ros/package.sh'
[31.470s] INFO:colcon.colcon_core.shell:Creating package script '/home/liang/me332_ws/install/gazebo_grasp_plugin_ros/share/gazebo_grasp_plugin_ros/package.bash'
[31.470s] INFO:colcon.colcon_core.shell:Creating package script '/home/liang/me332_ws/install/gazebo_grasp_plugin_ros/share/gazebo_grasp_plugin_ros/package.zsh'
[31.471s] Level 1:colcon.colcon_core.environment:create_file_with_runtime_dependencies(/home/liang/me332_ws/install/gazebo_grasp_plugin_ros/share/colcon-core/packages/gazebo_grasp_plugin_ros)
[31.472s] Level 1:colcon.colcon_core.environment:create_environment_scripts_only(gazebo_grasp_plugin_ros)
[31.472s] Level 1:colcon.colcon_core.environment:checking '/home/liang/me332_ws/install/gazebo_grasp_plugin_ros' for CMake module files
[31.473s] Level 1:colcon.colcon_core.environment:checking '/home/liang/me332_ws/install/gazebo_grasp_plugin_ros' for CMake config files
[31.473s] Level 1:colcon.colcon_core.shell:create_environment_hook('gazebo_grasp_plugin_ros', 'cmake_prefix_path')
[31.473s] INFO:colcon.colcon_core.shell:Creating environment hook '/home/liang/me332_ws/install/gazebo_grasp_plugin_ros/share/gazebo_grasp_plugin_ros/hook/cmake_prefix_path.ps1'
[31.474s] INFO:colcon.colcon_core.shell:Creating environment descriptor '/home/liang/me332_ws/install/gazebo_grasp_plugin_ros/share/gazebo_grasp_plugin_ros/hook/cmake_prefix_path.dsv'
[31.474s] INFO:colcon.colcon_core.shell:Creating environment hook '/home/liang/me332_ws/install/gazebo_grasp_plugin_ros/share/gazebo_grasp_plugin_ros/hook/cmake_prefix_path.sh'
[31.475s] Level 1:colcon.colcon_core.environment:checking '/home/liang/me332_ws/install/gazebo_grasp_plugin_ros/lib'
[31.475s] Level 1:colcon.colcon_core.environment:checking '/home/liang/me332_ws/install/gazebo_grasp_plugin_ros/bin'
[31.475s] Level 1:colcon.colcon_core.environment:checking '/home/liang/me332_ws/install/gazebo_grasp_plugin_ros/lib/pkgconfig/gazebo_grasp_plugin_ros.pc'
[31.475s] Level 1:colcon.colcon_core.environment:checking '/home/liang/me332_ws/install/gazebo_grasp_plugin_ros/lib/python3.10/site-packages'
[31.476s] Level 1:colcon.colcon_core.environment:checking '/home/liang/me332_ws/install/gazebo_grasp_plugin_ros/bin'
[31.476s] INFO:colcon.colcon_core.shell:Creating package script '/home/liang/me332_ws/install/gazebo_grasp_plugin_ros/share/gazebo_grasp_plugin_ros/package.ps1'
[31.476s] INFO:colcon.colcon_core.shell:Creating package descriptor '/home/liang/me332_ws/install/gazebo_grasp_plugin_ros/share/gazebo_grasp_plugin_ros/package.dsv'
[31.477s] INFO:colcon.colcon_core.shell:Creating package script '/home/liang/me332_ws/install/gazebo_grasp_plugin_ros/share/gazebo_grasp_plugin_ros/package.sh'
[31.477s] INFO:colcon.colcon_core.shell:Creating package script '/home/liang/me332_ws/install/gazebo_grasp_plugin_ros/share/gazebo_grasp_plugin_ros/package.bash'
[31.478s] INFO:colcon.colcon_core.shell:Creating package script '/home/liang/me332_ws/install/gazebo_grasp_plugin_ros/share/gazebo_grasp_plugin_ros/package.zsh'
[31.478s] Level 1:colcon.colcon_core.environment:create_file_with_runtime_dependencies(/home/liang/me332_ws/install/gazebo_grasp_plugin_ros/share/colcon-core/packages/gazebo_grasp_plugin_ros)
[31.478s] DEBUG:colcon.colcon_parallel_executor.executor.parallel:closing loop
[31.478s] DEBUG:colcon.colcon_parallel_executor.executor.parallel:loop closed
[31.479s] DEBUG:colcon.colcon_parallel_executor.executor.parallel:run_until_complete finished with '0'
[31.479s] DEBUG:colcon.colcon_core.event_reactor:joining thread
[31.483s] INFO:colcon.colcon_core.plugin_system:Skipping extension 'colcon_notification.desktop_notification.terminal_notifier': Not used on non-Darwin systems
[31.483s] INFO:colcon.colcon_core.plugin_system:Skipping extension 'colcon_notification.desktop_notification.win32': Not used on non-Windows systems
[31.483s] INFO:colcon.colcon_notification.desktop_notification:Sending desktop notification using 'notify2'
[31.497s] DEBUG:colcon.colcon_core.event_reactor:joined thread
[31.497s] INFO:colcon.colcon_core.shell:Creating prefix script '/home/liang/me332_ws/install/local_setup.ps1'
[31.498s] INFO:colcon.colcon_core.shell:Creating prefix util module '/home/liang/me332_ws/install/_local_setup_util_ps1.py'
[31.499s] INFO:colcon.colcon_core.shell:Creating prefix chain script '/home/liang/me332_ws/install/setup.ps1'
[31.500s] INFO:colcon.colcon_core.shell:Creating prefix script '/home/liang/me332_ws/install/local_setup.sh'
[31.500s] INFO:colcon.colcon_core.shell:Creating prefix util module '/home/liang/me332_ws/install/_local_setup_util_sh.py'
[31.501s] INFO:colcon.colcon_core.shell:Creating prefix chain script '/home/liang/me332_ws/install/setup.sh'
[31.501s] INFO:colcon.colcon_core.shell:Creating prefix script '/home/liang/me332_ws/install/local_setup.bash'
[31.502s] INFO:colcon.colcon_core.shell:Creating prefix chain script '/home/liang/me332_ws/install/setup.bash'
[31.503s] INFO:colcon.colcon_core.shell:Creating prefix script '/home/liang/me332_ws/install/local_setup.zsh'
[31.503s] INFO:colcon.colcon_core.shell:Creating prefix chain script '/home/liang/me332_ws/install/setup.zsh'
