[0.012s] Invoking command in '/home/liang/me332_ws/build/gazebo_version_helpers': CMAKE_PREFIX_PATH=/opt/ros/humble /usr/bin/cmake --build /home/liang/me332_ws/build/gazebo_version_helpers -- -j20 -l20
[0.072s] [100%] Built target gazebo_version_helpers
[0.211s] Invoked command in '/home/liang/me332_ws/build/gazebo_version_helpers' returned '0': CMAKE_PREFIX_PATH=/opt/ros/humble /usr/bin/cmake --build /home/liang/me332_ws/build/gazebo_version_helpers -- -j20 -l20
[0.212s] Invoking command in '/home/liang/me332_ws/build/gazebo_version_helpers': CMAKE_PREFIX_PATH=/opt/ros/humble /usr/bin/cmake --install /home/liang/me332_ws/build/gazebo_version_helpers
[0.219s] -- Install configuration: ""
[0.219s] -- Up-to-date: /home/liang/me332_ws/install/gazebo_version_helpers/lib/libgazebo_version_helpers.so
[0.219s] -- Up-to-date: /home/liang/me332_ws/install/gazebo_version_helpers/include
[0.219s] -- Up-to-date: /home/liang/me332_ws/install/gazebo_version_helpers/include/gazebo_version_helpers
[0.219s] -- Up-to-date: /home/liang/me332_ws/install/gazebo_version_helpers/include/gazebo_version_helpers/GazeboVersionHelpers.h
[0.219s] -- Up-to-date: /home/liang/me332_ws/install/gazebo_version_helpers/share/gazebo_version_helpers/environment/library_path.sh
[0.219s] -- Up-to-date: /home/liang/me332_ws/install/gazebo_version_helpers/share/gazebo_version_helpers/environment/library_path.dsv
[0.219s] -- Up-to-date: /home/liang/me332_ws/install/gazebo_version_helpers/share/ament_index/resource_index/package_run_dependencies/gazebo_version_helpers
[0.219s] -- Up-to-date: /home/liang/me332_ws/install/gazebo_version_helpers/share/ament_index/resource_index/parent_prefix_path/gazebo_version_helpers
[0.219s] -- Up-to-date: /home/liang/me332_ws/install/gazebo_version_helpers/share/gazebo_version_helpers/environment/ament_prefix_path.sh
[0.219s] -- Up-to-date: /home/liang/me332_ws/install/gazebo_version_helpers/share/gazebo_version_helpers/environment/ament_prefix_path.dsv
[0.219s] -- Up-to-date: /home/liang/me332_ws/install/gazebo_version_helpers/share/gazebo_version_helpers/environment/path.sh
[0.220s] -- Up-to-date: /home/liang/me332_ws/install/gazebo_version_helpers/share/gazebo_version_helpers/environment/path.dsv
[0.220s] -- Up-to-date: /home/liang/me332_ws/install/gazebo_version_helpers/share/gazebo_version_helpers/local_setup.bash
[0.220s] -- Up-to-date: /home/liang/me332_ws/install/gazebo_version_helpers/share/gazebo_version_helpers/local_setup.sh
[0.220s] -- Up-to-date: /home/liang/me332_ws/install/gazebo_version_helpers/share/gazebo_version_helpers/local_setup.zsh
[0.220s] -- Up-to-date: /home/liang/me332_ws/install/gazebo_version_helpers/share/gazebo_version_helpers/local_setup.dsv
[0.220s] -- Installing: /home/liang/me332_ws/install/gazebo_version_helpers/share/gazebo_version_helpers/package.dsv
[0.220s] -- Up-to-date: /home/liang/me332_ws/install/gazebo_version_helpers/share/ament_index/resource_index/packages/gazebo_version_helpers
[0.220s] -- Up-to-date: /home/liang/me332_ws/install/gazebo_version_helpers/share/gazebo_version_helpers/cmake/ament_cmake_export_include_directories-extras.cmake
[0.220s] -- Up-to-date: /home/liang/me332_ws/install/gazebo_version_helpers/share/gazebo_version_helpers/cmake/ament_cmake_export_libraries-extras.cmake
[0.220s] -- Up-to-date: /home/liang/me332_ws/install/gazebo_version_helpers/share/gazebo_version_helpers/cmake/ament_cmake_export_dependencies-extras.cmake
[0.220s] -- Up-to-date: /home/liang/me332_ws/install/gazebo_version_helpers/share/gazebo_version_helpers/cmake/gazebo_version_helpersConfig.cmake
[0.220s] -- Up-to-date: /home/liang/me332_ws/install/gazebo_version_helpers/share/gazebo_version_helpers/cmake/gazebo_version_helpersConfig-version.cmake
[0.220s] -- Up-to-date: /home/liang/me332_ws/install/gazebo_version_helpers/share/gazebo_version_helpers/package.xml
[0.231s] Invoked command in '/home/liang/me332_ws/build/gazebo_version_helpers' returned '0': CMAKE_PREFIX_PATH=/opt/ros/humble /usr/bin/cmake --install /home/liang/me332_ws/build/gazebo_version_helpers
