[0.009s] Invoking command in '/home/liang/me332_ws/build/gazebo_grasp_plugin_ros': AMENT_PREFIX_PATH=/home/liang/me332_ws/install/gazebo_grasp_plugin:/home/liang/me332_ws/install/gazebo_version_helpers:${AMENT_PREFIX_PATH} CMAKE_PREFIX_PATH=/home/liang/me332_ws/install/gazebo_grasp_plugin:/home/liang/me332_ws/install/gazebo_version_helpers:/opt/ros/humble LD_LIBRARY_PATH=/home/liang/me332_ws/install/gazebo_grasp_plugin/lib:/home/liang/me332_ws/install/gazebo_version_helpers/lib:${LD_LIBRARY_PATH} /usr/bin/cmake --build /home/liang/me332_ws/build/gazebo_grasp_plugin_ros -- -j20 -l20
[0.068s] [100%] Built target grasp_event_republisher
[0.077s] Invoked command in '/home/liang/me332_ws/build/gazebo_grasp_plugin_ros' returned '0': AMENT_PREFIX_PATH=/home/liang/me332_ws/install/gazebo_grasp_plugin:/home/liang/me332_ws/install/gazebo_version_helpers:${AMENT_PREFIX_PATH} CMAKE_PREFIX_PATH=/home/liang/me332_ws/install/gazebo_grasp_plugin:/home/liang/me332_ws/install/gazebo_version_helpers:/opt/ros/humble LD_LIBRARY_PATH=/home/liang/me332_ws/install/gazebo_grasp_plugin/lib:/home/liang/me332_ws/install/gazebo_version_helpers/lib:${LD_LIBRARY_PATH} /usr/bin/cmake --build /home/liang/me332_ws/build/gazebo_grasp_plugin_ros -- -j20 -l20
[0.078s] Invoking command in '/home/liang/me332_ws/build/gazebo_grasp_plugin_ros': AMENT_PREFIX_PATH=/home/liang/me332_ws/install/gazebo_grasp_plugin:/home/liang/me332_ws/install/gazebo_version_helpers:${AMENT_PREFIX_PATH} CMAKE_PREFIX_PATH=/home/liang/me332_ws/install/gazebo_grasp_plugin:/home/liang/me332_ws/install/gazebo_version_helpers:/opt/ros/humble LD_LIBRARY_PATH=/home/liang/me332_ws/install/gazebo_grasp_plugin/lib:/home/liang/me332_ws/install/gazebo_version_helpers/lib:${LD_LIBRARY_PATH} /usr/bin/cmake --install /home/liang/me332_ws/build/gazebo_grasp_plugin_ros
[0.085s] -- Install configuration: ""
[0.085s] -- Up-to-date: /home/liang/me332_ws/install/gazebo_grasp_plugin_ros/lib/gazebo_grasp_plugin_ros/grasp_event_republisher
[0.085s] -- Up-to-date: /home/liang/me332_ws/install/gazebo_grasp_plugin_ros/share/ament_index/resource_index/package_run_dependencies/gazebo_grasp_plugin_ros
[0.085s] -- Up-to-date: /home/liang/me332_ws/install/gazebo_grasp_plugin_ros/share/ament_index/resource_index/parent_prefix_path/gazebo_grasp_plugin_ros
[0.085s] -- Up-to-date: /home/liang/me332_ws/install/gazebo_grasp_plugin_ros/share/gazebo_grasp_plugin_ros/environment/ament_prefix_path.sh
[0.086s] -- Up-to-date: /home/liang/me332_ws/install/gazebo_grasp_plugin_ros/share/gazebo_grasp_plugin_ros/environment/ament_prefix_path.dsv
[0.086s] -- Up-to-date: /home/liang/me332_ws/install/gazebo_grasp_plugin_ros/share/gazebo_grasp_plugin_ros/environment/path.sh
[0.086s] -- Up-to-date: /home/liang/me332_ws/install/gazebo_grasp_plugin_ros/share/gazebo_grasp_plugin_ros/environment/path.dsv
[0.086s] -- Up-to-date: /home/liang/me332_ws/install/gazebo_grasp_plugin_ros/share/gazebo_grasp_plugin_ros/local_setup.bash
[0.086s] -- Up-to-date: /home/liang/me332_ws/install/gazebo_grasp_plugin_ros/share/gazebo_grasp_plugin_ros/local_setup.sh
[0.086s] -- Up-to-date: /home/liang/me332_ws/install/gazebo_grasp_plugin_ros/share/gazebo_grasp_plugin_ros/local_setup.zsh
[0.086s] -- Up-to-date: /home/liang/me332_ws/install/gazebo_grasp_plugin_ros/share/gazebo_grasp_plugin_ros/local_setup.dsv
[0.086s] -- Installing: /home/liang/me332_ws/install/gazebo_grasp_plugin_ros/share/gazebo_grasp_plugin_ros/package.dsv
[0.086s] -- Up-to-date: /home/liang/me332_ws/install/gazebo_grasp_plugin_ros/share/ament_index/resource_index/packages/gazebo_grasp_plugin_ros
[0.086s] -- Up-to-date: /home/liang/me332_ws/install/gazebo_grasp_plugin_ros/share/gazebo_grasp_plugin_ros/cmake/gazebo_grasp_plugin_rosConfig.cmake
[0.086s] -- Up-to-date: /home/liang/me332_ws/install/gazebo_grasp_plugin_ros/share/gazebo_grasp_plugin_ros/cmake/gazebo_grasp_plugin_rosConfig-version.cmake
[0.086s] -- Up-to-date: /home/liang/me332_ws/install/gazebo_grasp_plugin_ros/share/gazebo_grasp_plugin_ros/package.xml
[0.086s] Invoked command in '/home/liang/me332_ws/build/gazebo_grasp_plugin_ros' returned '0': AMENT_PREFIX_PATH=/home/liang/me332_ws/install/gazebo_grasp_plugin:/home/liang/me332_ws/install/gazebo_version_helpers:${AMENT_PREFIX_PATH} CMAKE_PREFIX_PATH=/home/liang/me332_ws/install/gazebo_grasp_plugin:/home/liang/me332_ws/install/gazebo_version_helpers:/opt/ros/humble LD_LIBRARY_PATH=/home/liang/me332_ws/install/gazebo_grasp_plugin/lib:/home/liang/me332_ws/install/gazebo_version_helpers/lib:${LD_LIBRARY_PATH} /usr/bin/cmake --install /home/liang/me332_ws/build/gazebo_grasp_plugin_ros
