[0.068s] DEBUG:colcon:Command line arguments: ['/usr/bin/colcon', 'build']
[0.068s] DEBUG:colcon:Parsed command line arguments: Namespace(log_base=None, log_level=None, verb_name='build', build_base='build', install_base='install', merge_install=False, symlink_install=False, test_result_base=None, continue_on_error=False, executor='parallel', parallel_workers=20, event_handlers=None, ignore_user_meta=False, metas=['./colcon.meta'], base_paths=['.'], packages_ignore=None, packages_ignore_regex=None, paths=None, packages_up_to=None, packages_up_to_regex=None, packages_above=None, packages_above_and_dependencies=None, packages_above_depth=None, packages_select_by_dep=None, packages_skip_by_dep=None, packages_skip_up_to=None, packages_select_build_failed=False, packages_skip_build_finished=False, packages_select_test_failures=False, packages_skip_test_passed=False, packages_select=None, packages_skip=None, packages_select_regex=None, packages_skip_regex=None, packages_start=None, packages_end=None, allow_overriding=[], cmake_args=None, cmake_target=None, cmake_target_skip_unavailable=False, cmake_clean_cache=False, cmake_clean_first=False, cmake_force_configure=False, ament_cmake_args=None, catkin_cmake_args=None, catkin_skip_building_tests=False, mixin_files=None, mixin=None, verb_parser=<colcon_mixin.mixin.mixin_argument.MixinArgumentDecorator object at 0x73e7a255f400>, verb_extension=<colcon_core.verb.build.BuildVerb object at 0x73e7a255ef50>, main=<bound method BuildVerb.main of <colcon_core.verb.build.BuildVerb object at 0x73e7a255ef50>>, mixin_verb=('build',))
[0.173s] Level 1:colcon.colcon_core.package_discovery:discover_packages(colcon_meta) check parameters
[0.173s] Level 1:colcon.colcon_core.package_discovery:discover_packages(recursive) check parameters
[0.173s] Level 1:colcon.colcon_core.package_discovery:discover_packages(ignore) check parameters
[0.173s] Level 1:colcon.colcon_core.package_discovery:discover_packages(path) check parameters
[0.173s] Level 1:colcon.colcon_core.package_discovery:discover_packages(colcon_meta) discover
[0.174s] Level 1:colcon.colcon_core.package_discovery:discover_packages(recursive) discover
[0.174s] INFO:colcon.colcon_core.package_discovery:Crawling recursively for packages in '/home/liang/me332_ws'
[0.174s] Level 1:colcon.colcon_core.package_identification:_identify(.) by extensions ['ignore', 'ignore_ament_install']
[0.174s] Level 1:colcon.colcon_core.package_identification:_identify(.) by extension 'ignore'
[0.174s] Level 1:colcon.colcon_core.package_identification:_identify(.) by extension 'ignore_ament_install'
[0.174s] Level 1:colcon.colcon_core.package_identification:_identify(.) by extensions ['colcon_pkg']
[0.174s] Level 1:colcon.colcon_core.package_identification:_identify(.) by extension 'colcon_pkg'
[0.174s] Level 1:colcon.colcon_core.package_identification:_identify(.) by extensions ['colcon_meta']
[0.174s] Level 1:colcon.colcon_core.package_identification:_identify(.) by extension 'colcon_meta'
[0.174s] Level 1:colcon.colcon_core.package_identification:_identify(.) by extensions ['ros']
[0.174s] Level 1:colcon.colcon_core.package_identification:_identify(.) by extension 'ros'
[0.181s] Level 1:colcon.colcon_core.package_identification:_identify(.) by extensions ['cmake', 'python']
[0.181s] Level 1:colcon.colcon_core.package_identification:_identify(.) by extension 'cmake'
[0.181s] Level 1:colcon.colcon_core.package_identification:_identify(.) by extension 'python'
[0.181s] Level 1:colcon.colcon_core.package_identification:_identify(.) by extensions ['python_setup_py']
[0.181s] Level 1:colcon.colcon_core.package_identification:_identify(.) by extension 'python_setup_py'
[0.181s] Level 1:colcon.colcon_core.package_identification:_identify(build) by extensions ['ignore', 'ignore_ament_install']
[0.181s] Level 1:colcon.colcon_core.package_identification:_identify(build) by extension 'ignore'
[0.181s] Level 1:colcon.colcon_core.package_identification:_identify(build) ignored
[0.181s] Level 1:colcon.colcon_core.package_identification:_identify(install) by extensions ['ignore', 'ignore_ament_install']
[0.181s] Level 1:colcon.colcon_core.package_identification:_identify(install) by extension 'ignore'
[0.181s] Level 1:colcon.colcon_core.package_identification:_identify(install) ignored
[0.181s] Level 1:colcon.colcon_core.package_identification:_identify(log) by extensions ['ignore', 'ignore_ament_install']
[0.181s] Level 1:colcon.colcon_core.package_identification:_identify(log) by extension 'ignore'
[0.181s] Level 1:colcon.colcon_core.package_identification:_identify(log) ignored
[0.181s] Level 1:colcon.colcon_core.package_identification:_identify(src) by extensions ['ignore', 'ignore_ament_install']
[0.181s] Level 1:colcon.colcon_core.package_identification:_identify(src) by extension 'ignore'
[0.181s] Level 1:colcon.colcon_core.package_identification:_identify(src) by extension 'ignore_ament_install'
[0.181s] Level 1:colcon.colcon_core.package_identification:_identify(src) by extensions ['colcon_pkg']
[0.181s] Level 1:colcon.colcon_core.package_identification:_identify(src) by extension 'colcon_pkg'
[0.181s] Level 1:colcon.colcon_core.package_identification:_identify(src) by extensions ['colcon_meta']
[0.182s] Level 1:colcon.colcon_core.package_identification:_identify(src) by extension 'colcon_meta'
[0.182s] Level 1:colcon.colcon_core.package_identification:_identify(src) by extensions ['ros']
[0.182s] Level 1:colcon.colcon_core.package_identification:_identify(src) by extension 'ros'
[0.182s] Level 1:colcon.colcon_core.package_identification:_identify(src) by extensions ['cmake', 'python']
[0.182s] Level 1:colcon.colcon_core.package_identification:_identify(src) by extension 'cmake'
[0.182s] Level 1:colcon.colcon_core.package_identification:_identify(src) by extension 'python'
[0.182s] Level 1:colcon.colcon_core.package_identification:_identify(src) by extensions ['python_setup_py']
[0.182s] Level 1:colcon.colcon_core.package_identification:_identify(src) by extension 'python_setup_py'
[0.182s] Level 1:colcon.colcon_core.package_identification:_identify(src/gazebo-pkgs-humble) by extensions ['ignore', 'ignore_ament_install']
[0.182s] Level 1:colcon.colcon_core.package_identification:_identify(src/gazebo-pkgs-humble) by extension 'ignore'
[0.182s] Level 1:colcon.colcon_core.package_identification:_identify(src/gazebo-pkgs-humble) by extension 'ignore_ament_install'
[0.182s] Level 1:colcon.colcon_core.package_identification:_identify(src/gazebo-pkgs-humble) by extensions ['colcon_pkg']
[0.182s] Level 1:colcon.colcon_core.package_identification:_identify(src/gazebo-pkgs-humble) by extension 'colcon_pkg'
[0.182s] Level 1:colcon.colcon_core.package_identification:_identify(src/gazebo-pkgs-humble) by extensions ['colcon_meta']
[0.182s] Level 1:colcon.colcon_core.package_identification:_identify(src/gazebo-pkgs-humble) by extension 'colcon_meta'
[0.182s] Level 1:colcon.colcon_core.package_identification:_identify(src/gazebo-pkgs-humble) by extensions ['ros']
[0.182s] Level 1:colcon.colcon_core.package_identification:_identify(src/gazebo-pkgs-humble) by extension 'ros'
[0.182s] Level 1:colcon.colcon_core.package_identification:_identify(src/gazebo-pkgs-humble) by extensions ['cmake', 'python']
[0.182s] Level 1:colcon.colcon_core.package_identification:_identify(src/gazebo-pkgs-humble) by extension 'cmake'
[0.182s] Level 1:colcon.colcon_core.package_identification:_identify(src/gazebo-pkgs-humble) by extension 'python'
[0.182s] Level 1:colcon.colcon_core.package_identification:_identify(src/gazebo-pkgs-humble) by extensions ['python_setup_py']
[0.182s] Level 1:colcon.colcon_core.package_identification:_identify(src/gazebo-pkgs-humble) by extension 'python_setup_py'
[0.182s] Level 1:colcon.colcon_core.package_identification:_identify(src/gazebo-pkgs-humble/gazebo_grasp_plugin) by extensions ['ignore', 'ignore_ament_install']
[0.182s] Level 1:colcon.colcon_core.package_identification:_identify(src/gazebo-pkgs-humble/gazebo_grasp_plugin) by extension 'ignore'
[0.182s] Level 1:colcon.colcon_core.package_identification:_identify(src/gazebo-pkgs-humble/gazebo_grasp_plugin) by extension 'ignore_ament_install'
[0.182s] Level 1:colcon.colcon_core.package_identification:_identify(src/gazebo-pkgs-humble/gazebo_grasp_plugin) by extensions ['colcon_pkg']
[0.182s] Level 1:colcon.colcon_core.package_identification:_identify(src/gazebo-pkgs-humble/gazebo_grasp_plugin) by extension 'colcon_pkg'
[0.182s] Level 1:colcon.colcon_core.package_identification:_identify(src/gazebo-pkgs-humble/gazebo_grasp_plugin) by extensions ['colcon_meta']
[0.182s] Level 1:colcon.colcon_core.package_identification:_identify(src/gazebo-pkgs-humble/gazebo_grasp_plugin) by extension 'colcon_meta'
[0.182s] Level 1:colcon.colcon_core.package_identification:_identify(src/gazebo-pkgs-humble/gazebo_grasp_plugin) by extensions ['ros']
[0.182s] Level 1:colcon.colcon_core.package_identification:_identify(src/gazebo-pkgs-humble/gazebo_grasp_plugin) by extension 'ros'
[0.185s] DEBUG:colcon.colcon_core.package_identification:Package 'src/gazebo-pkgs-humble/gazebo_grasp_plugin' with type 'ros.ament_cmake' and name 'gazebo_grasp_plugin'
[0.185s] Level 1:colcon.colcon_core.package_identification:_identify(src/gazebo-pkgs-humble/gazebo_grasp_plugin_ros) by extensions ['ignore', 'ignore_ament_install']
[0.185s] Level 1:colcon.colcon_core.package_identification:_identify(src/gazebo-pkgs-humble/gazebo_grasp_plugin_ros) by extension 'ignore'
[0.185s] Level 1:colcon.colcon_core.package_identification:_identify(src/gazebo-pkgs-humble/gazebo_grasp_plugin_ros) by extension 'ignore_ament_install'
[0.185s] Level 1:colcon.colcon_core.package_identification:_identify(src/gazebo-pkgs-humble/gazebo_grasp_plugin_ros) by extensions ['colcon_pkg']
[0.185s] Level 1:colcon.colcon_core.package_identification:_identify(src/gazebo-pkgs-humble/gazebo_grasp_plugin_ros) by extension 'colcon_pkg'
[0.185s] Level 1:colcon.colcon_core.package_identification:_identify(src/gazebo-pkgs-humble/gazebo_grasp_plugin_ros) by extensions ['colcon_meta']
[0.185s] Level 1:colcon.colcon_core.package_identification:_identify(src/gazebo-pkgs-humble/gazebo_grasp_plugin_ros) by extension 'colcon_meta'
[0.185s] Level 1:colcon.colcon_core.package_identification:_identify(src/gazebo-pkgs-humble/gazebo_grasp_plugin_ros) by extensions ['ros']
[0.185s] Level 1:colcon.colcon_core.package_identification:_identify(src/gazebo-pkgs-humble/gazebo_grasp_plugin_ros) by extension 'ros'
[0.185s] DEBUG:colcon.colcon_core.package_identification:Package 'src/gazebo-pkgs-humble/gazebo_grasp_plugin_ros' with type 'ros.ament_cmake' and name 'gazebo_grasp_plugin_ros'
[0.185s] Level 1:colcon.colcon_core.package_identification:_identify(src/gazebo-pkgs-humble/gazebo_version_helpers) by extensions ['ignore', 'ignore_ament_install']
[0.186s] Level 1:colcon.colcon_core.package_identification:_identify(src/gazebo-pkgs-humble/gazebo_version_helpers) by extension 'ignore'
[0.186s] Level 1:colcon.colcon_core.package_identification:_identify(src/gazebo-pkgs-humble/gazebo_version_helpers) by extension 'ignore_ament_install'
[0.186s] Level 1:colcon.colcon_core.package_identification:_identify(src/gazebo-pkgs-humble/gazebo_version_helpers) by extensions ['colcon_pkg']
[0.186s] Level 1:colcon.colcon_core.package_identification:_identify(src/gazebo-pkgs-humble/gazebo_version_helpers) by extension 'colcon_pkg'
[0.186s] Level 1:colcon.colcon_core.package_identification:_identify(src/gazebo-pkgs-humble/gazebo_version_helpers) by extensions ['colcon_meta']
[0.186s] Level 1:colcon.colcon_core.package_identification:_identify(src/gazebo-pkgs-humble/gazebo_version_helpers) by extension 'colcon_meta'
[0.186s] Level 1:colcon.colcon_core.package_identification:_identify(src/gazebo-pkgs-humble/gazebo_version_helpers) by extensions ['ros']
[0.186s] Level 1:colcon.colcon_core.package_identification:_identify(src/gazebo-pkgs-humble/gazebo_version_helpers) by extension 'ros'
[0.186s] DEBUG:colcon.colcon_core.package_identification:Package 'src/gazebo-pkgs-humble/gazebo_version_helpers' with type 'ros.ament_cmake' and name 'gazebo_version_helpers'
[0.186s] Level 1:colcon.colcon_core.package_identification:_identify(src/me332_robot_description) by extensions ['ignore', 'ignore_ament_install']
[0.186s] Level 1:colcon.colcon_core.package_identification:_identify(src/me332_robot_description) by extension 'ignore'
[0.186s] Level 1:colcon.colcon_core.package_identification:_identify(src/me332_robot_description) by extension 'ignore_ament_install'
[0.186s] Level 1:colcon.colcon_core.package_identification:_identify(src/me332_robot_description) by extensions ['colcon_pkg']
[0.186s] Level 1:colcon.colcon_core.package_identification:_identify(src/me332_robot_description) by extension 'colcon_pkg'
[0.186s] Level 1:colcon.colcon_core.package_identification:_identify(src/me332_robot_description) by extensions ['colcon_meta']
[0.186s] Level 1:colcon.colcon_core.package_identification:_identify(src/me332_robot_description) by extension 'colcon_meta'
[0.186s] Level 1:colcon.colcon_core.package_identification:_identify(src/me332_robot_description) by extensions ['ros']
[0.186s] Level 1:colcon.colcon_core.package_identification:_identify(src/me332_robot_description) by extension 'ros'
[0.192s] DEBUG:colcon.colcon_core.package_identification:Package 'src/me332_robot_description' with type 'ros.ament_cmake' and name 'me332_robot_description'
[0.192s] Level 1:colcon.colcon_core.package_identification:_identify(src/me332_teleop) by extensions ['ignore', 'ignore_ament_install']
[0.192s] Level 1:colcon.colcon_core.package_identification:_identify(src/me332_teleop) by extension 'ignore'
[0.192s] Level 1:colcon.colcon_core.package_identification:_identify(src/me332_teleop) by extension 'ignore_ament_install'
[0.192s] Level 1:colcon.colcon_core.package_identification:_identify(src/me332_teleop) by extensions ['colcon_pkg']
[0.192s] Level 1:colcon.colcon_core.package_identification:_identify(src/me332_teleop) by extension 'colcon_pkg'
[0.192s] Level 1:colcon.colcon_core.package_identification:_identify(src/me332_teleop) by extensions ['colcon_meta']
[0.192s] Level 1:colcon.colcon_core.package_identification:_identify(src/me332_teleop) by extension 'colcon_meta'
[0.192s] Level 1:colcon.colcon_core.package_identification:_identify(src/me332_teleop) by extensions ['ros']
[0.192s] Level 1:colcon.colcon_core.package_identification:_identify(src/me332_teleop) by extension 'ros'
[0.193s] DEBUG:colcon.colcon_core.package_identification:Package 'src/me332_teleop' with type 'ros.ament_python' and name 'me332_teleop'
[0.193s] Level 1:colcon.colcon_core.package_discovery:discover_packages(recursive) using defaults
[0.193s] Level 1:colcon.colcon_core.package_discovery:discover_packages(ignore) discover
[0.193s] Level 1:colcon.colcon_core.package_discovery:discover_packages(ignore) using defaults
[0.193s] Level 1:colcon.colcon_core.package_discovery:discover_packages(path) discover
[0.193s] Level 1:colcon.colcon_core.package_discovery:discover_packages(path) using defaults
[0.206s] Level 1:colcon.colcon_core.package_discovery:discover_packages(prefix_path) check parameters
[0.206s] Level 1:colcon.colcon_core.package_discovery:discover_packages(prefix_path) discover
[0.208s] DEBUG:colcon.colcon_installed_package_information.package_discovery:Found 455 installed packages in /opt/ros/humble
[0.209s] Level 1:colcon.colcon_core.package_discovery:discover_packages(prefix_path) using defaults
[0.240s] Level 5:colcon.colcon_core.verb:set package 'gazebo_version_helpers' build argument 'cmake_args' from command line to 'None'
[0.241s] Level 5:colcon.colcon_core.verb:set package 'gazebo_version_helpers' build argument 'cmake_target' from command line to 'None'
[0.241s] Level 5:colcon.colcon_core.verb:set package 'gazebo_version_helpers' build argument 'cmake_target_skip_unavailable' from command line to 'False'
[0.241s] Level 5:colcon.colcon_core.verb:set package 'gazebo_version_helpers' build argument 'cmake_clean_cache' from command line to 'False'
[0.241s] Level 5:colcon.colcon_core.verb:set package 'gazebo_version_helpers' build argument 'cmake_clean_first' from command line to 'False'
[0.241s] Level 5:colcon.colcon_core.verb:set package 'gazebo_version_helpers' build argument 'cmake_force_configure' from command line to 'False'
[0.241s] Level 5:colcon.colcon_core.verb:set package 'gazebo_version_helpers' build argument 'ament_cmake_args' from command line to 'None'
[0.241s] Level 5:colcon.colcon_core.verb:set package 'gazebo_version_helpers' build argument 'catkin_cmake_args' from command line to 'None'
[0.241s] Level 5:colcon.colcon_core.verb:set package 'gazebo_version_helpers' build argument 'catkin_skip_building_tests' from command line to 'False'
[0.241s] DEBUG:colcon.colcon_core.verb:Building package 'gazebo_version_helpers' with the following arguments: {'ament_cmake_args': None, 'build_base': '/home/liang/me332_ws/build/gazebo_version_helpers', 'catkin_cmake_args': None, 'catkin_skip_building_tests': False, 'cmake_args': None, 'cmake_clean_cache': False, 'cmake_clean_first': False, 'cmake_force_configure': False, 'cmake_target': None, 'cmake_target_skip_unavailable': False, 'install_base': '/home/liang/me332_ws/install/gazebo_version_helpers', 'merge_install': False, 'path': '/home/liang/me332_ws/src/gazebo-pkgs-humble/gazebo_version_helpers', 'symlink_install': False, 'test_result_base': None}
[0.241s] Level 5:colcon.colcon_core.verb:set package 'me332_robot_description' build argument 'cmake_args' from command line to 'None'
[0.241s] Level 5:colcon.colcon_core.verb:set package 'me332_robot_description' build argument 'cmake_target' from command line to 'None'
[0.241s] Level 5:colcon.colcon_core.verb:set package 'me332_robot_description' build argument 'cmake_target_skip_unavailable' from command line to 'False'
[0.241s] Level 5:colcon.colcon_core.verb:set package 'me332_robot_description' build argument 'cmake_clean_cache' from command line to 'False'
[0.241s] Level 5:colcon.colcon_core.verb:set package 'me332_robot_description' build argument 'cmake_clean_first' from command line to 'False'
[0.241s] Level 5:colcon.colcon_core.verb:set package 'me332_robot_description' build argument 'cmake_force_configure' from command line to 'False'
[0.241s] Level 5:colcon.colcon_core.verb:set package 'me332_robot_description' build argument 'ament_cmake_args' from command line to 'None'
[0.241s] Level 5:colcon.colcon_core.verb:set package 'me332_robot_description' build argument 'catkin_cmake_args' from command line to 'None'
[0.241s] Level 5:colcon.colcon_core.verb:set package 'me332_robot_description' build argument 'catkin_skip_building_tests' from command line to 'False'
[0.241s] DEBUG:colcon.colcon_core.verb:Building package 'me332_robot_description' with the following arguments: {'ament_cmake_args': None, 'build_base': '/home/liang/me332_ws/build/me332_robot_description', 'catkin_cmake_args': None, 'catkin_skip_building_tests': False, 'cmake_args': None, 'cmake_clean_cache': False, 'cmake_clean_first': False, 'cmake_force_configure': False, 'cmake_target': None, 'cmake_target_skip_unavailable': False, 'install_base': '/home/liang/me332_ws/install/me332_robot_description', 'merge_install': False, 'path': '/home/liang/me332_ws/src/me332_robot_description', 'symlink_install': False, 'test_result_base': None}
[0.241s] Level 5:colcon.colcon_core.verb:set package 'me332_teleop' build argument 'cmake_args' from command line to 'None'
[0.241s] Level 5:colcon.colcon_core.verb:set package 'me332_teleop' build argument 'cmake_target' from command line to 'None'
[0.241s] Level 5:colcon.colcon_core.verb:set package 'me332_teleop' build argument 'cmake_target_skip_unavailable' from command line to 'False'
[0.241s] Level 5:colcon.colcon_core.verb:set package 'me332_teleop' build argument 'cmake_clean_cache' from command line to 'False'
[0.241s] Level 5:colcon.colcon_core.verb:set package 'me332_teleop' build argument 'cmake_clean_first' from command line to 'False'
[0.241s] Level 5:colcon.colcon_core.verb:set package 'me332_teleop' build argument 'cmake_force_configure' from command line to 'False'
[0.241s] Level 5:colcon.colcon_core.verb:set package 'me332_teleop' build argument 'ament_cmake_args' from command line to 'None'
[0.241s] Level 5:colcon.colcon_core.verb:set package 'me332_teleop' build argument 'catkin_cmake_args' from command line to 'None'
[0.241s] Level 5:colcon.colcon_core.verb:set package 'me332_teleop' build argument 'catkin_skip_building_tests' from command line to 'False'
[0.241s] DEBUG:colcon.colcon_core.verb:Building package 'me332_teleop' with the following arguments: {'ament_cmake_args': None, 'build_base': '/home/liang/me332_ws/build/me332_teleop', 'catkin_cmake_args': None, 'catkin_skip_building_tests': False, 'cmake_args': None, 'cmake_clean_cache': False, 'cmake_clean_first': False, 'cmake_force_configure': False, 'cmake_target': None, 'cmake_target_skip_unavailable': False, 'install_base': '/home/liang/me332_ws/install/me332_teleop', 'merge_install': False, 'path': '/home/liang/me332_ws/src/me332_teleop', 'symlink_install': False, 'test_result_base': None}
[0.242s] Level 5:colcon.colcon_core.verb:set package 'gazebo_grasp_plugin' build argument 'cmake_args' from command line to 'None'
[0.242s] Level 5:colcon.colcon_core.verb:set package 'gazebo_grasp_plugin' build argument 'cmake_target' from command line to 'None'
[0.242s] Level 5:colcon.colcon_core.verb:set package 'gazebo_grasp_plugin' build argument 'cmake_target_skip_unavailable' from command line to 'False'
[0.242s] Level 5:colcon.colcon_core.verb:set package 'gazebo_grasp_plugin' build argument 'cmake_clean_cache' from command line to 'False'
[0.242s] Level 5:colcon.colcon_core.verb:set package 'gazebo_grasp_plugin' build argument 'cmake_clean_first' from command line to 'False'
[0.242s] Level 5:colcon.colcon_core.verb:set package 'gazebo_grasp_plugin' build argument 'cmake_force_configure' from command line to 'False'
[0.242s] Level 5:colcon.colcon_core.verb:set package 'gazebo_grasp_plugin' build argument 'ament_cmake_args' from command line to 'None'
[0.242s] Level 5:colcon.colcon_core.verb:set package 'gazebo_grasp_plugin' build argument 'catkin_cmake_args' from command line to 'None'
[0.242s] Level 5:colcon.colcon_core.verb:set package 'gazebo_grasp_plugin' build argument 'catkin_skip_building_tests' from command line to 'False'
[0.242s] DEBUG:colcon.colcon_core.verb:Building package 'gazebo_grasp_plugin' with the following arguments: {'ament_cmake_args': None, 'build_base': '/home/liang/me332_ws/build/gazebo_grasp_plugin', 'catkin_cmake_args': None, 'catkin_skip_building_tests': False, 'cmake_args': None, 'cmake_clean_cache': False, 'cmake_clean_first': False, 'cmake_force_configure': False, 'cmake_target': None, 'cmake_target_skip_unavailable': False, 'install_base': '/home/liang/me332_ws/install/gazebo_grasp_plugin', 'merge_install': False, 'path': '/home/liang/me332_ws/src/gazebo-pkgs-humble/gazebo_grasp_plugin', 'symlink_install': False, 'test_result_base': None}
[0.242s] Level 5:colcon.colcon_core.verb:set package 'gazebo_grasp_plugin_ros' build argument 'cmake_args' from command line to 'None'
[0.242s] Level 5:colcon.colcon_core.verb:set package 'gazebo_grasp_plugin_ros' build argument 'cmake_target' from command line to 'None'
[0.242s] Level 5:colcon.colcon_core.verb:set package 'gazebo_grasp_plugin_ros' build argument 'cmake_target_skip_unavailable' from command line to 'False'
[0.242s] Level 5:colcon.colcon_core.verb:set package 'gazebo_grasp_plugin_ros' build argument 'cmake_clean_cache' from command line to 'False'
[0.242s] Level 5:colcon.colcon_core.verb:set package 'gazebo_grasp_plugin_ros' build argument 'cmake_clean_first' from command line to 'False'
[0.242s] Level 5:colcon.colcon_core.verb:set package 'gazebo_grasp_plugin_ros' build argument 'cmake_force_configure' from command line to 'False'
[0.242s] Level 5:colcon.colcon_core.verb:set package 'gazebo_grasp_plugin_ros' build argument 'ament_cmake_args' from command line to 'None'
[0.242s] Level 5:colcon.colcon_core.verb:set package 'gazebo_grasp_plugin_ros' build argument 'catkin_cmake_args' from command line to 'None'
[0.242s] Level 5:colcon.colcon_core.verb:set package 'gazebo_grasp_plugin_ros' build argument 'catkin_skip_building_tests' from command line to 'False'
[0.242s] DEBUG:colcon.colcon_core.verb:Building package 'gazebo_grasp_plugin_ros' with the following arguments: {'ament_cmake_args': None, 'build_base': '/home/liang/me332_ws/build/gazebo_grasp_plugin_ros', 'catkin_cmake_args': None, 'catkin_skip_building_tests': False, 'cmake_args': None, 'cmake_clean_cache': False, 'cmake_clean_first': False, 'cmake_force_configure': False, 'cmake_target': None, 'cmake_target_skip_unavailable': False, 'install_base': '/home/liang/me332_ws/install/gazebo_grasp_plugin_ros', 'merge_install': False, 'path': '/home/liang/me332_ws/src/gazebo-pkgs-humble/gazebo_grasp_plugin_ros', 'symlink_install': False, 'test_result_base': None}
[0.242s] INFO:colcon.colcon_core.executor:Executing jobs using 'parallel' executor
[0.243s] DEBUG:colcon.colcon_parallel_executor.executor.parallel:run_until_complete
[0.243s] INFO:colcon.colcon_ros.task.ament_cmake.build:Building ROS package in '/home/liang/me332_ws/src/gazebo-pkgs-humble/gazebo_version_helpers' with build type 'ament_cmake'
[0.243s] INFO:colcon.colcon_cmake.task.cmake.build:Building CMake package in '/home/liang/me332_ws/src/gazebo-pkgs-humble/gazebo_version_helpers'
[0.244s] INFO:colcon.colcon_core.plugin_system:Skipping extension 'colcon_core.shell.bat': Not used on non-Windows systems
[0.245s] INFO:colcon.colcon_core.shell:Skip shell extension 'powershell' for command environment: Not usable outside of PowerShell
[0.245s] DEBUG:colcon.colcon_core.shell:Skip shell extension 'dsv' for command environment
[0.247s] INFO:colcon.colcon_ros.task.ament_cmake.build:Building ROS package in '/home/liang/me332_ws/src/me332_robot_description' with build type 'ament_cmake'
[0.247s] INFO:colcon.colcon_cmake.task.cmake.build:Building CMake package in '/home/liang/me332_ws/src/me332_robot_description'
[0.247s] INFO:colcon.colcon_core.shell:Skip shell extension 'powershell' for command environment: Not usable outside of PowerShell
[0.247s] DEBUG:colcon.colcon_core.shell:Skip shell extension 'dsv' for command environment
[0.249s] INFO:colcon.colcon_ros.task.ament_python.build:Building ROS package in '/home/liang/me332_ws/src/me332_teleop' with build type 'ament_python'
[0.249s] Level 1:colcon.colcon_core.shell:create_environment_hook('me332_teleop', 'ament_prefix_path')
[0.249s] INFO:colcon.colcon_core.shell:Creating environment hook '/home/liang/me332_ws/install/me332_teleop/share/me332_teleop/hook/ament_prefix_path.ps1'
[0.250s] INFO:colcon.colcon_core.shell:Creating environment descriptor '/home/liang/me332_ws/install/me332_teleop/share/me332_teleop/hook/ament_prefix_path.dsv'
[0.250s] INFO:colcon.colcon_core.shell:Creating environment hook '/home/liang/me332_ws/install/me332_teleop/share/me332_teleop/hook/ament_prefix_path.sh'
[0.250s] INFO:colcon.colcon_core.shell:Skip shell extension 'powershell' for command environment: Not usable outside of PowerShell
[0.250s] DEBUG:colcon.colcon_core.shell:Skip shell extension 'dsv' for command environment
[0.256s] DEBUG:colcon.colcon_core.event_handler.log_command:Invoking command in '/home/liang/me332_ws/build/gazebo_version_helpers': CMAKE_PREFIX_PATH=/opt/ros/humble /usr/bin/cmake --build /home/liang/me332_ws/build/gazebo_version_helpers -- -j20 -l20
[0.257s] DEBUG:colcon.colcon_core.event_handler.log_command:Invoking command in '/home/liang/me332_ws/build/me332_robot_description': CMAKE_PREFIX_PATH=/opt/ros/humble /usr/bin/cmake --build /home/liang/me332_ws/build/me332_robot_description -- -j20 -l20
[0.420s] INFO:colcon.colcon_core.task.python.build:Building Python package in '/home/liang/me332_ws/src/me332_teleop'
[0.420s] INFO:colcon.colcon_core.shell:Skip shell extension 'powershell' for command environment: Not usable outside of PowerShell
[0.420s] DEBUG:colcon.colcon_core.shell:Skip shell extension 'dsv' for command environment
[0.424s] DEBUG:colcon.colcon_core.event_handler.log_command:Invoked command in '/home/liang/me332_ws/build/me332_robot_description' returned '0': CMAKE_PREFIX_PATH=/opt/ros/humble /usr/bin/cmake --build /home/liang/me332_ws/build/me332_robot_description -- -j20 -l20
[0.431s] DEBUG:colcon.colcon_core.event_handler.log_command:Invoking command in '/home/liang/me332_ws/build/me332_robot_description': CMAKE_PREFIX_PATH=/opt/ros/humble /usr/bin/cmake --install /home/liang/me332_ws/build/me332_robot_description
[0.431s] DEBUG:colcon.colcon_core.event_handler.log_command:Invoked command in '/home/liang/me332_ws/build/gazebo_version_helpers' returned '0': CMAKE_PREFIX_PATH=/opt/ros/humble /usr/bin/cmake --build /home/liang/me332_ws/build/gazebo_version_helpers -- -j20 -l20
[0.432s] DEBUG:colcon.colcon_core.event_handler.log_command:Invoking command in '/home/liang/me332_ws/build/gazebo_version_helpers': CMAKE_PREFIX_PATH=/opt/ros/humble /usr/bin/cmake --install /home/liang/me332_ws/build/gazebo_version_helpers
[0.440s] Level 1:colcon.colcon_core.environment:create_environment_scripts_only(me332_robot_description)
[0.441s] DEBUG:colcon.colcon_core.event_handler.log_command:Invoked command in '/home/liang/me332_ws/build/me332_robot_description' returned '0': CMAKE_PREFIX_PATH=/opt/ros/humble /usr/bin/cmake --install /home/liang/me332_ws/build/me332_robot_description
[0.442s] Level 1:colcon.colcon_core.environment:checking '/home/liang/me332_ws/install/me332_robot_description' for CMake module files
[0.443s] Level 1:colcon.colcon_core.environment:checking '/home/liang/me332_ws/install/me332_robot_description' for CMake config files
[0.443s] Level 1:colcon.colcon_core.shell:create_environment_hook('me332_robot_description', 'cmake_prefix_path')
[0.443s] INFO:colcon.colcon_core.shell:Creating environment hook '/home/liang/me332_ws/install/me332_robot_description/share/me332_robot_description/hook/cmake_prefix_path.ps1'
[0.444s] INFO:colcon.colcon_core.shell:Creating environment descriptor '/home/liang/me332_ws/install/me332_robot_description/share/me332_robot_description/hook/cmake_prefix_path.dsv'
[0.444s] INFO:colcon.colcon_core.shell:Creating environment hook '/home/liang/me332_ws/install/me332_robot_description/share/me332_robot_description/hook/cmake_prefix_path.sh'
[0.444s] Level 1:colcon.colcon_core.environment:checking '/home/liang/me332_ws/install/me332_robot_description/bin'
[0.444s] Level 1:colcon.colcon_core.environment:checking '/home/liang/me332_ws/install/me332_robot_description/lib/pkgconfig/me332_robot_description.pc'
[0.444s] Level 1:colcon.colcon_core.environment:checking '/home/liang/me332_ws/install/me332_robot_description/lib/python3.10/site-packages'
[0.445s] Level 1:colcon.colcon_core.environment:checking '/home/liang/me332_ws/install/me332_robot_description/bin'
[0.445s] INFO:colcon.colcon_core.shell:Creating package script '/home/liang/me332_ws/install/me332_robot_description/share/me332_robot_description/package.ps1'
[0.445s] INFO:colcon.colcon_core.shell:Creating package descriptor '/home/liang/me332_ws/install/me332_robot_description/share/me332_robot_description/package.dsv'
[0.446s] INFO:colcon.colcon_core.shell:Creating package script '/home/liang/me332_ws/install/me332_robot_description/share/me332_robot_description/package.sh'
[0.446s] INFO:colcon.colcon_core.shell:Creating package script '/home/liang/me332_ws/install/me332_robot_description/share/me332_robot_description/package.bash'
[0.446s] INFO:colcon.colcon_core.shell:Creating package script '/home/liang/me332_ws/install/me332_robot_description/share/me332_robot_description/package.zsh'
[0.447s] Level 1:colcon.colcon_core.environment:create_file_with_runtime_dependencies(/home/liang/me332_ws/install/me332_robot_description/share/colcon-core/packages/me332_robot_description)
[0.447s] Level 1:colcon.colcon_core.environment:create_environment_scripts_only(me332_robot_description)
[0.447s] Level 1:colcon.colcon_core.environment:checking '/home/liang/me332_ws/install/me332_robot_description' for CMake module files
[0.448s] Level 1:colcon.colcon_core.environment:checking '/home/liang/me332_ws/install/me332_robot_description' for CMake config files
[0.448s] Level 1:colcon.colcon_core.shell:create_environment_hook('me332_robot_description', 'cmake_prefix_path')
[0.448s] INFO:colcon.colcon_core.shell:Creating environment hook '/home/liang/me332_ws/install/me332_robot_description/share/me332_robot_description/hook/cmake_prefix_path.ps1'
[0.448s] INFO:colcon.colcon_core.shell:Creating environment descriptor '/home/liang/me332_ws/install/me332_robot_description/share/me332_robot_description/hook/cmake_prefix_path.dsv'
[0.448s] INFO:colcon.colcon_core.shell:Creating environment hook '/home/liang/me332_ws/install/me332_robot_description/share/me332_robot_description/hook/cmake_prefix_path.sh'
[0.448s] Level 1:colcon.colcon_core.environment:checking '/home/liang/me332_ws/install/me332_robot_description/bin'
[0.449s] Level 1:colcon.colcon_core.environment:checking '/home/liang/me332_ws/install/me332_robot_description/lib/pkgconfig/me332_robot_description.pc'
[0.449s] Level 1:colcon.colcon_core.environment:checking '/home/liang/me332_ws/install/me332_robot_description/lib/python3.10/site-packages'
[0.449s] Level 1:colcon.colcon_core.environment:checking '/home/liang/me332_ws/install/me332_robot_description/bin'
[0.449s] INFO:colcon.colcon_core.shell:Creating package script '/home/liang/me332_ws/install/me332_robot_description/share/me332_robot_description/package.ps1'
[0.449s] INFO:colcon.colcon_core.shell:Creating package descriptor '/home/liang/me332_ws/install/me332_robot_description/share/me332_robot_description/package.dsv'
[0.450s] INFO:colcon.colcon_core.shell:Creating package script '/home/liang/me332_ws/install/me332_robot_description/share/me332_robot_description/package.sh'
[0.450s] INFO:colcon.colcon_core.shell:Creating package script '/home/liang/me332_ws/install/me332_robot_description/share/me332_robot_description/package.bash'
[0.450s] INFO:colcon.colcon_core.shell:Creating package script '/home/liang/me332_ws/install/me332_robot_description/share/me332_robot_description/package.zsh'
[0.450s] Level 1:colcon.colcon_core.environment:create_file_with_runtime_dependencies(/home/liang/me332_ws/install/me332_robot_description/share/colcon-core/packages/me332_robot_description)
[0.451s] Level 1:colcon.colcon_core.environment:create_environment_scripts_only(gazebo_version_helpers)
[0.451s] Level 1:colcon.colcon_core.environment:checking '/home/liang/me332_ws/install/gazebo_version_helpers' for CMake module files
[0.451s] DEBUG:colcon.colcon_core.event_handler.log_command:Invoked command in '/home/liang/me332_ws/build/gazebo_version_helpers' returned '0': CMAKE_PREFIX_PATH=/opt/ros/humble /usr/bin/cmake --install /home/liang/me332_ws/build/gazebo_version_helpers
[0.451s] Level 1:colcon.colcon_core.environment:checking '/home/liang/me332_ws/install/gazebo_version_helpers' for CMake config files
[0.451s] Level 1:colcon.colcon_core.shell:create_environment_hook('gazebo_version_helpers', 'cmake_prefix_path')
[0.451s] INFO:colcon.colcon_core.shell:Creating environment hook '/home/liang/me332_ws/install/gazebo_version_helpers/share/gazebo_version_helpers/hook/cmake_prefix_path.ps1'
[0.452s] INFO:colcon.colcon_core.shell:Creating environment descriptor '/home/liang/me332_ws/install/gazebo_version_helpers/share/gazebo_version_helpers/hook/cmake_prefix_path.dsv'
[0.452s] INFO:colcon.colcon_core.shell:Creating environment hook '/home/liang/me332_ws/install/gazebo_version_helpers/share/gazebo_version_helpers/hook/cmake_prefix_path.sh'
[0.452s] Level 1:colcon.colcon_core.environment:checking '/home/liang/me332_ws/install/gazebo_version_helpers/lib'
[0.452s] Level 1:colcon.colcon_core.shell:create_environment_hook('gazebo_version_helpers', 'ld_library_path_lib')
[0.452s] INFO:colcon.colcon_core.shell:Creating environment hook '/home/liang/me332_ws/install/gazebo_version_helpers/share/gazebo_version_helpers/hook/ld_library_path_lib.ps1'
[0.453s] INFO:colcon.colcon_core.shell:Creating environment descriptor '/home/liang/me332_ws/install/gazebo_version_helpers/share/gazebo_version_helpers/hook/ld_library_path_lib.dsv'
[0.453s] INFO:colcon.colcon_core.shell:Creating environment hook '/home/liang/me332_ws/install/gazebo_version_helpers/share/gazebo_version_helpers/hook/ld_library_path_lib.sh'
[0.453s] Level 1:colcon.colcon_core.environment:checking '/home/liang/me332_ws/install/gazebo_version_helpers/bin'
[0.453s] Level 1:colcon.colcon_core.environment:checking '/home/liang/me332_ws/install/gazebo_version_helpers/lib/pkgconfig/gazebo_version_helpers.pc'
[0.453s] Level 1:colcon.colcon_core.environment:checking '/home/liang/me332_ws/install/gazebo_version_helpers/lib/python3.10/site-packages'
[0.454s] Level 1:colcon.colcon_core.environment:checking '/home/liang/me332_ws/install/gazebo_version_helpers/bin'
[0.454s] INFO:colcon.colcon_core.shell:Creating package script '/home/liang/me332_ws/install/gazebo_version_helpers/share/gazebo_version_helpers/package.ps1'
[0.454s] INFO:colcon.colcon_core.shell:Creating package descriptor '/home/liang/me332_ws/install/gazebo_version_helpers/share/gazebo_version_helpers/package.dsv'
[0.454s] INFO:colcon.colcon_core.shell:Creating package script '/home/liang/me332_ws/install/gazebo_version_helpers/share/gazebo_version_helpers/package.sh'
[0.454s] INFO:colcon.colcon_core.shell:Creating package script '/home/liang/me332_ws/install/gazebo_version_helpers/share/gazebo_version_helpers/package.bash'
[0.455s] INFO:colcon.colcon_core.shell:Creating package script '/home/liang/me332_ws/install/gazebo_version_helpers/share/gazebo_version_helpers/package.zsh'
[0.455s] Level 1:colcon.colcon_core.environment:create_file_with_runtime_dependencies(/home/liang/me332_ws/install/gazebo_version_helpers/share/colcon-core/packages/gazebo_version_helpers)
[0.455s] Level 1:colcon.colcon_core.environment:create_environment_scripts_only(gazebo_version_helpers)
[0.455s] Level 1:colcon.colcon_core.environment:checking '/home/liang/me332_ws/install/gazebo_version_helpers' for CMake module files
[0.456s] Level 1:colcon.colcon_core.environment:checking '/home/liang/me332_ws/install/gazebo_version_helpers' for CMake config files
[0.456s] Level 1:colcon.colcon_core.shell:create_environment_hook('gazebo_version_helpers', 'cmake_prefix_path')
[0.456s] INFO:colcon.colcon_core.shell:Creating environment hook '/home/liang/me332_ws/install/gazebo_version_helpers/share/gazebo_version_helpers/hook/cmake_prefix_path.ps1'
[0.456s] INFO:colcon.colcon_core.shell:Creating environment descriptor '/home/liang/me332_ws/install/gazebo_version_helpers/share/gazebo_version_helpers/hook/cmake_prefix_path.dsv'
[0.456s] INFO:colcon.colcon_core.shell:Creating environment hook '/home/liang/me332_ws/install/gazebo_version_helpers/share/gazebo_version_helpers/hook/cmake_prefix_path.sh'
[0.456s] Level 1:colcon.colcon_core.environment:checking '/home/liang/me332_ws/install/gazebo_version_helpers/lib'
[0.457s] Level 1:colcon.colcon_core.shell:create_environment_hook('gazebo_version_helpers', 'ld_library_path_lib')
[0.457s] INFO:colcon.colcon_core.shell:Creating environment hook '/home/liang/me332_ws/install/gazebo_version_helpers/share/gazebo_version_helpers/hook/ld_library_path_lib.ps1'
[0.457s] INFO:colcon.colcon_core.shell:Creating environment descriptor '/home/liang/me332_ws/install/gazebo_version_helpers/share/gazebo_version_helpers/hook/ld_library_path_lib.dsv'
[0.457s] INFO:colcon.colcon_core.shell:Creating environment hook '/home/liang/me332_ws/install/gazebo_version_helpers/share/gazebo_version_helpers/hook/ld_library_path_lib.sh'
[0.457s] Level 1:colcon.colcon_core.environment:checking '/home/liang/me332_ws/install/gazebo_version_helpers/bin'
[0.457s] Level 1:colcon.colcon_core.environment:checking '/home/liang/me332_ws/install/gazebo_version_helpers/lib/pkgconfig/gazebo_version_helpers.pc'
[0.457s] Level 1:colcon.colcon_core.environment:checking '/home/liang/me332_ws/install/gazebo_version_helpers/lib/python3.10/site-packages'
[0.458s] Level 1:colcon.colcon_core.environment:checking '/home/liang/me332_ws/install/gazebo_version_helpers/bin'
[0.458s] INFO:colcon.colcon_core.shell:Creating package script '/home/liang/me332_ws/install/gazebo_version_helpers/share/gazebo_version_helpers/package.ps1'
[0.458s] INFO:colcon.colcon_core.shell:Creating package descriptor '/home/liang/me332_ws/install/gazebo_version_helpers/share/gazebo_version_helpers/package.dsv'
[0.458s] INFO:colcon.colcon_core.shell:Creating package script '/home/liang/me332_ws/install/gazebo_version_helpers/share/gazebo_version_helpers/package.sh'
[0.459s] INFO:colcon.colcon_core.shell:Creating package script '/home/liang/me332_ws/install/gazebo_version_helpers/share/gazebo_version_helpers/package.bash'
[0.459s] INFO:colcon.colcon_core.shell:Creating package script '/home/liang/me332_ws/install/gazebo_version_helpers/share/gazebo_version_helpers/package.zsh'
[0.459s] Level 1:colcon.colcon_core.environment:create_file_with_runtime_dependencies(/home/liang/me332_ws/install/gazebo_version_helpers/share/colcon-core/packages/gazebo_version_helpers)
[0.459s] INFO:colcon.colcon_ros.task.ament_cmake.build:Building ROS package in '/home/liang/me332_ws/src/gazebo-pkgs-humble/gazebo_grasp_plugin' with build type 'ament_cmake'
[0.459s] INFO:colcon.colcon_cmake.task.cmake.build:Building CMake package in '/home/liang/me332_ws/src/gazebo-pkgs-humble/gazebo_grasp_plugin'
[0.459s] INFO:colcon.colcon_core.shell:Skip shell extension 'powershell' for command environment: Not usable outside of PowerShell
[0.459s] DEBUG:colcon.colcon_core.shell:Skip shell extension 'dsv' for command environment
[0.468s] DEBUG:colcon.colcon_core.event_handler.log_command:Invoking command in '/home/liang/me332_ws/build/gazebo_grasp_plugin': AMENT_PREFIX_PATH=/home/liang/me332_ws/install/gazebo_version_helpers:${AMENT_PREFIX_PATH} CMAKE_PREFIX_PATH=/home/liang/me332_ws/install/gazebo_version_helpers:/opt/ros/humble LD_LIBRARY_PATH=/home/liang/me332_ws/install/gazebo_version_helpers/lib:${LD_LIBRARY_PATH} /usr/bin/cmake --build /home/liang/me332_ws/build/gazebo_grasp_plugin -- -j20 -l20
[0.558s] DEBUG:colcon.colcon_core.event_handler.log_command:Invoked command in '/home/liang/me332_ws/build/gazebo_grasp_plugin' returned '0': AMENT_PREFIX_PATH=/home/liang/me332_ws/install/gazebo_version_helpers:${AMENT_PREFIX_PATH} CMAKE_PREFIX_PATH=/home/liang/me332_ws/install/gazebo_version_helpers:/opt/ros/humble LD_LIBRARY_PATH=/home/liang/me332_ws/install/gazebo_version_helpers/lib:${LD_LIBRARY_PATH} /usr/bin/cmake --build /home/liang/me332_ws/build/gazebo_grasp_plugin -- -j20 -l20
[0.559s] DEBUG:colcon.colcon_core.event_handler.log_command:Invoking command in '/home/liang/me332_ws/build/gazebo_grasp_plugin': AMENT_PREFIX_PATH=/home/liang/me332_ws/install/gazebo_version_helpers:${AMENT_PREFIX_PATH} CMAKE_PREFIX_PATH=/home/liang/me332_ws/install/gazebo_version_helpers:/opt/ros/humble LD_LIBRARY_PATH=/home/liang/me332_ws/install/gazebo_version_helpers/lib:${LD_LIBRARY_PATH} /usr/bin/cmake --install /home/liang/me332_ws/build/gazebo_grasp_plugin
[0.567s] Level 1:colcon.colcon_core.environment:create_environment_scripts_only(gazebo_grasp_plugin)
[0.567s] DEBUG:colcon.colcon_core.event_handler.log_command:Invoked command in '/home/liang/me332_ws/build/gazebo_grasp_plugin' returned '0': AMENT_PREFIX_PATH=/home/liang/me332_ws/install/gazebo_version_helpers:${AMENT_PREFIX_PATH} CMAKE_PREFIX_PATH=/home/liang/me332_ws/install/gazebo_version_helpers:/opt/ros/humble LD_LIBRARY_PATH=/home/liang/me332_ws/install/gazebo_version_helpers/lib:${LD_LIBRARY_PATH} /usr/bin/cmake --install /home/liang/me332_ws/build/gazebo_grasp_plugin
[0.567s] Level 1:colcon.colcon_core.environment:checking '/home/liang/me332_ws/install/gazebo_grasp_plugin' for CMake module files
[0.568s] Level 1:colcon.colcon_core.environment:checking '/home/liang/me332_ws/install/gazebo_grasp_plugin' for CMake config files
[0.568s] Level 1:colcon.colcon_core.shell:create_environment_hook('gazebo_grasp_plugin', 'cmake_prefix_path')
[0.568s] INFO:colcon.colcon_core.shell:Creating environment hook '/home/liang/me332_ws/install/gazebo_grasp_plugin/share/gazebo_grasp_plugin/hook/cmake_prefix_path.ps1'
[0.569s] INFO:colcon.colcon_core.shell:Creating environment descriptor '/home/liang/me332_ws/install/gazebo_grasp_plugin/share/gazebo_grasp_plugin/hook/cmake_prefix_path.dsv'
[0.569s] INFO:colcon.colcon_core.shell:Creating environment hook '/home/liang/me332_ws/install/gazebo_grasp_plugin/share/gazebo_grasp_plugin/hook/cmake_prefix_path.sh'
[0.569s] Level 1:colcon.colcon_core.environment:checking '/home/liang/me332_ws/install/gazebo_grasp_plugin/lib'
[0.569s] Level 1:colcon.colcon_core.shell:create_environment_hook('gazebo_grasp_plugin', 'ld_library_path_lib')
[0.569s] INFO:colcon.colcon_core.shell:Creating environment hook '/home/liang/me332_ws/install/gazebo_grasp_plugin/share/gazebo_grasp_plugin/hook/ld_library_path_lib.ps1'
[0.569s] INFO:colcon.colcon_core.shell:Creating environment descriptor '/home/liang/me332_ws/install/gazebo_grasp_plugin/share/gazebo_grasp_plugin/hook/ld_library_path_lib.dsv'
[0.570s] INFO:colcon.colcon_core.shell:Creating environment hook '/home/liang/me332_ws/install/gazebo_grasp_plugin/share/gazebo_grasp_plugin/hook/ld_library_path_lib.sh'
[0.570s] Level 1:colcon.colcon_core.environment:checking '/home/liang/me332_ws/install/gazebo_grasp_plugin/bin'
[0.570s] Level 1:colcon.colcon_core.environment:checking '/home/liang/me332_ws/install/gazebo_grasp_plugin/lib/pkgconfig/gazebo_grasp_plugin.pc'
[0.570s] Level 1:colcon.colcon_core.environment:checking '/home/liang/me332_ws/install/gazebo_grasp_plugin/lib/python3.10/site-packages'
[0.570s] Level 1:colcon.colcon_core.environment:checking '/home/liang/me332_ws/install/gazebo_grasp_plugin/bin'
[0.570s] INFO:colcon.colcon_core.shell:Creating package script '/home/liang/me332_ws/install/gazebo_grasp_plugin/share/gazebo_grasp_plugin/package.ps1'
[0.571s] INFO:colcon.colcon_core.shell:Creating package descriptor '/home/liang/me332_ws/install/gazebo_grasp_plugin/share/gazebo_grasp_plugin/package.dsv'
[0.571s] INFO:colcon.colcon_core.shell:Creating package script '/home/liang/me332_ws/install/gazebo_grasp_plugin/share/gazebo_grasp_plugin/package.sh'
[0.571s] INFO:colcon.colcon_core.shell:Creating package script '/home/liang/me332_ws/install/gazebo_grasp_plugin/share/gazebo_grasp_plugin/package.bash'
[0.571s] INFO:colcon.colcon_core.shell:Creating package script '/home/liang/me332_ws/install/gazebo_grasp_plugin/share/gazebo_grasp_plugin/package.zsh'
[0.572s] Level 1:colcon.colcon_core.environment:create_file_with_runtime_dependencies(/home/liang/me332_ws/install/gazebo_grasp_plugin/share/colcon-core/packages/gazebo_grasp_plugin)
[0.572s] Level 1:colcon.colcon_core.environment:create_environment_scripts_only(gazebo_grasp_plugin)
[0.572s] Level 1:colcon.colcon_core.environment:checking '/home/liang/me332_ws/install/gazebo_grasp_plugin' for CMake module files
[0.572s] Level 1:colcon.colcon_core.environment:checking '/home/liang/me332_ws/install/gazebo_grasp_plugin' for CMake config files
[0.572s] Level 1:colcon.colcon_core.shell:create_environment_hook('gazebo_grasp_plugin', 'cmake_prefix_path')
[0.572s] INFO:colcon.colcon_core.shell:Creating environment hook '/home/liang/me332_ws/install/gazebo_grasp_plugin/share/gazebo_grasp_plugin/hook/cmake_prefix_path.ps1'
[0.573s] INFO:colcon.colcon_core.shell:Creating environment descriptor '/home/liang/me332_ws/install/gazebo_grasp_plugin/share/gazebo_grasp_plugin/hook/cmake_prefix_path.dsv'
[0.573s] INFO:colcon.colcon_core.shell:Creating environment hook '/home/liang/me332_ws/install/gazebo_grasp_plugin/share/gazebo_grasp_plugin/hook/cmake_prefix_path.sh'
[0.573s] Level 1:colcon.colcon_core.environment:checking '/home/liang/me332_ws/install/gazebo_grasp_plugin/lib'
[0.573s] Level 1:colcon.colcon_core.shell:create_environment_hook('gazebo_grasp_plugin', 'ld_library_path_lib')
[0.573s] INFO:colcon.colcon_core.shell:Creating environment hook '/home/liang/me332_ws/install/gazebo_grasp_plugin/share/gazebo_grasp_plugin/hook/ld_library_path_lib.ps1'
[0.574s] INFO:colcon.colcon_core.shell:Creating environment descriptor '/home/liang/me332_ws/install/gazebo_grasp_plugin/share/gazebo_grasp_plugin/hook/ld_library_path_lib.dsv'
[0.574s] INFO:colcon.colcon_core.shell:Creating environment hook '/home/liang/me332_ws/install/gazebo_grasp_plugin/share/gazebo_grasp_plugin/hook/ld_library_path_lib.sh'
[0.574s] Level 1:colcon.colcon_core.environment:checking '/home/liang/me332_ws/install/gazebo_grasp_plugin/bin'
[0.574s] Level 1:colcon.colcon_core.environment:checking '/home/liang/me332_ws/install/gazebo_grasp_plugin/lib/pkgconfig/gazebo_grasp_plugin.pc'
[0.574s] Level 1:colcon.colcon_core.environment:checking '/home/liang/me332_ws/install/gazebo_grasp_plugin/lib/python3.10/site-packages'
[0.574s] Level 1:colcon.colcon_core.environment:checking '/home/liang/me332_ws/install/gazebo_grasp_plugin/bin'
[0.575s] INFO:colcon.colcon_core.shell:Creating package script '/home/liang/me332_ws/install/gazebo_grasp_plugin/share/gazebo_grasp_plugin/package.ps1'
[0.575s] INFO:colcon.colcon_core.shell:Creating package descriptor '/home/liang/me332_ws/install/gazebo_grasp_plugin/share/gazebo_grasp_plugin/package.dsv'
[0.575s] INFO:colcon.colcon_core.shell:Creating package script '/home/liang/me332_ws/install/gazebo_grasp_plugin/share/gazebo_grasp_plugin/package.sh'
[0.575s] INFO:colcon.colcon_core.shell:Creating package script '/home/liang/me332_ws/install/gazebo_grasp_plugin/share/gazebo_grasp_plugin/package.bash'
[0.576s] INFO:colcon.colcon_core.shell:Creating package script '/home/liang/me332_ws/install/gazebo_grasp_plugin/share/gazebo_grasp_plugin/package.zsh'
[0.576s] Level 1:colcon.colcon_core.environment:create_file_with_runtime_dependencies(/home/liang/me332_ws/install/gazebo_grasp_plugin/share/colcon-core/packages/gazebo_grasp_plugin)
[0.576s] INFO:colcon.colcon_ros.task.ament_cmake.build:Building ROS package in '/home/liang/me332_ws/src/gazebo-pkgs-humble/gazebo_grasp_plugin_ros' with build type 'ament_cmake'
[0.576s] INFO:colcon.colcon_cmake.task.cmake.build:Building CMake package in '/home/liang/me332_ws/src/gazebo-pkgs-humble/gazebo_grasp_plugin_ros'
[0.576s] INFO:colcon.colcon_core.shell:Skip shell extension 'powershell' for command environment: Not usable outside of PowerShell
[0.576s] DEBUG:colcon.colcon_core.shell:Skip shell extension 'dsv' for command environment
[0.586s] DEBUG:colcon.colcon_core.event_handler.log_command:Invoking command in '/home/liang/me332_ws/build/gazebo_grasp_plugin_ros': AMENT_PREFIX_PATH=/home/liang/me332_ws/install/gazebo_grasp_plugin:/home/liang/me332_ws/install/gazebo_version_helpers:${AMENT_PREFIX_PATH} CMAKE_PREFIX_PATH=/home/liang/me332_ws/install/gazebo_grasp_plugin:/home/liang/me332_ws/install/gazebo_version_helpers:/opt/ros/humble LD_LIBRARY_PATH=/home/liang/me332_ws/install/gazebo_grasp_plugin/lib:/home/liang/me332_ws/install/gazebo_version_helpers/lib:${LD_LIBRARY_PATH} /usr/bin/cmake --build /home/liang/me332_ws/build/gazebo_grasp_plugin_ros -- -j20 -l20
[0.654s] DEBUG:colcon.colcon_core.event_handler.log_command:Invoked command in '/home/liang/me332_ws/build/gazebo_grasp_plugin_ros' returned '0': AMENT_PREFIX_PATH=/home/liang/me332_ws/install/gazebo_grasp_plugin:/home/liang/me332_ws/install/gazebo_version_helpers:${AMENT_PREFIX_PATH} CMAKE_PREFIX_PATH=/home/liang/me332_ws/install/gazebo_grasp_plugin:/home/liang/me332_ws/install/gazebo_version_helpers:/opt/ros/humble LD_LIBRARY_PATH=/home/liang/me332_ws/install/gazebo_grasp_plugin/lib:/home/liang/me332_ws/install/gazebo_version_helpers/lib:${LD_LIBRARY_PATH} /usr/bin/cmake --build /home/liang/me332_ws/build/gazebo_grasp_plugin_ros -- -j20 -l20
[0.655s] DEBUG:colcon.colcon_core.event_handler.log_command:Invoking command in '/home/liang/me332_ws/build/gazebo_grasp_plugin_ros': AMENT_PREFIX_PATH=/home/liang/me332_ws/install/gazebo_grasp_plugin:/home/liang/me332_ws/install/gazebo_version_helpers:${AMENT_PREFIX_PATH} CMAKE_PREFIX_PATH=/home/liang/me332_ws/install/gazebo_grasp_plugin:/home/liang/me332_ws/install/gazebo_version_helpers:/opt/ros/humble LD_LIBRARY_PATH=/home/liang/me332_ws/install/gazebo_grasp_plugin/lib:/home/liang/me332_ws/install/gazebo_version_helpers/lib:${LD_LIBRARY_PATH} /usr/bin/cmake --install /home/liang/me332_ws/build/gazebo_grasp_plugin_ros
[0.662s] DEBUG:colcon.colcon_core.event_handler.log_command:Invoking command in '/home/liang/me332_ws/src/me332_teleop': PYTHONPATH=/home/liang/me332_ws/build/me332_teleop/prefix_override:/usr/lib/python3/dist-packages/colcon_core/task/python/colcon_distutils_commands:/home/liang/me332_ws/install/me332_teleop/lib/python3.10/site-packages:${PYTHONPATH} /usr/bin/python3 -W ignore:setup.py install is deprecated -W ignore:easy_install command is deprecated setup.py egg_info --egg-base ../../build/me332_teleop build --build-base /home/liang/me332_ws/build/me332_teleop/build install --record /home/liang/me332_ws/build/me332_teleop/install.log --single-version-externally-managed install_data
[0.663s] Level 1:colcon.colcon_core.environment:create_environment_scripts_only(gazebo_grasp_plugin_ros)
[0.663s] Level 1:colcon.colcon_core.environment:checking '/home/liang/me332_ws/install/gazebo_grasp_plugin_ros' for CMake module files
[0.663s] DEBUG:colcon.colcon_core.event_handler.log_command:Invoked command in '/home/liang/me332_ws/build/gazebo_grasp_plugin_ros' returned '0': AMENT_PREFIX_PATH=/home/liang/me332_ws/install/gazebo_grasp_plugin:/home/liang/me332_ws/install/gazebo_version_helpers:${AMENT_PREFIX_PATH} CMAKE_PREFIX_PATH=/home/liang/me332_ws/install/gazebo_grasp_plugin:/home/liang/me332_ws/install/gazebo_version_helpers:/opt/ros/humble LD_LIBRARY_PATH=/home/liang/me332_ws/install/gazebo_grasp_plugin/lib:/home/liang/me332_ws/install/gazebo_version_helpers/lib:${LD_LIBRARY_PATH} /usr/bin/cmake --install /home/liang/me332_ws/build/gazebo_grasp_plugin_ros
[0.664s] Level 1:colcon.colcon_core.environment:checking '/home/liang/me332_ws/install/gazebo_grasp_plugin_ros' for CMake config files
[0.664s] Level 1:colcon.colcon_core.shell:create_environment_hook('gazebo_grasp_plugin_ros', 'cmake_prefix_path')
[0.664s] INFO:colcon.colcon_core.shell:Creating environment hook '/home/liang/me332_ws/install/gazebo_grasp_plugin_ros/share/gazebo_grasp_plugin_ros/hook/cmake_prefix_path.ps1'
[0.664s] INFO:colcon.colcon_core.shell:Creating environment descriptor '/home/liang/me332_ws/install/gazebo_grasp_plugin_ros/share/gazebo_grasp_plugin_ros/hook/cmake_prefix_path.dsv'
[0.664s] INFO:colcon.colcon_core.shell:Creating environment hook '/home/liang/me332_ws/install/gazebo_grasp_plugin_ros/share/gazebo_grasp_plugin_ros/hook/cmake_prefix_path.sh'
[0.665s] Level 1:colcon.colcon_core.environment:checking '/home/liang/me332_ws/install/gazebo_grasp_plugin_ros/lib'
[0.665s] Level 1:colcon.colcon_core.environment:checking '/home/liang/me332_ws/install/gazebo_grasp_plugin_ros/bin'
[0.665s] Level 1:colcon.colcon_core.environment:checking '/home/liang/me332_ws/install/gazebo_grasp_plugin_ros/lib/pkgconfig/gazebo_grasp_plugin_ros.pc'
[0.665s] Level 1:colcon.colcon_core.environment:checking '/home/liang/me332_ws/install/gazebo_grasp_plugin_ros/lib/python3.10/site-packages'
[0.665s] Level 1:colcon.colcon_core.environment:checking '/home/liang/me332_ws/install/gazebo_grasp_plugin_ros/bin'
[0.665s] INFO:colcon.colcon_core.shell:Creating package script '/home/liang/me332_ws/install/gazebo_grasp_plugin_ros/share/gazebo_grasp_plugin_ros/package.ps1'
[0.666s] INFO:colcon.colcon_core.shell:Creating package descriptor '/home/liang/me332_ws/install/gazebo_grasp_plugin_ros/share/gazebo_grasp_plugin_ros/package.dsv'
[0.666s] INFO:colcon.colcon_core.shell:Creating package script '/home/liang/me332_ws/install/gazebo_grasp_plugin_ros/share/gazebo_grasp_plugin_ros/package.sh'
[0.666s] INFO:colcon.colcon_core.shell:Creating package script '/home/liang/me332_ws/install/gazebo_grasp_plugin_ros/share/gazebo_grasp_plugin_ros/package.bash'
[0.666s] INFO:colcon.colcon_core.shell:Creating package script '/home/liang/me332_ws/install/gazebo_grasp_plugin_ros/share/gazebo_grasp_plugin_ros/package.zsh'
[0.667s] Level 1:colcon.colcon_core.environment:create_file_with_runtime_dependencies(/home/liang/me332_ws/install/gazebo_grasp_plugin_ros/share/colcon-core/packages/gazebo_grasp_plugin_ros)
[0.667s] Level 1:colcon.colcon_core.environment:create_environment_scripts_only(gazebo_grasp_plugin_ros)
[0.667s] Level 1:colcon.colcon_core.environment:checking '/home/liang/me332_ws/install/gazebo_grasp_plugin_ros' for CMake module files
[0.667s] Level 1:colcon.colcon_core.environment:checking '/home/liang/me332_ws/install/gazebo_grasp_plugin_ros' for CMake config files
[0.667s] Level 1:colcon.colcon_core.shell:create_environment_hook('gazebo_grasp_plugin_ros', 'cmake_prefix_path')
[0.668s] INFO:colcon.colcon_core.shell:Creating environment hook '/home/liang/me332_ws/install/gazebo_grasp_plugin_ros/share/gazebo_grasp_plugin_ros/hook/cmake_prefix_path.ps1'
[0.668s] INFO:colcon.colcon_core.shell:Creating environment descriptor '/home/liang/me332_ws/install/gazebo_grasp_plugin_ros/share/gazebo_grasp_plugin_ros/hook/cmake_prefix_path.dsv'
[0.668s] INFO:colcon.colcon_core.shell:Creating environment hook '/home/liang/me332_ws/install/gazebo_grasp_plugin_ros/share/gazebo_grasp_plugin_ros/hook/cmake_prefix_path.sh'
[0.669s] Level 1:colcon.colcon_core.environment:checking '/home/liang/me332_ws/install/gazebo_grasp_plugin_ros/lib'
[0.669s] Level 1:colcon.colcon_core.environment:checking '/home/liang/me332_ws/install/gazebo_grasp_plugin_ros/bin'
[0.669s] Level 1:colcon.colcon_core.environment:checking '/home/liang/me332_ws/install/gazebo_grasp_plugin_ros/lib/pkgconfig/gazebo_grasp_plugin_ros.pc'
[0.669s] Level 1:colcon.colcon_core.environment:checking '/home/liang/me332_ws/install/gazebo_grasp_plugin_ros/lib/python3.10/site-packages'
[0.669s] Level 1:colcon.colcon_core.environment:checking '/home/liang/me332_ws/install/gazebo_grasp_plugin_ros/bin'
[0.669s] INFO:colcon.colcon_core.shell:Creating package script '/home/liang/me332_ws/install/gazebo_grasp_plugin_ros/share/gazebo_grasp_plugin_ros/package.ps1'
[0.669s] INFO:colcon.colcon_core.shell:Creating package descriptor '/home/liang/me332_ws/install/gazebo_grasp_plugin_ros/share/gazebo_grasp_plugin_ros/package.dsv'
[0.670s] INFO:colcon.colcon_core.shell:Creating package script '/home/liang/me332_ws/install/gazebo_grasp_plugin_ros/share/gazebo_grasp_plugin_ros/package.sh'
[0.670s] INFO:colcon.colcon_core.shell:Creating package script '/home/liang/me332_ws/install/gazebo_grasp_plugin_ros/share/gazebo_grasp_plugin_ros/package.bash'
[0.670s] INFO:colcon.colcon_core.shell:Creating package script '/home/liang/me332_ws/install/gazebo_grasp_plugin_ros/share/gazebo_grasp_plugin_ros/package.zsh'
[0.670s] Level 1:colcon.colcon_core.environment:create_file_with_runtime_dependencies(/home/liang/me332_ws/install/gazebo_grasp_plugin_ros/share/colcon-core/packages/gazebo_grasp_plugin_ros)
[0.851s] Level 1:colcon.colcon_core.environment:checking '/home/liang/me332_ws/install/me332_teleop' for CMake module files
[0.851s] DEBUG:colcon.colcon_core.event_handler.log_command:Invoked command in '/home/liang/me332_ws/src/me332_teleop' returned '0': PYTHONPATH=/home/liang/me332_ws/build/me332_teleop/prefix_override:/usr/lib/python3/dist-packages/colcon_core/task/python/colcon_distutils_commands:/home/liang/me332_ws/install/me332_teleop/lib/python3.10/site-packages:${PYTHONPATH} /usr/bin/python3 -W ignore:setup.py install is deprecated -W ignore:easy_install command is deprecated setup.py egg_info --egg-base ../../build/me332_teleop build --build-base /home/liang/me332_ws/build/me332_teleop/build install --record /home/liang/me332_ws/build/me332_teleop/install.log --single-version-externally-managed install_data
[0.851s] Level 1:colcon.colcon_core.environment:checking '/home/liang/me332_ws/install/me332_teleop' for CMake config files
[0.852s] Level 1:colcon.colcon_core.environment:checking '/home/liang/me332_ws/install/me332_teleop/lib'
[0.852s] Level 1:colcon.colcon_core.environment:checking '/home/liang/me332_ws/install/me332_teleop/bin'
[0.852s] Level 1:colcon.colcon_core.environment:checking '/home/liang/me332_ws/install/me332_teleop/lib/pkgconfig/me332_teleop.pc'
[0.852s] Level 1:colcon.colcon_core.environment:checking '/home/liang/me332_ws/install/me332_teleop/lib/python3.10/site-packages'
[0.852s] Level 1:colcon.colcon_core.shell:create_environment_hook('me332_teleop', 'pythonpath')
[0.852s] INFO:colcon.colcon_core.shell:Creating environment hook '/home/liang/me332_ws/install/me332_teleop/share/me332_teleop/hook/pythonpath.ps1'
[0.853s] INFO:colcon.colcon_core.shell:Creating environment descriptor '/home/liang/me332_ws/install/me332_teleop/share/me332_teleop/hook/pythonpath.dsv'
[0.853s] INFO:colcon.colcon_core.shell:Creating environment hook '/home/liang/me332_ws/install/me332_teleop/share/me332_teleop/hook/pythonpath.sh'
[0.853s] Level 1:colcon.colcon_core.environment:checking '/home/liang/me332_ws/install/me332_teleop/bin'
[0.853s] Level 1:colcon.colcon_core.environment:create_environment_scripts_only(me332_teleop)
[0.854s] INFO:colcon.colcon_core.shell:Creating package script '/home/liang/me332_ws/install/me332_teleop/share/me332_teleop/package.ps1'
[0.854s] INFO:colcon.colcon_core.shell:Creating package descriptor '/home/liang/me332_ws/install/me332_teleop/share/me332_teleop/package.dsv'
[0.854s] INFO:colcon.colcon_core.shell:Creating package script '/home/liang/me332_ws/install/me332_teleop/share/me332_teleop/package.sh'
[0.854s] INFO:colcon.colcon_core.shell:Creating package script '/home/liang/me332_ws/install/me332_teleop/share/me332_teleop/package.bash'
[0.854s] INFO:colcon.colcon_core.shell:Creating package script '/home/liang/me332_ws/install/me332_teleop/share/me332_teleop/package.zsh'
[0.855s] Level 1:colcon.colcon_core.environment:create_file_with_runtime_dependencies(/home/liang/me332_ws/install/me332_teleop/share/colcon-core/packages/me332_teleop)
[0.855s] DEBUG:colcon.colcon_parallel_executor.executor.parallel:closing loop
[0.855s] DEBUG:colcon.colcon_parallel_executor.executor.parallel:loop closed
[0.855s] DEBUG:colcon.colcon_parallel_executor.executor.parallel:run_until_complete finished with '0'
[0.855s] DEBUG:colcon.colcon_core.event_reactor:joining thread
[0.858s] INFO:colcon.colcon_core.plugin_system:Skipping extension 'colcon_notification.desktop_notification.terminal_notifier': Not used on non-Darwin systems
[0.858s] INFO:colcon.colcon_core.plugin_system:Skipping extension 'colcon_notification.desktop_notification.win32': Not used on non-Windows systems
[0.858s] INFO:colcon.colcon_notification.desktop_notification:Sending desktop notification using 'notify2'
[0.865s] DEBUG:colcon.colcon_core.event_reactor:joined thread
[0.866s] INFO:colcon.colcon_core.shell:Creating prefix script '/home/liang/me332_ws/install/local_setup.ps1'
[0.866s] INFO:colcon.colcon_core.shell:Creating prefix util module '/home/liang/me332_ws/install/_local_setup_util_ps1.py'
[0.867s] INFO:colcon.colcon_core.shell:Creating prefix chain script '/home/liang/me332_ws/install/setup.ps1'
[0.867s] INFO:colcon.colcon_core.shell:Creating prefix script '/home/liang/me332_ws/install/local_setup.sh'
[0.868s] INFO:colcon.colcon_core.shell:Creating prefix util module '/home/liang/me332_ws/install/_local_setup_util_sh.py'
[0.868s] INFO:colcon.colcon_core.shell:Creating prefix chain script '/home/liang/me332_ws/install/setup.sh'
[0.869s] INFO:colcon.colcon_core.shell:Creating prefix script '/home/liang/me332_ws/install/local_setup.bash'
[0.869s] INFO:colcon.colcon_core.shell:Creating prefix chain script '/home/liang/me332_ws/install/setup.bash'
[0.869s] INFO:colcon.colcon_core.shell:Creating prefix script '/home/liang/me332_ws/install/local_setup.zsh'
[0.870s] INFO:colcon.colcon_core.shell:Creating prefix chain script '/home/liang/me332_ws/install/setup.zsh'
