[0.007s] Invoking command in '/home/liang/me332_ws/build/gazebo_grasp_plugin': AMENT_PREFIX_PATH=/home/liang/me332_ws/install/gazebo_version_helpers:${AMENT_PREFIX_PATH} CMAKE_PREFIX_PATH=/home/liang/me332_ws/install/gazebo_version_helpers:/opt/ros/humble LD_LIBRARY_PATH=/home/liang/me332_ws/install/gazebo_version_helpers/lib:${LD_LIBRARY_PATH} /usr/bin/cmake /home/liang/me332_ws/src/gazebo-pkgs-humble/gazebo_grasp_plugin -DCMAKE_INSTALL_PREFIX=/home/liang/me332_ws/install/gazebo_grasp_plugin
[0.053s] -- The C compiler identification is GNU 11.4.0
[0.093s] -- The CXX compiler identification is GNU 11.4.0
[0.098s] -- Detecting C compiler ABI info
[0.155s] -- Detecting C compiler ABI info - done
[0.160s] -- Check for working C compiler: /usr/bin/cc - skipped
[0.160s] -- Detecting C compile features
[0.161s] -- Detecting C compile features - done
[0.163s] -- Detecting CXX compiler ABI info
[0.227s] -- Detecting CXX compiler ABI info - done
[0.236s] -- Check for working CXX compiler: /usr/bin/c++ - skipped
[0.237s] -- Detecting CXX compile features
[0.237s] -- Detecting CXX compile features - done
[0.240s] -- Found ament_cmake: 1.3.12 (/opt/ros/humble/share/ament_cmake/cmake)
[0.366s] -- Found Python3: /usr/bin/python3 (found version "3.10.12") found components: Interpreter 
[0.438s] -- Found gazebo_dev: 3.9.0 (/opt/ros/humble/share/gazebo_dev/cmake)
[0.442s] -- Found PkgConfig: /usr/bin/pkg-config (found version "0.29.2") 
[0.448s] -- Checking for module 'bullet>=2.82'
[0.460s] --   Found bullet, version 3.05
[0.544s] -- Found fcl: /usr/include (found suitable version "0.7.0", minimum required is "0.5.0") 
[0.588s] -- Found assimp: /usr/include (found version "5.2.0") 
[0.600s] -- Found DART: /usr/include (Required is at least version "6.6") found components: dart 
[0.741s] -- Found Boost: /usr/lib/x86_64-linux-gnu/cmake/Boost-1.74.0/BoostConfig.cmake (found suitable version "1.74.0", minimum required is "1.40.0") found components: thread system filesystem program_options regex iostreams date_time 
[0.754s] -- Found Protobuf: /usr/lib/x86_64-linux-gnu/libprotobuf.so (found version "3.12.4") 
[0.760s] -- Looking for ignition-math6 -- found version 6.15.1
[0.765s] -- Searching for dependencies of ignition-math6
[0.766s] -- Looking for OGRE...
[0.766s] -- OGRE_PREFIX_WATCH changed.
[0.770s] -- Checking for module 'OGRE'
[0.781s] --   Found OGRE, version 1.9.0
[0.810s] -- Found Ogre Ghadamon (1.9.0)
[0.817s] -- Found OGRE: optimized;/usr/lib/x86_64-linux-gnu/libOgreMain.so;debug;/usr/lib/x86_64-linux-gnu/libOgreMain.so
[0.824s] -- Looking for OGRE_Paging...
[0.828s] -- Found OGRE_Paging: optimized;/usr/lib/x86_64-linux-gnu/libOgrePaging.so;debug;/usr/lib/x86_64-linux-gnu/libOgrePaging.so
[0.828s] -- Looking for OGRE_Terrain...
[0.831s] -- Found OGRE_Terrain: optimized;/usr/lib/x86_64-linux-gnu/libOgreTerrain.so;debug;/usr/lib/x86_64-linux-gnu/libOgreTerrain.so
[0.831s] -- Looking for OGRE_Property...
[0.834s] -- Found OGRE_Property: optimized;/usr/lib/x86_64-linux-gnu/libOgreProperty.so;debug;/usr/lib/x86_64-linux-gnu/libOgreProperty.so
[0.834s] -- Looking for OGRE_RTShaderSystem...
[0.837s] -- Found OGRE_RTShaderSystem: optimized;/usr/lib/x86_64-linux-gnu/libOgreRTShaderSystem.so;debug;/usr/lib/x86_64-linux-gnu/libOgreRTShaderSystem.so
[0.838s] -- Looking for OGRE_Volume...
[0.841s] -- Found OGRE_Volume: optimized;/usr/lib/x86_64-linux-gnu/libOgreVolume.so;debug;/usr/lib/x86_64-linux-gnu/libOgreVolume.so
[0.841s] -- Looking for OGRE_Overlay...
[0.845s] -- Found OGRE_Overlay: optimized;/usr/lib/x86_64-linux-gnu/libOgreOverlay.so;debug;/usr/lib/x86_64-linux-gnu/libOgreOverlay.so
[0.916s] -- Looking for ignition-math6 -- found version 6.15.1
[0.918s] -- Looking for ignition-transport8 -- found version 8.2.1
[0.918s] -- Searching for dependencies of ignition-transport8
[0.931s] -- Found Protobuf: /usr/lib/x86_64-linux-gnu/libprotobuf.so (found suitable version "3.12.4", minimum required is "3") 
[0.938s] -- Config-file not installed for ZeroMQ -- checking for pkg-config
[0.943s] -- Checking for module 'libzmq >= 4'
[0.955s] --   Found libzmq , version 4.3.4
[0.987s] -- Found ZeroMQ: TRUE (Required is at least version "4") 
[0.991s] -- Checking for module 'uuid'
[1.001s] --   Found uuid, version 2.37.2
[1.030s] -- Found UUID: TRUE  
[1.031s] -- Looking for ignition-msgs5 -- found version 5.8.1
[1.031s] -- Searching for dependencies of ignition-msgs5
[1.048s] -- Looking for ignition-math6 -- found version 6.15.1
[1.051s] -- Checking for module 'tinyxml2'
[1.063s] --   Found tinyxml2, version 9.0.0
[1.092s] -- Looking for ignition-msgs5 -- found version 5.8.1
[1.093s] -- Looking for ignition-common3 -- found version 3.14.0
[1.093s] -- Searching for dependencies of ignition-common3
[1.093s] -- Looking for dlfcn.h - found
[1.094s] -- Looking for libdl - found
[1.095s] -- Found DL: TRUE  
[1.103s] -- Found tinyobjloader: /usr/lib/x86_64-linux-gnu/cmake/tinyobjloader/tinyobjloader-config.cmake (found version "2.0.0") 
[1.104s] -- Searching for <ignition-common3> component [graphics]
[1.105s] -- Looking for ignition-common3-graphics -- found version 3.14.0
[1.105s] -- Searching for dependencies of ignition-common3-graphics
[1.105s] -- Looking for ignition-math6 -- found version 6.15.1
[1.108s] -- Looking for ignition-fuel_tools4 -- found version 4.4.0
[1.109s] -- Searching for dependencies of ignition-fuel_tools4
[1.176s] -- Found CURL: /usr/lib/x86_64-linux-gnu/libcurl.so (found version "7.81.0")  
[1.183s] -- Checking for module 'jsoncpp'
[1.195s] --   Found jsoncpp, version 1.9.5
[1.224s] -- Found JSONCPP: TRUE  
[1.230s] -- Checking for module 'libzip'
[1.241s] --   Found libzip, version 1.7.3
[1.270s] -- Found ZIP: TRUE  
[1.271s] -- Looking for ignition-common3 -- found version 3.14.0
[1.271s] -- Looking for ignition-math6 -- found version 6.15.1
[1.271s] -- Looking for ignition-msgs5 -- found version 5.8.1
[1.274s] -- Gazebo version: 11.10
[1.274s] -- Checking for module 'tbb'
[1.285s] --   Found tbb, version 2021.5.0
[1.316s] -- Found gazebo_ros: 3.9.0 (/opt/ros/humble/share/gazebo_ros/cmake)
[1.344s] -- Found rosidl_generator_c: 3.1.7 (/opt/ros/humble/share/rosidl_generator_c/cmake)
[1.347s] -- Found rosidl_adapter: 3.1.7 (/opt/ros/humble/share/rosidl_adapter/cmake)
[1.353s] -- Found rosidl_generator_cpp: 3.1.7 (/opt/ros/humble/share/rosidl_generator_cpp/cmake)
[1.362s] -- Using all available rosidl_typesupport_c: rosidl_typesupport_fastrtps_c;rosidl_typesupport_introspection_c
[1.375s] -- Using all available rosidl_typesupport_cpp: rosidl_typesupport_fastrtps_cpp;rosidl_typesupport_introspection_cpp
[1.405s] -- Found rmw_implementation_cmake: 6.1.2 (/opt/ros/humble/share/rmw_implementation_cmake/cmake)
[1.408s] -- Found rmw_fastrtps_cpp: 6.2.9 (/opt/ros/humble/share/rmw_fastrtps_cpp/cmake)
[1.481s] -- Found OpenSSL: /usr/lib/x86_64-linux-gnu/libcrypto.so (found version "3.0.2")  
[1.500s] -- Found FastRTPS: /opt/ros/humble/include  
[1.533s] -- Using RMW implementation 'rmw_fastrtps_cpp' as default
[1.540s] -- Found Threads: TRUE  
[1.574s] -- Found geometry_msgs: 4.9.0 (/opt/ros/humble/share/geometry_msgs/cmake)
[1.583s] -- Found gazebo_version_helpers: 0.0.0 (/home/liang/me332_ws/install/gazebo_version_helpers/share/gazebo_version_helpers/cmake)
[1.592s] -- Found Protobuf: /usr/lib/x86_64-linux-gnu/libprotobuf.so (found version "3.12.4") 
[1.642s] -- Configuring done
[1.657s] -- Generating done
[1.661s] -- Build files have been written to: /home/liang/me332_ws/build/gazebo_grasp_plugin
[1.670s] Invoked command in '/home/liang/me332_ws/build/gazebo_grasp_plugin' returned '0': AMENT_PREFIX_PATH=/home/liang/me332_ws/install/gazebo_version_helpers:${AMENT_PREFIX_PATH} CMAKE_PREFIX_PATH=/home/liang/me332_ws/install/gazebo_version_helpers:/opt/ros/humble LD_LIBRARY_PATH=/home/liang/me332_ws/install/gazebo_version_helpers/lib:${LD_LIBRARY_PATH} /usr/bin/cmake /home/liang/me332_ws/src/gazebo-pkgs-humble/gazebo_grasp_plugin -DCMAKE_INSTALL_PREFIX=/home/liang/me332_ws/install/gazebo_grasp_plugin
[1.671s] Invoking command in '/home/liang/me332_ws/build/gazebo_grasp_plugin': AMENT_PREFIX_PATH=/home/liang/me332_ws/install/gazebo_version_helpers:${AMENT_PREFIX_PATH} CMAKE_PREFIX_PATH=/home/liang/me332_ws/install/gazebo_version_helpers:/opt/ros/humble LD_LIBRARY_PATH=/home/liang/me332_ws/install/gazebo_version_helpers/lib:${LD_LIBRARY_PATH} /usr/bin/cmake --build /home/liang/me332_ws/build/gazebo_grasp_plugin -- -j20 -l20
[1.706s] [ 16%] [34m[1mRunning cpp protocol buffer compiler on msgs/grasp_event.proto[0m
[1.731s] [ 33%] [32mBuilding CXX object CMakeFiles/gazebo_grasp_msgs.dir/grasp_event.pb.cc.o[0m
[2.216s] [ 50%] [32m[1mLinking CXX shared library libgazebo_grasp_msgs.so[0m
[2.276s] [34m[1mMoving protobuf headers to msgs directory[0m
[2.294s] [ 50%] Built target gazebo_grasp_msgs
[2.310s] [ 66%] [32mBuilding CXX object CMakeFiles/gazebo_grasp_fix.dir/src/GazeboGraspGripper.cpp.o[0m
[2.312s] [ 83%] [32mBuilding CXX object CMakeFiles/gazebo_grasp_fix.dir/src/GazeboGraspFix.cpp.o[0m
[11.895s] [100%] [32m[1mLinking CXX shared library libgazebo_grasp_fix.so[0m
[12.269s] [100%] Built target gazebo_grasp_fix
[12.277s] Invoked command in '/home/liang/me332_ws/build/gazebo_grasp_plugin' returned '0': AMENT_PREFIX_PATH=/home/liang/me332_ws/install/gazebo_version_helpers:${AMENT_PREFIX_PATH} CMAKE_PREFIX_PATH=/home/liang/me332_ws/install/gazebo_version_helpers:/opt/ros/humble LD_LIBRARY_PATH=/home/liang/me332_ws/install/gazebo_version_helpers/lib:${LD_LIBRARY_PATH} /usr/bin/cmake --build /home/liang/me332_ws/build/gazebo_grasp_plugin -- -j20 -l20
[12.278s] Invoking command in '/home/liang/me332_ws/build/gazebo_grasp_plugin': AMENT_PREFIX_PATH=/home/liang/me332_ws/install/gazebo_version_helpers:${AMENT_PREFIX_PATH} CMAKE_PREFIX_PATH=/home/liang/me332_ws/install/gazebo_version_helpers:/opt/ros/humble LD_LIBRARY_PATH=/home/liang/me332_ws/install/gazebo_version_helpers/lib:${LD_LIBRARY_PATH} /usr/bin/cmake --install /home/liang/me332_ws/build/gazebo_grasp_plugin
[12.285s] -- Install configuration: ""
[12.285s] -- Installing: /home/liang/me332_ws/install/gazebo_grasp_plugin/lib/libgazebo_grasp_fix.so
[12.287s] -- Set runtime path of "/home/liang/me332_ws/install/gazebo_grasp_plugin/lib/libgazebo_grasp_fix.so" to ""
[12.287s] -- Installing: /home/liang/me332_ws/install/gazebo_grasp_plugin/lib/libgazebo_grasp_msgs.so
[12.287s] -- Installing: /home/liang/me332_ws/install/gazebo_grasp_plugin/include
[12.287s] -- Installing: /home/liang/me332_ws/install/gazebo_grasp_plugin/include/gazebo_grasp_plugin
[12.288s] -- Installing: /home/liang/me332_ws/install/gazebo_grasp_plugin/include/gazebo_grasp_plugin/GazeboGraspGripper.h
[12.288s] -- Installing: /home/liang/me332_ws/install/gazebo_grasp_plugin/include/gazebo_grasp_plugin/GazeboGraspFix.h
[12.288s] -- Installing: /home/liang/me332_ws/install/gazebo_grasp_plugin/include/gazebo_grasp_plugin/gazebo_grasp_plugin
[12.288s] -- Installing: /home/liang/me332_ws/install/gazebo_grasp_plugin/include/gazebo_grasp_plugin/gazebo_grasp_plugin/CMakeFiles
[12.288s] -- Installing: /home/liang/me332_ws/install/gazebo_grasp_plugin/include/gazebo_grasp_plugin/gazebo_grasp_plugin/CMakeFiles/CMakeTmp
[12.288s] -- Installing: /home/liang/me332_ws/install/gazebo_grasp_plugin/include/gazebo_grasp_plugin/gazebo_grasp_plugin/CMakeFiles/gazebo_grasp_plugin_uninstall.dir
[12.288s] -- Installing: /home/liang/me332_ws/install/gazebo_grasp_plugin/include/gazebo_grasp_plugin/gazebo_grasp_plugin/CMakeFiles/gazebo_grasp_fix.dir
[12.288s] -- Installing: /home/liang/me332_ws/install/gazebo_grasp_plugin/include/gazebo_grasp_plugin/gazebo_grasp_plugin/CMakeFiles/gazebo_grasp_fix.dir/src
[12.288s] -- Installing: /home/liang/me332_ws/install/gazebo_grasp_plugin/include/gazebo_grasp_plugin/gazebo_grasp_plugin/CMakeFiles/uninstall.dir
[12.288s] -- Installing: /home/liang/me332_ws/install/gazebo_grasp_plugin/include/gazebo_grasp_plugin/gazebo_grasp_plugin/CMakeFiles/3.22.1
[12.288s] -- Installing: /home/liang/me332_ws/install/gazebo_grasp_plugin/include/gazebo_grasp_plugin/gazebo_grasp_plugin/CMakeFiles/3.22.1/CompilerIdCXX
[12.289s] -- Installing: /home/liang/me332_ws/install/gazebo_grasp_plugin/include/gazebo_grasp_plugin/gazebo_grasp_plugin/CMakeFiles/3.22.1/CompilerIdCXX/tmp
[12.289s] -- Installing: /home/liang/me332_ws/install/gazebo_grasp_plugin/include/gazebo_grasp_plugin/gazebo_grasp_plugin/CMakeFiles/3.22.1/CompilerIdC
[12.289s] -- Installing: /home/liang/me332_ws/install/gazebo_grasp_plugin/include/gazebo_grasp_plugin/gazebo_grasp_plugin/CMakeFiles/3.22.1/CompilerIdC/tmp
[12.289s] -- Installing: /home/liang/me332_ws/install/gazebo_grasp_plugin/include/gazebo_grasp_plugin/gazebo_grasp_plugin/CMakeFiles/gazebo_grasp_msgs.dir
[12.289s] -- Installing: /home/liang/me332_ws/install/gazebo_grasp_plugin/include/gazebo_grasp_plugin/gazebo_grasp_plugin/ament_cmake_package_templates
[12.289s] -- Installing: /home/liang/me332_ws/install/gazebo_grasp_plugin/include/gazebo_grasp_plugin/gazebo_grasp_plugin/ament_cmake_export_dependencies
[12.289s] -- Installing: /home/liang/me332_ws/install/gazebo_grasp_plugin/include/gazebo_grasp_plugin/gazebo_grasp_plugin/ament_cmake_export_libraries
[12.289s] -- Installing: /home/liang/me332_ws/install/gazebo_grasp_plugin/include/gazebo_grasp_plugin/gazebo_grasp_plugin/ament_cmake_uninstall_target
[12.289s] -- Installing: /home/liang/me332_ws/install/gazebo_grasp_plugin/include/gazebo_grasp_plugin/gazebo_grasp_plugin/grasp_event.pb.h
[12.289s] -- Installing: /home/liang/me332_ws/install/gazebo_grasp_plugin/include/gazebo_grasp_plugin/gazebo_grasp_plugin/ament_cmake_export_include_directories
[12.289s] -- Installing: /home/liang/me332_ws/install/gazebo_grasp_plugin/include/gazebo_grasp_plugin/gazebo_grasp_plugin/ament_cmake_index
[12.289s] -- Installing: /home/liang/me332_ws/install/gazebo_grasp_plugin/include/gazebo_grasp_plugin/gazebo_grasp_plugin/ament_cmake_index/share
[12.289s] -- Installing: /home/liang/me332_ws/install/gazebo_grasp_plugin/include/gazebo_grasp_plugin/gazebo_grasp_plugin/ament_cmake_index/share/ament_index
[12.290s] -- Installing: /home/liang/me332_ws/install/gazebo_grasp_plugin/include/gazebo_grasp_plugin/gazebo_grasp_plugin/ament_cmake_index/share/ament_index/resource_index
[12.290s] -- Installing: /home/liang/me332_ws/install/gazebo_grasp_plugin/include/gazebo_grasp_plugin/gazebo_grasp_plugin/ament_cmake_index/share/ament_index/resource_index/packages
[12.290s] -- Installing: /home/liang/me332_ws/install/gazebo_grasp_plugin/include/gazebo_grasp_plugin/gazebo_grasp_plugin/ament_cmake_index/share/ament_index/resource_index/package_run_dependencies
[12.290s] -- Installing: /home/liang/me332_ws/install/gazebo_grasp_plugin/include/gazebo_grasp_plugin/gazebo_grasp_plugin/ament_cmake_index/share/ament_index/resource_index/parent_prefix_path
[12.290s] -- Installing: /home/liang/me332_ws/install/gazebo_grasp_plugin/include/gazebo_grasp_plugin/gazebo_grasp_plugin/ament_cmake_environment_hooks
[12.290s] -- Installing: /home/liang/me332_ws/install/gazebo_grasp_plugin/include/gazebo_grasp_plugin/gazebo_grasp_plugin/.cmake
[12.290s] -- Installing: /home/liang/me332_ws/install/gazebo_grasp_plugin/include/gazebo_grasp_plugin/gazebo_grasp_plugin/.cmake/api
[12.290s] -- Installing: /home/liang/me332_ws/install/gazebo_grasp_plugin/include/gazebo_grasp_plugin/gazebo_grasp_plugin/.cmake/api/v1
[12.290s] -- Installing: /home/liang/me332_ws/install/gazebo_grasp_plugin/include/gazebo_grasp_plugin/gazebo_grasp_plugin/.cmake/api/v1/reply
[12.290s] -- Installing: /home/liang/me332_ws/install/gazebo_grasp_plugin/include/gazebo_grasp_plugin/gazebo_grasp_plugin/.cmake/api/v1/query
[12.290s] -- Installing: /home/liang/me332_ws/install/gazebo_grasp_plugin/include/gazebo_grasp_plugin/gazebo_grasp_plugin/.cmake/api/v1/query/client-colcon-cmake
[12.290s] -- Installing: /home/liang/me332_ws/install/gazebo_grasp_plugin/include/gazebo_grasp_plugin/gazebo_grasp_plugin/ament_cmake_core
[12.290s] -- Installing: /home/liang/me332_ws/install/gazebo_grasp_plugin/include/gazebo_grasp_plugin/gazebo_grasp_plugin/ament_cmake_core/stamps
[12.290s] -- Installing: /home/liang/me332_ws/install/gazebo_grasp_plugin/include/gazebo_grasp_plugin/gazebo_grasp_plugin/msgs
[12.290s] -- Installing: /home/liang/me332_ws/install/gazebo_grasp_plugin/include/gazebo_grasp_plugin/gazebo_grasp_plugin/msgs/grasp_event.pb.h
[12.290s] -- Installing: /home/liang/me332_ws/install/gazebo_grasp_plugin/share/gazebo_grasp_plugin/environment/library_path.sh
[12.290s] -- Installing: /home/liang/me332_ws/install/gazebo_grasp_plugin/share/gazebo_grasp_plugin/environment/library_path.dsv
[12.290s] -- Installing: /home/liang/me332_ws/install/gazebo_grasp_plugin/share/ament_index/resource_index/package_run_dependencies/gazebo_grasp_plugin
[12.290s] -- Installing: /home/liang/me332_ws/install/gazebo_grasp_plugin/share/ament_index/resource_index/parent_prefix_path/gazebo_grasp_plugin
[12.290s] -- Installing: /home/liang/me332_ws/install/gazebo_grasp_plugin/share/gazebo_grasp_plugin/environment/ament_prefix_path.sh
[12.290s] -- Installing: /home/liang/me332_ws/install/gazebo_grasp_plugin/share/gazebo_grasp_plugin/environment/ament_prefix_path.dsv
[12.290s] -- Installing: /home/liang/me332_ws/install/gazebo_grasp_plugin/share/gazebo_grasp_plugin/environment/path.sh
[12.290s] -- Installing: /home/liang/me332_ws/install/gazebo_grasp_plugin/share/gazebo_grasp_plugin/environment/path.dsv
[12.290s] -- Installing: /home/liang/me332_ws/install/gazebo_grasp_plugin/share/gazebo_grasp_plugin/local_setup.bash
[12.290s] -- Installing: /home/liang/me332_ws/install/gazebo_grasp_plugin/share/gazebo_grasp_plugin/local_setup.sh
[12.290s] -- Installing: /home/liang/me332_ws/install/gazebo_grasp_plugin/share/gazebo_grasp_plugin/local_setup.zsh
[12.291s] -- Installing: /home/liang/me332_ws/install/gazebo_grasp_plugin/share/gazebo_grasp_plugin/local_setup.dsv
[12.291s] -- Installing: /home/liang/me332_ws/install/gazebo_grasp_plugin/share/gazebo_grasp_plugin/package.dsv
[12.291s] -- Installing: /home/liang/me332_ws/install/gazebo_grasp_plugin/share/ament_index/resource_index/packages/gazebo_grasp_plugin
[12.291s] -- Installing: /home/liang/me332_ws/install/gazebo_grasp_plugin/share/gazebo_grasp_plugin/cmake/ament_cmake_export_include_directories-extras.cmake
[12.291s] -- Installing: /home/liang/me332_ws/install/gazebo_grasp_plugin/share/gazebo_grasp_plugin/cmake/ament_cmake_export_libraries-extras.cmake
[12.291s] -- Installing: /home/liang/me332_ws/install/gazebo_grasp_plugin/share/gazebo_grasp_plugin/cmake/ament_cmake_export_dependencies-extras.cmake
[12.291s] -- Installing: /home/liang/me332_ws/install/gazebo_grasp_plugin/share/gazebo_grasp_plugin/cmake/gazebo_grasp_pluginConfig.cmake
[12.291s] -- Installing: /home/liang/me332_ws/install/gazebo_grasp_plugin/share/gazebo_grasp_plugin/cmake/gazebo_grasp_pluginConfig-version.cmake
[12.291s] -- Installing: /home/liang/me332_ws/install/gazebo_grasp_plugin/share/gazebo_grasp_plugin/package.xml
[12.292s] Invoked command in '/home/liang/me332_ws/build/gazebo_grasp_plugin' returned '0': AMENT_PREFIX_PATH=/home/liang/me332_ws/install/gazebo_version_helpers:${AMENT_PREFIX_PATH} CMAKE_PREFIX_PATH=/home/liang/me332_ws/install/gazebo_version_helpers:/opt/ros/humble LD_LIBRARY_PATH=/home/liang/me332_ws/install/gazebo_version_helpers/lib:${LD_LIBRARY_PATH} /usr/bin/cmake --install /home/liang/me332_ws/build/gazebo_grasp_plugin
